ARM GAS  /tmp/ccPHyUVe.s 			page 1


   1              		.cpu cortex-m7
   2              		.arch armv7e-m
   3              		.fpu fpv5-sp-d16
   4              		.eabi_attribute 27, 1
   5              		.eabi_attribute 28, 1
   6              		.eabi_attribute 20, 1
   7              		.eabi_attribute 21, 1
   8              		.eabi_attribute 23, 3
   9              		.eabi_attribute 24, 1
  10              		.eabi_attribute 25, 1
  11              		.eabi_attribute 26, 1
  12              		.eabi_attribute 30, 1
  13              		.eabi_attribute 34, 1
  14              		.eabi_attribute 18, 4
  15              		.file	"event.c"
  16              		.text
  17              	.Ltext0:
  18              		.cfi_sections	.debug_frame
  19              		.section	.text.Cocktail_getEvent,"ax",%progbits
  20              		.align	1
  21              		.global	Cocktail_getEvent
  22              		.syntax unified
  23              		.thumb
  24              		.thumb_func
  26              	Cocktail_getEvent:
  27              	.LVL0:
  28              	.LFB144:
  29              		.file 1 "fw-lib-stm32-CocktailOS/kernel/core/event.c"
   1:fw-lib-stm32-CocktailOS/kernel/core/event.c **** #include "core/event.h"
   2:fw-lib-stm32-CocktailOS/kernel/core/event.c **** #include "core/sched.h"
   3:fw-lib-stm32-CocktailOS/kernel/core/event.c **** 
   4:fw-lib-stm32-CocktailOS/kernel/core/event.c **** Cocktail_EventTypeDef *
   5:fw-lib-stm32-CocktailOS/kernel/core/event.c **** Cocktail_getEvent(Cocktail_PcbTypeDef *caller)
   6:fw-lib-stm32-CocktailOS/kernel/core/event.c **** {
  30              		.loc 1 6 1 view -0
  31              		.cfi_startproc
  32              		@ args = 0, pretend = 0, frame = 0
  33              		@ frame_needed = 0, uses_anonymous_args = 0
  34              		.loc 1 6 1 is_stmt 0 view .LVU1
  35 0000 10B5     		push	{r4, lr}
  36              	.LCFI0:
  37              		.cfi_def_cfa_offset 8
  38              		.cfi_offset 4, -8
  39              		.cfi_offset 14, -4
  40 0002 0446     		mov	r4, r0
   7:fw-lib-stm32-CocktailOS/kernel/core/event.c ****     if(caller->wait) return caller->wait;
  41              		.loc 1 7 5 is_stmt 1 view .LVU2
  42              		.loc 1 7 14 is_stmt 0 view .LVU3
  43 0004 006A     		ldr	r0, [r0, #32]
  44              	.LVL1:
  45              		.loc 1 7 7 view .LVU4
  46 0006 00B1     		cbz	r0, .L4
  47              	.L1:
   8:fw-lib-stm32-CocktailOS/kernel/core/event.c **** 
   9:fw-lib-stm32-CocktailOS/kernel/core/event.c ****     Cocktail_EventTypeDef *event;
  10:fw-lib-stm32-CocktailOS/kernel/core/event.c **** 
  11:fw-lib-stm32-CocktailOS/kernel/core/event.c ****     event = (Cocktail_EventTypeDef *)malloc(sizeof(Cocktail_EventTypeDef));
ARM GAS  /tmp/ccPHyUVe.s 			page 2


  12:fw-lib-stm32-CocktailOS/kernel/core/event.c ****     event->publisher = caller;
  13:fw-lib-stm32-CocktailOS/kernel/core/event.c ****     _INIT_ENTRY(&event->pcb_list);
  14:fw-lib-stm32-CocktailOS/kernel/core/event.c **** 
  15:fw-lib-stm32-CocktailOS/kernel/core/event.c ****     caller->wait = event;
  16:fw-lib-stm32-CocktailOS/kernel/core/event.c **** 
  17:fw-lib-stm32-CocktailOS/kernel/core/event.c ****     return event;
  18:fw-lib-stm32-CocktailOS/kernel/core/event.c **** }
  48              		.loc 1 18 1 view .LVU5
  49 0008 10BD     		pop	{r4, pc}
  50              	.LVL2:
  51              	.L4:
   9:fw-lib-stm32-CocktailOS/kernel/core/event.c **** 
  52              		.loc 1 9 5 is_stmt 1 view .LVU6
  11:fw-lib-stm32-CocktailOS/kernel/core/event.c ****     event->publisher = caller;
  53              		.loc 1 11 5 view .LVU7
  11:fw-lib-stm32-CocktailOS/kernel/core/event.c ****     event->publisher = caller;
  54              		.loc 1 11 38 is_stmt 0 view .LVU8
  55 000a 0C20     		movs	r0, #12
  56 000c FFF7FEFF 		bl	malloc
  57              	.LVL3:
  12:fw-lib-stm32-CocktailOS/kernel/core/event.c ****     _INIT_ENTRY(&event->pcb_list);
  58              		.loc 1 12 5 is_stmt 1 view .LVU9
  12:fw-lib-stm32-CocktailOS/kernel/core/event.c ****     _INIT_ENTRY(&event->pcb_list);
  59              		.loc 1 12 22 is_stmt 0 view .LVU10
  60 0010 0460     		str	r4, [r0]
  13:fw-lib-stm32-CocktailOS/kernel/core/event.c **** 
  61              		.loc 1 13 5 is_stmt 1 view .LVU11
  13:fw-lib-stm32-CocktailOS/kernel/core/event.c **** 
  62              		.loc 1 13 5 view .LVU12
  63 0012 0346     		mov	r3, r0
  64 0014 0022     		movs	r2, #0
  65 0016 43F8042F 		str	r2, [r3, #4]!
  13:fw-lib-stm32-CocktailOS/kernel/core/event.c **** 
  66              		.loc 1 13 5 view .LVU13
  67 001a 8360     		str	r3, [r0, #8]
  13:fw-lib-stm32-CocktailOS/kernel/core/event.c **** 
  68              		.loc 1 13 5 view .LVU14
  15:fw-lib-stm32-CocktailOS/kernel/core/event.c **** 
  69              		.loc 1 15 5 view .LVU15
  15:fw-lib-stm32-CocktailOS/kernel/core/event.c **** 
  70              		.loc 1 15 18 is_stmt 0 view .LVU16
  71 001c 2062     		str	r0, [r4, #32]
  17:fw-lib-stm32-CocktailOS/kernel/core/event.c **** }
  72              		.loc 1 17 5 is_stmt 1 view .LVU17
  17:fw-lib-stm32-CocktailOS/kernel/core/event.c **** }
  73              		.loc 1 17 12 is_stmt 0 view .LVU18
  74 001e F3E7     		b	.L1
  75              		.cfi_endproc
  76              	.LFE144:
  78              		.section	.text.Cocktail_addEvent,"ax",%progbits
  79              		.align	1
  80              		.global	Cocktail_addEvent
  81              		.syntax unified
  82              		.thumb
  83              		.thumb_func
  85              	Cocktail_addEvent:
  86              	.LVL4:
ARM GAS  /tmp/ccPHyUVe.s 			page 3


  87              	.LFB145:
  19:fw-lib-stm32-CocktailOS/kernel/core/event.c **** 
  20:fw-lib-stm32-CocktailOS/kernel/core/event.c **** void
  21:fw-lib-stm32-CocktailOS/kernel/core/event.c **** Cocktail_addEvent(Cocktail_EventTypeDef *event, Cocktail_PcbTypeDef *child)
  22:fw-lib-stm32-CocktailOS/kernel/core/event.c **** {
  88              		.loc 1 22 1 is_stmt 1 view -0
  89              		.cfi_startproc
  90              		@ args = 0, pretend = 0, frame = 0
  91              		@ frame_needed = 0, uses_anonymous_args = 0
  23:fw-lib-stm32-CocktailOS/kernel/core/event.c ****     if(!child) return;
  92              		.loc 1 23 5 view .LVU20
  93              		.loc 1 23 7 is_stmt 0 view .LVU21
  94 0000 69B1     		cbz	r1, .L8
  22:fw-lib-stm32-CocktailOS/kernel/core/event.c ****     if(!child) return;
  95              		.loc 1 22 1 view .LVU22
  96 0002 08B5     		push	{r3, lr}
  97              	.LCFI1:
  98              		.cfi_def_cfa_offset 8
  99              		.cfi_offset 3, -8
 100              		.cfi_offset 14, -4
 101 0004 0346     		mov	r3, r0
 102 0006 0846     		mov	r0, r1
 103              	.LVL5:
  24:fw-lib-stm32-CocktailOS/kernel/core/event.c **** 
  25:fw-lib-stm32-CocktailOS/kernel/core/event.c ****     _REGISTER_PROCESS(event, child);
 104              		.loc 1 25 5 is_stmt 1 view .LVU23
 105              	.LBB2:
 106              		.loc 1 25 5 view .LVU24
 107              		.loc 1 25 5 view .LVU25
 108              		.loc 1 25 5 view .LVU26
 109 0008 0022     		movs	r2, #0
 110 000a 8A61     		str	r2, [r1, #24]
 111              		.loc 1 25 5 view .LVU27
 112 000c 9A68     		ldr	r2, [r3, #8]
 113 000e 1160     		str	r1, [r2]
 114              		.loc 1 25 5 view .LVU28
 115 0010 01F11802 		add	r2, r1, #24
 116 0014 9A60     		str	r2, [r3, #8]
 117              		.loc 1 25 5 view .LVU29
 118              	.LBE2:
 119              		.loc 1 25 5 view .LVU30
  26:fw-lib-stm32-CocktailOS/kernel/core/event.c ****     child->caller = event;
 120              		.loc 1 26 5 view .LVU31
 121              		.loc 1 26 19 is_stmt 0 view .LVU32
 122 0016 CB61     		str	r3, [r1, #28]
  27:fw-lib-stm32-CocktailOS/kernel/core/event.c ****     SCHEDULE(child);
 123              		.loc 1 27 5 is_stmt 1 view .LVU33
 124 0018 FFF7FEFF 		bl	Cocktail_Schedule
 125              	.LVL6:
  28:fw-lib-stm32-CocktailOS/kernel/core/event.c **** }
 126              		.loc 1 28 1 is_stmt 0 view .LVU34
 127 001c 08BD     		pop	{r3, pc}
 128              	.LVL7:
 129              	.L8:
 130              	.LCFI2:
 131              		.cfi_def_cfa_offset 0
 132              		.cfi_restore 3
ARM GAS  /tmp/ccPHyUVe.s 			page 4


 133              		.cfi_restore 14
 134              		.loc 1 28 1 view .LVU35
 135 001e 7047     		bx	lr
 136              		.cfi_endproc
 137              	.LFE145:
 139              		.section	.text.Cocktail_hasEvent,"ax",%progbits
 140              		.align	1
 141              		.global	Cocktail_hasEvent
 142              		.syntax unified
 143              		.thumb
 144              		.thumb_func
 146              	Cocktail_hasEvent:
 147              	.LVL8:
 148              	.LFB146:
  29:fw-lib-stm32-CocktailOS/kernel/core/event.c **** 
  30:fw-lib-stm32-CocktailOS/kernel/core/event.c **** bool
  31:fw-lib-stm32-CocktailOS/kernel/core/event.c **** Cocktail_hasEvent(Cocktail_PcbTypeDef *pcb)
  32:fw-lib-stm32-CocktailOS/kernel/core/event.c **** {
 149              		.loc 1 32 1 is_stmt 1 view -0
 150              		.cfi_startproc
 151              		@ args = 0, pretend = 0, frame = 0
 152              		@ frame_needed = 0, uses_anonymous_args = 0
 153              		.loc 1 32 1 is_stmt 0 view .LVU37
 154 0000 10B5     		push	{r4, lr}
 155              	.LCFI3:
 156              		.cfi_def_cfa_offset 8
 157              		.cfi_offset 4, -8
 158              		.cfi_offset 14, -4
 159 0002 0446     		mov	r4, r0
  33:fw-lib-stm32-CocktailOS/kernel/core/event.c ****     if(pcb->wait == NULL) return false;
 160              		.loc 1 33 5 is_stmt 1 view .LVU38
 161              		.loc 1 33 11 is_stmt 0 view .LVU39
 162 0004 006A     		ldr	r0, [r0, #32]
 163              	.LVL9:
 164              		.loc 1 33 7 view .LVU40
 165 0006 40B1     		cbz	r0, .L13
  34:fw-lib-stm32-CocktailOS/kernel/core/event.c ****     if(!NO_ENTRY(&pcb->wait->pcb_list)) return true;
 166              		.loc 1 34 5 is_stmt 1 view .LVU41
 167              		.loc 1 34 9 is_stmt 0 view .LVU42
 168 0008 4368     		ldr	r3, [r0, #4]
 169              		.loc 1 34 7 view .LVU43
 170 000a 0BB1     		cbz	r3, .L16
 171              		.loc 1 34 48 view .LVU44
 172 000c 0120     		movs	r0, #1
 173              	.L12:
  35:fw-lib-stm32-CocktailOS/kernel/core/event.c **** 
  36:fw-lib-stm32-CocktailOS/kernel/core/event.c ****     _CLEAR_EVENT(pcb);
  37:fw-lib-stm32-CocktailOS/kernel/core/event.c ****     return false;
  38:fw-lib-stm32-CocktailOS/kernel/core/event.c **** }
 174              		.loc 1 38 1 view .LVU45
 175 000e 10BD     		pop	{r4, pc}
 176              	.LVL10:
 177              	.L16:
  36:fw-lib-stm32-CocktailOS/kernel/core/event.c ****     return false;
 178              		.loc 1 36 5 is_stmt 1 view .LVU46
  36:fw-lib-stm32-CocktailOS/kernel/core/event.c ****     return false;
 179              		.loc 1 36 5 view .LVU47
ARM GAS  /tmp/ccPHyUVe.s 			page 5


 180 0010 FFF7FEFF 		bl	free
 181              	.LVL11:
  36:fw-lib-stm32-CocktailOS/kernel/core/event.c ****     return false;
 182              		.loc 1 36 5 view .LVU48
 183 0014 0020     		movs	r0, #0
 184 0016 2062     		str	r0, [r4, #32]
  36:fw-lib-stm32-CocktailOS/kernel/core/event.c ****     return false;
 185              		.loc 1 36 5 view .LVU49
  37:fw-lib-stm32-CocktailOS/kernel/core/event.c **** }
 186              		.loc 1 37 5 view .LVU50
  37:fw-lib-stm32-CocktailOS/kernel/core/event.c **** }
 187              		.loc 1 37 12 is_stmt 0 view .LVU51
 188 0018 F9E7     		b	.L12
 189              	.L13:
  33:fw-lib-stm32-CocktailOS/kernel/core/event.c ****     if(!NO_ENTRY(&pcb->wait->pcb_list)) return true;
 190              		.loc 1 33 34 view .LVU52
 191 001a 0020     		movs	r0, #0
 192 001c F7E7     		b	.L12
 193              		.cfi_endproc
 194              	.LFE146:
 196              		.section	.text.Cocktail_lock,"ax",%progbits
 197              		.align	1
 198              		.global	Cocktail_lock
 199              		.syntax unified
 200              		.thumb
 201              		.thumb_func
 203              	Cocktail_lock:
 204              	.LVL12:
 205              	.LFB147:
  39:fw-lib-stm32-CocktailOS/kernel/core/event.c **** 
  40:fw-lib-stm32-CocktailOS/kernel/core/event.c **** /*
  41:fw-lib-stm32-CocktailOS/kernel/core/event.c ****  * @brief Add dummy event to caller process. The caller process is suspended
  42:fw-lib-stm32-CocktailOS/kernel/core/event.c ****  * until the dummy process is scheduled.
  43:fw-lib-stm32-CocktailOS/kernel/core/event.c ****  */
  44:fw-lib-stm32-CocktailOS/kernel/core/event.c **** Cocktail_pLockTypeDef *
  45:fw-lib-stm32-CocktailOS/kernel/core/event.c **** Cocktail_lock(Cocktail_PcbTypeDef *caller)
  46:fw-lib-stm32-CocktailOS/kernel/core/event.c **** {
 206              		.loc 1 46 1 is_stmt 1 view -0
 207              		.cfi_startproc
 208              		@ args = 0, pretend = 0, frame = 0
 209              		@ frame_needed = 0, uses_anonymous_args = 0
 210              		.loc 1 46 1 is_stmt 0 view .LVU54
 211 0000 10B5     		push	{r4, lr}
 212              	.LCFI4:
 213              		.cfi_def_cfa_offset 8
 214              		.cfi_offset 4, -8
 215              		.cfi_offset 14, -4
  47:fw-lib-stm32-CocktailOS/kernel/core/event.c ****     Cocktail_PcbTypeDef   *lock;
 216              		.loc 1 47 5 is_stmt 1 view .LVU55
  48:fw-lib-stm32-CocktailOS/kernel/core/event.c ****     Cocktail_EventTypeDef *event;
 217              		.loc 1 48 5 view .LVU56
  49:fw-lib-stm32-CocktailOS/kernel/core/event.c **** 
  50:fw-lib-stm32-CocktailOS/kernel/core/event.c ****     event = Cocktail_getEvent(caller);
 218              		.loc 1 50 5 view .LVU57
 219              		.loc 1 50 13 is_stmt 0 view .LVU58
 220 0002 FFF7FEFF 		bl	Cocktail_getEvent
 221              	.LVL13:
ARM GAS  /tmp/ccPHyUVe.s 			page 6


 222              		.loc 1 50 13 view .LVU59
 223 0006 0446     		mov	r4, r0
 224              	.LVL14:
  51:fw-lib-stm32-CocktailOS/kernel/core/event.c ****     INIT_PROCESS(lock);
 225              		.loc 1 51 5 is_stmt 1 view .LVU60
 226              		.loc 1 51 5 view .LVU61
 227 0008 2820     		movs	r0, #40
 228              	.LVL15:
 229              		.loc 1 51 5 is_stmt 0 view .LVU62
 230 000a FFF7FEFF 		bl	malloc
 231              	.LVL16:
 232              		.loc 1 51 5 is_stmt 1 view .LVU63
 233              		.loc 1 51 5 view .LVU64
 234 000e 0022     		movs	r2, #0
 235 0010 0146     		mov	r1, r0
 236 0012 41F80C2F 		str	r2, [r1, #12]!
 237              		.loc 1 51 5 view .LVU65
 238 0016 0161     		str	r1, [r0, #16]
 239              		.loc 1 51 5 view .LVU66
 240              		.loc 1 51 5 view .LVU67
 241 0018 C261     		str	r2, [r0, #28]
 242              		.loc 1 51 5 view .LVU68
 243 001a 0262     		str	r2, [r0, #32]
 244              		.loc 1 51 5 view .LVU69
 245 001c 80F82420 		strb	r2, [r0, #36]
 246              		.loc 1 51 5 view .LVU70
  52:fw-lib-stm32-CocktailOS/kernel/core/event.c ****     _REGISTER_PROCESS(event, lock);
 247              		.loc 1 52 5 view .LVU71
 248              	.LBB3:
 249              		.loc 1 52 5 view .LVU72
 250              	.LVL17:
 251              		.loc 1 52 5 view .LVU73
 252              		.loc 1 52 5 view .LVU74
 253 0020 8261     		str	r2, [r0, #24]
 254              		.loc 1 52 5 view .LVU75
 255 0022 A268     		ldr	r2, [r4, #8]
 256 0024 1060     		str	r0, [r2]
 257              		.loc 1 52 5 view .LVU76
 258 0026 00F11802 		add	r2, r0, #24
 259 002a A260     		str	r2, [r4, #8]
 260              		.loc 1 52 5 view .LVU77
 261              	.LBE3:
 262              		.loc 1 52 5 view .LVU78
  53:fw-lib-stm32-CocktailOS/kernel/core/event.c ****     lock->caller = event;
 263              		.loc 1 53 5 view .LVU79
 264              		.loc 1 53 18 is_stmt 0 view .LVU80
 265 002c C461     		str	r4, [r0, #28]
  54:fw-lib-stm32-CocktailOS/kernel/core/event.c ****     lock->dummy  = true;
 266              		.loc 1 54 5 is_stmt 1 view .LVU81
 267              		.loc 1 54 18 is_stmt 0 view .LVU82
 268 002e 0122     		movs	r2, #1
 269 0030 80F82420 		strb	r2, [r0, #36]
  55:fw-lib-stm32-CocktailOS/kernel/core/event.c **** 
  56:fw-lib-stm32-CocktailOS/kernel/core/event.c ****     TRACE(LOG_DEBUG, "EVENT | p(%p) created new lock(%p)", caller, lock);
 270              		.loc 1 56 5 is_stmt 1 view .LVU83
 271              		.loc 1 56 5 view .LVU84
 272              		.loc 1 56 5 view .LVU85
ARM GAS  /tmp/ccPHyUVe.s 			page 7


 273              		.loc 1 56 5 view .LVU86
 274              		.loc 1 56 5 view .LVU87
  57:fw-lib-stm32-CocktailOS/kernel/core/event.c **** 
  58:fw-lib-stm32-CocktailOS/kernel/core/event.c ****     return lock;
 275              		.loc 1 58 5 view .LVU88
  59:fw-lib-stm32-CocktailOS/kernel/core/event.c **** }
 276              		.loc 1 59 1 is_stmt 0 view .LVU89
 277 0034 10BD     		pop	{r4, pc}
 278              		.loc 1 59 1 view .LVU90
 279              		.cfi_endproc
 280              	.LFE147:
 282              		.section	.text.Cocktail_unlock_unsafe,"ax",%progbits
 283              		.align	1
 284              		.global	Cocktail_unlock_unsafe
 285              		.syntax unified
 286              		.thumb
 287              		.thumb_func
 289              	Cocktail_unlock_unsafe:
 290              	.LVL18:
 291              	.LFB148:
  60:fw-lib-stm32-CocktailOS/kernel/core/event.c **** 
  61:fw-lib-stm32-CocktailOS/kernel/core/event.c **** /* This is not Interrupt-Safe. Do not call this in interrupt. */
  62:fw-lib-stm32-CocktailOS/kernel/core/event.c **** void
  63:fw-lib-stm32-CocktailOS/kernel/core/event.c **** Cocktail_unlock_unsafe(Cocktail_pLockTypeDef *lock)
  64:fw-lib-stm32-CocktailOS/kernel/core/event.c **** {
 292              		.loc 1 64 1 is_stmt 1 view -0
 293              		.cfi_startproc
 294              		@ args = 0, pretend = 0, frame = 0
 295              		@ frame_needed = 0, uses_anonymous_args = 0
 296              		.loc 1 64 1 is_stmt 0 view .LVU92
 297 0000 08B5     		push	{r3, lr}
 298              	.LCFI5:
 299              		.cfi_def_cfa_offset 8
 300              		.cfi_offset 3, -8
 301              		.cfi_offset 14, -4
  65:fw-lib-stm32-CocktailOS/kernel/core/event.c ****     SCHEDULE(lock);
 302              		.loc 1 65 5 is_stmt 1 view .LVU93
 303 0002 FFF7FEFF 		bl	Cocktail_Schedule
 304              	.LVL19:
  66:fw-lib-stm32-CocktailOS/kernel/core/event.c **** }
 305              		.loc 1 66 1 is_stmt 0 view .LVU94
 306 0006 08BD     		pop	{r3, pc}
 307              		.cfi_endproc
 308              	.LFE148:
 310              		.section	.text.Cocktail_unlock_safe,"ax",%progbits
 311              		.align	1
 312              		.global	Cocktail_unlock_safe
 313              		.syntax unified
 314              		.thumb
 315              		.thumb_func
 317              	Cocktail_unlock_safe:
 318              	.LVL20:
 319              	.LFB149:
  67:fw-lib-stm32-CocktailOS/kernel/core/event.c **** 
  68:fw-lib-stm32-CocktailOS/kernel/core/event.c **** /* This is Interrupt-Safe. The lock is not released until
  69:fw-lib-stm32-CocktailOS/kernel/core/event.c ****  * Cocktail_unlock_unsafe() is called. */
  70:fw-lib-stm32-CocktailOS/kernel/core/event.c **** void
ARM GAS  /tmp/ccPHyUVe.s 			page 8


  71:fw-lib-stm32-CocktailOS/kernel/core/event.c **** Cocktail_unlock_safe(Cocktail_pLockTypeDef *lock)
  72:fw-lib-stm32-CocktailOS/kernel/core/event.c **** {
 320              		.loc 1 72 1 is_stmt 1 view -0
 321              		.cfi_startproc
 322              		@ args = 0, pretend = 0, frame = 0
 323              		@ frame_needed = 0, uses_anonymous_args = 0
 324              		@ link register save eliminated.
  73:fw-lib-stm32-CocktailOS/kernel/core/event.c ****     lock->dummy = false;
 325              		.loc 1 73 5 view .LVU96
 326              		.loc 1 73 17 is_stmt 0 view .LVU97
 327 0000 0023     		movs	r3, #0
 328 0002 80F82430 		strb	r3, [r0, #36]
  74:fw-lib-stm32-CocktailOS/kernel/core/event.c **** }
 329              		.loc 1 74 1 view .LVU98
 330 0006 7047     		bx	lr
 331              		.cfi_endproc
 332              	.LFE149:
 334              		.section	.text.Cocktail_isLocked,"ax",%progbits
 335              		.align	1
 336              		.global	Cocktail_isLocked
 337              		.syntax unified
 338              		.thumb
 339              		.thumb_func
 341              	Cocktail_isLocked:
 342              	.LVL21:
 343              	.LFB150:
  75:fw-lib-stm32-CocktailOS/kernel/core/event.c **** 
  76:fw-lib-stm32-CocktailOS/kernel/core/event.c **** bool
  77:fw-lib-stm32-CocktailOS/kernel/core/event.c **** Cocktail_isLocked(Cocktail_pLockTypeDef *lock)
  78:fw-lib-stm32-CocktailOS/kernel/core/event.c **** {
 344              		.loc 1 78 1 is_stmt 1 view -0
 345              		.cfi_startproc
 346              		@ args = 0, pretend = 0, frame = 0
 347              		@ frame_needed = 0, uses_anonymous_args = 0
 348              		@ link register save eliminated.
  79:fw-lib-stm32-CocktailOS/kernel/core/event.c ****     return lock->dummy;
 349              		.loc 1 79 5 view .LVU100
  80:fw-lib-stm32-CocktailOS/kernel/core/event.c **** }
 350              		.loc 1 80 1 is_stmt 0 view .LVU101
 351 0000 90F82400 		ldrb	r0, [r0, #36]	@ zero_extendqisi2
 352              	.LVL22:
 353              		.loc 1 80 1 view .LVU102
 354 0004 7047     		bx	lr
 355              		.cfi_endproc
 356              	.LFE150:
 358              		.text
 359              	.Letext0:
 360              		.file 2 "/usr/share/gcc-arm-none-eabi-10.3-2021.10/arm-none-eabi/include/machine/_default_types.h"
 361              		.file 3 "/usr/share/gcc-arm-none-eabi-10.3-2021.10/arm-none-eabi/include/sys/_stdint.h"
 362              		.file 4 "fw-lib-stm32-CocktailOS/kernel/core/task.h"
 363              		.file 5 "fw-lib-stm32-CocktailOS/kernel/core/pcb.h"
 364              		.file 6 "fw-lib-stm32-CocktailOS/kernel/core/event.h"
 365              		.file 7 "fw-lib-stm32-CocktailOS/kernel/core/sched.h"
 366              		.file 8 "/usr/share/gcc-arm-none-eabi-10.3-2021.10/arm-none-eabi/include/stdlib.h"
 367              		.file 9 "fw-lib-stm32-CocktailOS/kernel/core/debug.h"
ARM GAS  /tmp/ccPHyUVe.s 			page 9


DEFINED SYMBOLS
                            *ABS*:0000000000000000 event.c
     /tmp/ccPHyUVe.s:20     .text.Cocktail_getEvent:0000000000000000 $t
     /tmp/ccPHyUVe.s:26     .text.Cocktail_getEvent:0000000000000000 Cocktail_getEvent
     /tmp/ccPHyUVe.s:79     .text.Cocktail_addEvent:0000000000000000 $t
     /tmp/ccPHyUVe.s:85     .text.Cocktail_addEvent:0000000000000000 Cocktail_addEvent
     /tmp/ccPHyUVe.s:140    .text.Cocktail_hasEvent:0000000000000000 $t
     /tmp/ccPHyUVe.s:146    .text.Cocktail_hasEvent:0000000000000000 Cocktail_hasEvent
     /tmp/ccPHyUVe.s:197    .text.Cocktail_lock:0000000000000000 $t
     /tmp/ccPHyUVe.s:203    .text.Cocktail_lock:0000000000000000 Cocktail_lock
     /tmp/ccPHyUVe.s:283    .text.Cocktail_unlock_unsafe:0000000000000000 $t
     /tmp/ccPHyUVe.s:289    .text.Cocktail_unlock_unsafe:0000000000000000 Cocktail_unlock_unsafe
     /tmp/ccPHyUVe.s:311    .text.Cocktail_unlock_safe:0000000000000000 $t
     /tmp/ccPHyUVe.s:317    .text.Cocktail_unlock_safe:0000000000000000 Cocktail_unlock_safe
     /tmp/ccPHyUVe.s:335    .text.Cocktail_isLocked:0000000000000000 $t
     /tmp/ccPHyUVe.s:341    .text.Cocktail_isLocked:0000000000000000 Cocktail_isLocked

UNDEFINED SYMBOLS
malloc
Cocktail_Schedule
free
