ARM GAS  /tmp/cc6XC4AY.s 			page 1


   1              		.cpu cortex-m7
   2              		.arch armv7e-m
   3              		.fpu fpv5-sp-d16
   4              		.eabi_attribute 27, 1
   5              		.eabi_attribute 28, 1
   6              		.eabi_attribute 20, 1
   7              		.eabi_attribute 21, 1
   8              		.eabi_attribute 23, 3
   9              		.eabi_attribute 24, 1
  10              		.eabi_attribute 25, 1
  11              		.eabi_attribute 26, 1
  12              		.eabi_attribute 30, 1
  13              		.eabi_attribute 34, 1
  14              		.eabi_attribute 18, 4
  15              		.file	"gpio.c"
  16              		.text
  17              	.Ltext0:
  18              		.cfi_sections	.debug_frame
  19              		.section	.text.MX_GPIO_Init,"ax",%progbits
  20              		.align	1
  21              		.global	MX_GPIO_Init
  22              		.syntax unified
  23              		.thumb
  24              		.thumb_func
  26              	MX_GPIO_Init:
  27              	.LFB141:
  28              		.file 1 "Core/Src/gpio.c"
   1:Core/Src/gpio.c **** /* USER CODE BEGIN Header */
   2:Core/Src/gpio.c **** /**
   3:Core/Src/gpio.c ****   ******************************************************************************
   4:Core/Src/gpio.c ****   * @file    gpio.c
   5:Core/Src/gpio.c ****   * @brief   This file provides code for the configuration
   6:Core/Src/gpio.c ****   *          of all used GPIO pins.
   7:Core/Src/gpio.c ****   ******************************************************************************
   8:Core/Src/gpio.c ****   * @attention
   9:Core/Src/gpio.c ****   *
  10:Core/Src/gpio.c ****   * Copyright (c) 2022 STMicroelectronics.
  11:Core/Src/gpio.c ****   * All rights reserved.
  12:Core/Src/gpio.c ****   *
  13:Core/Src/gpio.c ****   * This software is licensed under terms that can be found in the LICENSE file
  14:Core/Src/gpio.c ****   * in the root directory of this software component.
  15:Core/Src/gpio.c ****   * If no LICENSE file comes with this software, it is provided AS-IS.
  16:Core/Src/gpio.c ****   *
  17:Core/Src/gpio.c ****   ******************************************************************************
  18:Core/Src/gpio.c ****   */
  19:Core/Src/gpio.c **** /* USER CODE END Header */
  20:Core/Src/gpio.c **** 
  21:Core/Src/gpio.c **** /* Includes ------------------------------------------------------------------*/
  22:Core/Src/gpio.c **** #include "gpio.h"
  23:Core/Src/gpio.c **** 
  24:Core/Src/gpio.c **** /* USER CODE BEGIN 0 */
  25:Core/Src/gpio.c **** 
  26:Core/Src/gpio.c **** /* USER CODE END 0 */
  27:Core/Src/gpio.c **** 
  28:Core/Src/gpio.c **** /*----------------------------------------------------------------------------*/
  29:Core/Src/gpio.c **** /* Configure GPIO                                                             */
  30:Core/Src/gpio.c **** /*----------------------------------------------------------------------------*/
ARM GAS  /tmp/cc6XC4AY.s 			page 2


  31:Core/Src/gpio.c **** /* USER CODE BEGIN 1 */
  32:Core/Src/gpio.c **** 
  33:Core/Src/gpio.c **** /* USER CODE END 1 */
  34:Core/Src/gpio.c **** 
  35:Core/Src/gpio.c **** /** Configure pins as
  36:Core/Src/gpio.c ****         * Analog
  37:Core/Src/gpio.c ****         * Input
  38:Core/Src/gpio.c ****         * Output
  39:Core/Src/gpio.c ****         * EVENT_OUT
  40:Core/Src/gpio.c ****         * EXTI
  41:Core/Src/gpio.c ****      PC1   ------> ETH_MDC
  42:Core/Src/gpio.c ****      PA1   ------> ETH_REF_CLK
  43:Core/Src/gpio.c ****      PA2   ------> ETH_MDIO
  44:Core/Src/gpio.c ****      PA7   ------> ETH_CRS_DV
  45:Core/Src/gpio.c ****      PC4   ------> ETH_RXD0
  46:Core/Src/gpio.c ****      PC5   ------> ETH_RXD1
  47:Core/Src/gpio.c ****      PB13   ------> ETH_TXD1
  48:Core/Src/gpio.c ****      PG11   ------> ETH_TX_EN
  49:Core/Src/gpio.c ****      PG13   ------> ETH_TXD0
  50:Core/Src/gpio.c **** */
  51:Core/Src/gpio.c **** void MX_GPIO_Init(void)
  52:Core/Src/gpio.c **** {
  29              		.loc 1 52 1 view -0
  30              		.cfi_startproc
  31              		@ args = 0, pretend = 0, frame = 48
  32              		@ frame_needed = 0, uses_anonymous_args = 0
  33 0000 2DE9F04F 		push	{r4, r5, r6, r7, r8, r9, r10, fp, lr}
  34              	.LCFI0:
  35              		.cfi_def_cfa_offset 36
  36              		.cfi_offset 4, -36
  37              		.cfi_offset 5, -32
  38              		.cfi_offset 6, -28
  39              		.cfi_offset 7, -24
  40              		.cfi_offset 8, -20
  41              		.cfi_offset 9, -16
  42              		.cfi_offset 10, -12
  43              		.cfi_offset 11, -8
  44              		.cfi_offset 14, -4
  45 0004 8DB0     		sub	sp, sp, #52
  46              	.LCFI1:
  47              		.cfi_def_cfa_offset 88
  53:Core/Src/gpio.c **** 
  54:Core/Src/gpio.c ****   GPIO_InitTypeDef GPIO_InitStruct = {0};
  48              		.loc 1 54 3 view .LVU1
  49              		.loc 1 54 20 is_stmt 0 view .LVU2
  50 0006 0024     		movs	r4, #0
  51 0008 0794     		str	r4, [sp, #28]
  52 000a 0894     		str	r4, [sp, #32]
  53 000c 0994     		str	r4, [sp, #36]
  54 000e 0A94     		str	r4, [sp, #40]
  55 0010 0B94     		str	r4, [sp, #44]
  55:Core/Src/gpio.c **** 
  56:Core/Src/gpio.c ****   /* GPIO Ports Clock Enable */
  57:Core/Src/gpio.c ****   __HAL_RCC_GPIOC_CLK_ENABLE();
  56              		.loc 1 57 3 is_stmt 1 view .LVU3
  57              	.LBB2:
  58              		.loc 1 57 3 view .LVU4
ARM GAS  /tmp/cc6XC4AY.s 			page 3


  59              		.loc 1 57 3 view .LVU5
  60 0012 6A4B     		ldr	r3, .L3
  61 0014 1A6B     		ldr	r2, [r3, #48]
  62 0016 42F00402 		orr	r2, r2, #4
  63 001a 1A63     		str	r2, [r3, #48]
  64              		.loc 1 57 3 view .LVU6
  65 001c 1A6B     		ldr	r2, [r3, #48]
  66 001e 02F00402 		and	r2, r2, #4
  67 0022 0092     		str	r2, [sp]
  68              		.loc 1 57 3 view .LVU7
  69 0024 009A     		ldr	r2, [sp]
  70              	.LBE2:
  71              		.loc 1 57 3 view .LVU8
  58:Core/Src/gpio.c ****   __HAL_RCC_GPIOF_CLK_ENABLE();
  72              		.loc 1 58 3 view .LVU9
  73              	.LBB3:
  74              		.loc 1 58 3 view .LVU10
  75              		.loc 1 58 3 view .LVU11
  76 0026 1A6B     		ldr	r2, [r3, #48]
  77 0028 42F02002 		orr	r2, r2, #32
  78 002c 1A63     		str	r2, [r3, #48]
  79              		.loc 1 58 3 view .LVU12
  80 002e 1A6B     		ldr	r2, [r3, #48]
  81 0030 02F02002 		and	r2, r2, #32
  82 0034 0192     		str	r2, [sp, #4]
  83              		.loc 1 58 3 view .LVU13
  84 0036 019A     		ldr	r2, [sp, #4]
  85              	.LBE3:
  86              		.loc 1 58 3 view .LVU14
  59:Core/Src/gpio.c ****   __HAL_RCC_GPIOH_CLK_ENABLE();
  87              		.loc 1 59 3 view .LVU15
  88              	.LBB4:
  89              		.loc 1 59 3 view .LVU16
  90              		.loc 1 59 3 view .LVU17
  91 0038 1A6B     		ldr	r2, [r3, #48]
  92 003a 42F08002 		orr	r2, r2, #128
  93 003e 1A63     		str	r2, [r3, #48]
  94              		.loc 1 59 3 view .LVU18
  95 0040 1A6B     		ldr	r2, [r3, #48]
  96 0042 02F08002 		and	r2, r2, #128
  97 0046 0292     		str	r2, [sp, #8]
  98              		.loc 1 59 3 view .LVU19
  99 0048 029A     		ldr	r2, [sp, #8]
 100              	.LBE4:
 101              		.loc 1 59 3 view .LVU20
  60:Core/Src/gpio.c ****   __HAL_RCC_GPIOA_CLK_ENABLE();
 102              		.loc 1 60 3 view .LVU21
 103              	.LBB5:
 104              		.loc 1 60 3 view .LVU22
 105              		.loc 1 60 3 view .LVU23
 106 004a 1A6B     		ldr	r2, [r3, #48]
 107 004c 42F00102 		orr	r2, r2, #1
 108 0050 1A63     		str	r2, [r3, #48]
 109              		.loc 1 60 3 view .LVU24
 110 0052 1A6B     		ldr	r2, [r3, #48]
 111 0054 02F00102 		and	r2, r2, #1
 112 0058 0392     		str	r2, [sp, #12]
ARM GAS  /tmp/cc6XC4AY.s 			page 4


 113              		.loc 1 60 3 view .LVU25
 114 005a 039A     		ldr	r2, [sp, #12]
 115              	.LBE5:
 116              		.loc 1 60 3 view .LVU26
  61:Core/Src/gpio.c ****   __HAL_RCC_GPIOB_CLK_ENABLE();
 117              		.loc 1 61 3 view .LVU27
 118              	.LBB6:
 119              		.loc 1 61 3 view .LVU28
 120              		.loc 1 61 3 view .LVU29
 121 005c 1A6B     		ldr	r2, [r3, #48]
 122 005e 42F00202 		orr	r2, r2, #2
 123 0062 1A63     		str	r2, [r3, #48]
 124              		.loc 1 61 3 view .LVU30
 125 0064 1A6B     		ldr	r2, [r3, #48]
 126 0066 02F00202 		and	r2, r2, #2
 127 006a 0492     		str	r2, [sp, #16]
 128              		.loc 1 61 3 view .LVU31
 129 006c 049A     		ldr	r2, [sp, #16]
 130              	.LBE6:
 131              		.loc 1 61 3 view .LVU32
  62:Core/Src/gpio.c ****   __HAL_RCC_GPIOD_CLK_ENABLE();
 132              		.loc 1 62 3 view .LVU33
 133              	.LBB7:
 134              		.loc 1 62 3 view .LVU34
 135              		.loc 1 62 3 view .LVU35
 136 006e 1A6B     		ldr	r2, [r3, #48]
 137 0070 42F00802 		orr	r2, r2, #8
 138 0074 1A63     		str	r2, [r3, #48]
 139              		.loc 1 62 3 view .LVU36
 140 0076 1A6B     		ldr	r2, [r3, #48]
 141 0078 02F00802 		and	r2, r2, #8
 142 007c 0592     		str	r2, [sp, #20]
 143              		.loc 1 62 3 view .LVU37
 144 007e 059A     		ldr	r2, [sp, #20]
 145              	.LBE7:
 146              		.loc 1 62 3 view .LVU38
  63:Core/Src/gpio.c ****   __HAL_RCC_GPIOG_CLK_ENABLE();
 147              		.loc 1 63 3 view .LVU39
 148              	.LBB8:
 149              		.loc 1 63 3 view .LVU40
 150              		.loc 1 63 3 view .LVU41
 151 0080 1A6B     		ldr	r2, [r3, #48]
 152 0082 42F04002 		orr	r2, r2, #64
 153 0086 1A63     		str	r2, [r3, #48]
 154              		.loc 1 63 3 view .LVU42
 155 0088 1B6B     		ldr	r3, [r3, #48]
 156 008a 03F04003 		and	r3, r3, #64
 157 008e 0693     		str	r3, [sp, #24]
 158              		.loc 1 63 3 view .LVU43
 159 0090 069B     		ldr	r3, [sp, #24]
 160              	.LBE8:
 161              		.loc 1 63 3 view .LVU44
  64:Core/Src/gpio.c **** 
  65:Core/Src/gpio.c ****   /*Configure GPIO pin Output Level */
  66:Core/Src/gpio.c ****   HAL_GPIO_WritePin(ADC_CS_GPIO_Port, ADC_CS_Pin, GPIO_PIN_RESET);
 162              		.loc 1 66 3 view .LVU45
 163 0092 DFF838A1 		ldr	r10, .L3+16
ARM GAS  /tmp/cc6XC4AY.s 			page 5


 164 0096 2246     		mov	r2, r4
 165 0098 0121     		movs	r1, #1
 166 009a 5046     		mov	r0, r10
 167 009c FFF7FEFF 		bl	HAL_GPIO_WritePin
 168              	.LVL0:
  67:Core/Src/gpio.c **** 
  68:Core/Src/gpio.c ****   /*Configure GPIO pin Output Level */
  69:Core/Src/gpio.c ****   HAL_GPIO_WritePin(ADC_RST_GPIO_Port, ADC_RST_Pin, GPIO_PIN_RESET);
 169              		.loc 1 69 3 view .LVU46
 170 00a0 DFF82CB1 		ldr	fp, .L3+20
 171 00a4 2246     		mov	r2, r4
 172 00a6 0821     		movs	r1, #8
 173 00a8 5846     		mov	r0, fp
 174 00aa FFF7FEFF 		bl	HAL_GPIO_WritePin
 175              	.LVL1:
  70:Core/Src/gpio.c **** 
  71:Core/Src/gpio.c ****   /*Configure GPIO pin Output Level */
  72:Core/Src/gpio.c ****   HAL_GPIO_WritePin(GPIOB, LD1_Pin|LD3_Pin|LD2_Pin, GPIO_PIN_RESET);
 176              		.loc 1 72 3 view .LVU47
 177 00ae 2246     		mov	r2, r4
 178 00b0 44F28101 		movw	r1, #16513
 179 00b4 4248     		ldr	r0, .L3+4
 180 00b6 FFF7FEFF 		bl	HAL_GPIO_WritePin
 181              	.LVL2:
  73:Core/Src/gpio.c **** 
  74:Core/Src/gpio.c ****   /*Configure GPIO pin Output Level */
  75:Core/Src/gpio.c ****   HAL_GPIO_WritePin(USB_PowerSwitchOn_GPIO_Port, USB_PowerSwitchOn_Pin, GPIO_PIN_RESET);
 182              		.loc 1 75 3 view .LVU48
 183 00ba 424F     		ldr	r7, .L3+8
 184 00bc 2246     		mov	r2, r4
 185 00be 4021     		movs	r1, #64
 186 00c0 3846     		mov	r0, r7
 187 00c2 FFF7FEFF 		bl	HAL_GPIO_WritePin
 188              	.LVL3:
  76:Core/Src/gpio.c **** 
  77:Core/Src/gpio.c ****   /*Configure GPIO pin : PtPin */
  78:Core/Src/gpio.c ****   GPIO_InitStruct.Pin = USER_Btn_Pin;
 189              		.loc 1 78 3 view .LVU49
 190              		.loc 1 78 23 is_stmt 0 view .LVU50
 191 00c6 4FF40053 		mov	r3, #8192
 192 00ca 0793     		str	r3, [sp, #28]
  79:Core/Src/gpio.c ****   GPIO_InitStruct.Mode = GPIO_MODE_IT_RISING;
 193              		.loc 1 79 3 is_stmt 1 view .LVU51
 194              		.loc 1 79 24 is_stmt 0 view .LVU52
 195 00cc 4FF48813 		mov	r3, #1114112
 196 00d0 0893     		str	r3, [sp, #32]
  80:Core/Src/gpio.c ****   GPIO_InitStruct.Pull = GPIO_NOPULL;
 197              		.loc 1 80 3 is_stmt 1 view .LVU53
 198              		.loc 1 80 24 is_stmt 0 view .LVU54
 199 00d2 0994     		str	r4, [sp, #36]
  81:Core/Src/gpio.c ****   HAL_GPIO_Init(USER_Btn_GPIO_Port, &GPIO_InitStruct);
 200              		.loc 1 81 3 is_stmt 1 view .LVU55
 201 00d4 07A9     		add	r1, sp, #28
 202 00d6 5046     		mov	r0, r10
 203 00d8 FFF7FEFF 		bl	HAL_GPIO_Init
 204              	.LVL4:
  82:Core/Src/gpio.c **** 
ARM GAS  /tmp/cc6XC4AY.s 			page 6


  83:Core/Src/gpio.c ****   /*Configure GPIO pin : PtPin */
  84:Core/Src/gpio.c ****   GPIO_InitStruct.Pin = ADC_DRDY_Pin;
 205              		.loc 1 84 3 view .LVU56
 206              		.loc 1 84 23 is_stmt 0 view .LVU57
 207 00dc 0423     		movs	r3, #4
 208 00de 0793     		str	r3, [sp, #28]
  85:Core/Src/gpio.c ****   GPIO_InitStruct.Mode = GPIO_MODE_INPUT;
 209              		.loc 1 85 3 is_stmt 1 view .LVU58
 210              		.loc 1 85 24 is_stmt 0 view .LVU59
 211 00e0 0894     		str	r4, [sp, #32]
  86:Core/Src/gpio.c ****   GPIO_InitStruct.Pull = GPIO_NOPULL;
 212              		.loc 1 86 3 is_stmt 1 view .LVU60
 213              		.loc 1 86 24 is_stmt 0 view .LVU61
 214 00e2 0994     		str	r4, [sp, #36]
  87:Core/Src/gpio.c ****   HAL_GPIO_Init(ADC_DRDY_GPIO_Port, &GPIO_InitStruct);
 215              		.loc 1 87 3 is_stmt 1 view .LVU62
 216 00e4 07A9     		add	r1, sp, #28
 217 00e6 3848     		ldr	r0, .L3+12
 218 00e8 FFF7FEFF 		bl	HAL_GPIO_Init
 219              	.LVL5:
  88:Core/Src/gpio.c **** 
  89:Core/Src/gpio.c ****   /*Configure GPIO pin : PtPin */
  90:Core/Src/gpio.c ****   GPIO_InitStruct.Pin = ADC_CS_Pin;
 220              		.loc 1 90 3 view .LVU63
 221              		.loc 1 90 23 is_stmt 0 view .LVU64
 222 00ec 0126     		movs	r6, #1
 223 00ee 0796     		str	r6, [sp, #28]
  91:Core/Src/gpio.c ****   GPIO_InitStruct.Mode = GPIO_MODE_OUTPUT_PP;
 224              		.loc 1 91 3 is_stmt 1 view .LVU65
 225              		.loc 1 91 24 is_stmt 0 view .LVU66
 226 00f0 0896     		str	r6, [sp, #32]
  92:Core/Src/gpio.c ****   GPIO_InitStruct.Pull = GPIO_NOPULL;
 227              		.loc 1 92 3 is_stmt 1 view .LVU67
 228              		.loc 1 92 24 is_stmt 0 view .LVU68
 229 00f2 0994     		str	r4, [sp, #36]
  93:Core/Src/gpio.c ****   GPIO_InitStruct.Speed = GPIO_SPEED_FREQ_HIGH;
 230              		.loc 1 93 3 is_stmt 1 view .LVU69
 231              		.loc 1 93 25 is_stmt 0 view .LVU70
 232 00f4 0225     		movs	r5, #2
 233 00f6 0A95     		str	r5, [sp, #40]
  94:Core/Src/gpio.c ****   HAL_GPIO_Init(ADC_CS_GPIO_Port, &GPIO_InitStruct);
 234              		.loc 1 94 3 is_stmt 1 view .LVU71
 235 00f8 07A9     		add	r1, sp, #28
 236 00fa 5046     		mov	r0, r10
 237 00fc FFF7FEFF 		bl	HAL_GPIO_Init
 238              	.LVL6:
  95:Core/Src/gpio.c **** 
  96:Core/Src/gpio.c ****   /*Configure GPIO pins : PCPin PCPin PCPin */
  97:Core/Src/gpio.c ****   GPIO_InitStruct.Pin = RMII_MDC_Pin|RMII_RXD0_Pin|RMII_RXD1_Pin;
 239              		.loc 1 97 3 view .LVU72
 240              		.loc 1 97 23 is_stmt 0 view .LVU73
 241 0100 3223     		movs	r3, #50
 242 0102 0793     		str	r3, [sp, #28]
  98:Core/Src/gpio.c ****   GPIO_InitStruct.Mode = GPIO_MODE_AF_PP;
 243              		.loc 1 98 3 is_stmt 1 view .LVU74
 244              		.loc 1 98 24 is_stmt 0 view .LVU75
 245 0104 0895     		str	r5, [sp, #32]
ARM GAS  /tmp/cc6XC4AY.s 			page 7


  99:Core/Src/gpio.c ****   GPIO_InitStruct.Pull = GPIO_NOPULL;
 246              		.loc 1 99 3 is_stmt 1 view .LVU76
 247              		.loc 1 99 24 is_stmt 0 view .LVU77
 248 0106 0994     		str	r4, [sp, #36]
 100:Core/Src/gpio.c ****   GPIO_InitStruct.Speed = GPIO_SPEED_FREQ_VERY_HIGH;
 249              		.loc 1 100 3 is_stmt 1 view .LVU78
 250              		.loc 1 100 25 is_stmt 0 view .LVU79
 251 0108 4FF00309 		mov	r9, #3
 252 010c CDF82890 		str	r9, [sp, #40]
 101:Core/Src/gpio.c ****   GPIO_InitStruct.Alternate = GPIO_AF11_ETH;
 253              		.loc 1 101 3 is_stmt 1 view .LVU80
 254              		.loc 1 101 29 is_stmt 0 view .LVU81
 255 0110 4FF00B08 		mov	r8, #11
 256 0114 CDF82C80 		str	r8, [sp, #44]
 102:Core/Src/gpio.c ****   HAL_GPIO_Init(GPIOC, &GPIO_InitStruct);
 257              		.loc 1 102 3 is_stmt 1 view .LVU82
 258 0118 07A9     		add	r1, sp, #28
 259 011a 5046     		mov	r0, r10
 260 011c FFF7FEFF 		bl	HAL_GPIO_Init
 261              	.LVL7:
 103:Core/Src/gpio.c **** 
 104:Core/Src/gpio.c ****   /*Configure GPIO pins : PAPin PAPin PAPin */
 105:Core/Src/gpio.c ****   GPIO_InitStruct.Pin = RMII_REF_CLK_Pin|RMII_MDIO_Pin|RMII_CRS_DV_Pin;
 262              		.loc 1 105 3 view .LVU83
 263              		.loc 1 105 23 is_stmt 0 view .LVU84
 264 0120 8623     		movs	r3, #134
 265 0122 0793     		str	r3, [sp, #28]
 106:Core/Src/gpio.c ****   GPIO_InitStruct.Mode = GPIO_MODE_AF_PP;
 266              		.loc 1 106 3 is_stmt 1 view .LVU85
 267              		.loc 1 106 24 is_stmt 0 view .LVU86
 268 0124 0895     		str	r5, [sp, #32]
 107:Core/Src/gpio.c ****   GPIO_InitStruct.Pull = GPIO_NOPULL;
 269              		.loc 1 107 3 is_stmt 1 view .LVU87
 270              		.loc 1 107 24 is_stmt 0 view .LVU88
 271 0126 0994     		str	r4, [sp, #36]
 108:Core/Src/gpio.c ****   GPIO_InitStruct.Speed = GPIO_SPEED_FREQ_VERY_HIGH;
 272              		.loc 1 108 3 is_stmt 1 view .LVU89
 273              		.loc 1 108 25 is_stmt 0 view .LVU90
 274 0128 CDF82890 		str	r9, [sp, #40]
 109:Core/Src/gpio.c ****   GPIO_InitStruct.Alternate = GPIO_AF11_ETH;
 275              		.loc 1 109 3 is_stmt 1 view .LVU91
 276              		.loc 1 109 29 is_stmt 0 view .LVU92
 277 012c CDF82C80 		str	r8, [sp, #44]
 110:Core/Src/gpio.c ****   HAL_GPIO_Init(GPIOA, &GPIO_InitStruct);
 278              		.loc 1 110 3 is_stmt 1 view .LVU93
 279 0130 07A9     		add	r1, sp, #28
 280 0132 5846     		mov	r0, fp
 281 0134 FFF7FEFF 		bl	HAL_GPIO_Init
 282              	.LVL8:
 111:Core/Src/gpio.c **** 
 112:Core/Src/gpio.c ****   /*Configure GPIO pin : PtPin */
 113:Core/Src/gpio.c ****   GPIO_InitStruct.Pin = ADC_RST_Pin;
 283              		.loc 1 113 3 view .LVU94
 284              		.loc 1 113 23 is_stmt 0 view .LVU95
 285 0138 0823     		movs	r3, #8
 286 013a 0793     		str	r3, [sp, #28]
 114:Core/Src/gpio.c ****   GPIO_InitStruct.Mode = GPIO_MODE_OUTPUT_PP;
ARM GAS  /tmp/cc6XC4AY.s 			page 8


 287              		.loc 1 114 3 is_stmt 1 view .LVU96
 288              		.loc 1 114 24 is_stmt 0 view .LVU97
 289 013c 0896     		str	r6, [sp, #32]
 115:Core/Src/gpio.c ****   GPIO_InitStruct.Pull = GPIO_NOPULL;
 290              		.loc 1 115 3 is_stmt 1 view .LVU98
 291              		.loc 1 115 24 is_stmt 0 view .LVU99
 292 013e 0994     		str	r4, [sp, #36]
 116:Core/Src/gpio.c ****   GPIO_InitStruct.Speed = GPIO_SPEED_FREQ_LOW;
 293              		.loc 1 116 3 is_stmt 1 view .LVU100
 294              		.loc 1 116 25 is_stmt 0 view .LVU101
 295 0140 0A94     		str	r4, [sp, #40]
 117:Core/Src/gpio.c ****   HAL_GPIO_Init(ADC_RST_GPIO_Port, &GPIO_InitStruct);
 296              		.loc 1 117 3 is_stmt 1 view .LVU102
 297 0142 07A9     		add	r1, sp, #28
 298 0144 5846     		mov	r0, fp
 299 0146 FFF7FEFF 		bl	HAL_GPIO_Init
 300              	.LVL9:
 118:Core/Src/gpio.c **** 
 119:Core/Src/gpio.c ****   /*Configure GPIO pins : PBPin PBPin PBPin */
 120:Core/Src/gpio.c ****   GPIO_InitStruct.Pin = LD1_Pin|LD3_Pin|LD2_Pin;
 301              		.loc 1 120 3 view .LVU103
 302              		.loc 1 120 23 is_stmt 0 view .LVU104
 303 014a 44F28103 		movw	r3, #16513
 304 014e 0793     		str	r3, [sp, #28]
 121:Core/Src/gpio.c ****   GPIO_InitStruct.Mode = GPIO_MODE_OUTPUT_PP;
 305              		.loc 1 121 3 is_stmt 1 view .LVU105
 306              		.loc 1 121 24 is_stmt 0 view .LVU106
 307 0150 0896     		str	r6, [sp, #32]
 122:Core/Src/gpio.c ****   GPIO_InitStruct.Pull = GPIO_NOPULL;
 308              		.loc 1 122 3 is_stmt 1 view .LVU107
 309              		.loc 1 122 24 is_stmt 0 view .LVU108
 310 0152 0994     		str	r4, [sp, #36]
 123:Core/Src/gpio.c ****   GPIO_InitStruct.Speed = GPIO_SPEED_FREQ_LOW;
 311              		.loc 1 123 3 is_stmt 1 view .LVU109
 312              		.loc 1 123 25 is_stmt 0 view .LVU110
 313 0154 0A94     		str	r4, [sp, #40]
 124:Core/Src/gpio.c ****   HAL_GPIO_Init(GPIOB, &GPIO_InitStruct);
 314              		.loc 1 124 3 is_stmt 1 view .LVU111
 315 0156 07A9     		add	r1, sp, #28
 316 0158 1948     		ldr	r0, .L3+4
 317 015a FFF7FEFF 		bl	HAL_GPIO_Init
 318              	.LVL10:
 125:Core/Src/gpio.c **** 
 126:Core/Src/gpio.c ****   /*Configure GPIO pin : PtPin */
 127:Core/Src/gpio.c ****   GPIO_InitStruct.Pin = RMII_TXD1_Pin;
 319              		.loc 1 127 3 view .LVU112
 320              		.loc 1 127 23 is_stmt 0 view .LVU113
 321 015e 4FF40053 		mov	r3, #8192
 322 0162 0793     		str	r3, [sp, #28]
 128:Core/Src/gpio.c ****   GPIO_InitStruct.Mode = GPIO_MODE_AF_PP;
 323              		.loc 1 128 3 is_stmt 1 view .LVU114
 324              		.loc 1 128 24 is_stmt 0 view .LVU115
 325 0164 0895     		str	r5, [sp, #32]
 129:Core/Src/gpio.c ****   GPIO_InitStruct.Pull = GPIO_NOPULL;
 326              		.loc 1 129 3 is_stmt 1 view .LVU116
 327              		.loc 1 129 24 is_stmt 0 view .LVU117
 328 0166 0994     		str	r4, [sp, #36]
ARM GAS  /tmp/cc6XC4AY.s 			page 9


 130:Core/Src/gpio.c ****   GPIO_InitStruct.Speed = GPIO_SPEED_FREQ_VERY_HIGH;
 329              		.loc 1 130 3 is_stmt 1 view .LVU118
 330              		.loc 1 130 25 is_stmt 0 view .LVU119
 331 0168 CDF82890 		str	r9, [sp, #40]
 131:Core/Src/gpio.c ****   GPIO_InitStruct.Alternate = GPIO_AF11_ETH;
 332              		.loc 1 131 3 is_stmt 1 view .LVU120
 333              		.loc 1 131 29 is_stmt 0 view .LVU121
 334 016c CDF82C80 		str	r8, [sp, #44]
 132:Core/Src/gpio.c ****   HAL_GPIO_Init(RMII_TXD1_GPIO_Port, &GPIO_InitStruct);
 335              		.loc 1 132 3 is_stmt 1 view .LVU122
 336 0170 07A9     		add	r1, sp, #28
 337 0172 1348     		ldr	r0, .L3+4
 338 0174 FFF7FEFF 		bl	HAL_GPIO_Init
 339              	.LVL11:
 133:Core/Src/gpio.c **** 
 134:Core/Src/gpio.c ****   /*Configure GPIO pin : PtPin */
 135:Core/Src/gpio.c ****   GPIO_InitStruct.Pin = USB_PowerSwitchOn_Pin;
 340              		.loc 1 135 3 view .LVU123
 341              		.loc 1 135 23 is_stmt 0 view .LVU124
 342 0178 4023     		movs	r3, #64
 343 017a 0793     		str	r3, [sp, #28]
 136:Core/Src/gpio.c ****   GPIO_InitStruct.Mode = GPIO_MODE_OUTPUT_PP;
 344              		.loc 1 136 3 is_stmt 1 view .LVU125
 345              		.loc 1 136 24 is_stmt 0 view .LVU126
 346 017c 0896     		str	r6, [sp, #32]
 137:Core/Src/gpio.c ****   GPIO_InitStruct.Pull = GPIO_NOPULL;
 347              		.loc 1 137 3 is_stmt 1 view .LVU127
 348              		.loc 1 137 24 is_stmt 0 view .LVU128
 349 017e 0994     		str	r4, [sp, #36]
 138:Core/Src/gpio.c ****   GPIO_InitStruct.Speed = GPIO_SPEED_FREQ_LOW;
 350              		.loc 1 138 3 is_stmt 1 view .LVU129
 351              		.loc 1 138 25 is_stmt 0 view .LVU130
 352 0180 0A94     		str	r4, [sp, #40]
 139:Core/Src/gpio.c ****   HAL_GPIO_Init(USB_PowerSwitchOn_GPIO_Port, &GPIO_InitStruct);
 353              		.loc 1 139 3 is_stmt 1 view .LVU131
 354 0182 07A9     		add	r1, sp, #28
 355 0184 3846     		mov	r0, r7
 356 0186 FFF7FEFF 		bl	HAL_GPIO_Init
 357              	.LVL12:
 140:Core/Src/gpio.c **** 
 141:Core/Src/gpio.c ****   /*Configure GPIO pin : PtPin */
 142:Core/Src/gpio.c ****   GPIO_InitStruct.Pin = USB_OverCurrent_Pin;
 358              		.loc 1 142 3 view .LVU132
 359              		.loc 1 142 23 is_stmt 0 view .LVU133
 360 018a 8023     		movs	r3, #128
 361 018c 0793     		str	r3, [sp, #28]
 143:Core/Src/gpio.c ****   GPIO_InitStruct.Mode = GPIO_MODE_INPUT;
 362              		.loc 1 143 3 is_stmt 1 view .LVU134
 363              		.loc 1 143 24 is_stmt 0 view .LVU135
 364 018e 0894     		str	r4, [sp, #32]
 144:Core/Src/gpio.c ****   GPIO_InitStruct.Pull = GPIO_NOPULL;
 365              		.loc 1 144 3 is_stmt 1 view .LVU136
 366              		.loc 1 144 24 is_stmt 0 view .LVU137
 367 0190 0994     		str	r4, [sp, #36]
 145:Core/Src/gpio.c ****   HAL_GPIO_Init(USB_OverCurrent_GPIO_Port, &GPIO_InitStruct);
 368              		.loc 1 145 3 is_stmt 1 view .LVU138
 369 0192 07A9     		add	r1, sp, #28
ARM GAS  /tmp/cc6XC4AY.s 			page 10


 370 0194 3846     		mov	r0, r7
 371 0196 FFF7FEFF 		bl	HAL_GPIO_Init
 372              	.LVL13:
 146:Core/Src/gpio.c **** 
 147:Core/Src/gpio.c ****   /*Configure GPIO pins : PGPin PGPin */
 148:Core/Src/gpio.c ****   GPIO_InitStruct.Pin = RMII_TX_EN_Pin|RMII_TXD0_Pin;
 373              		.loc 1 148 3 view .LVU139
 374              		.loc 1 148 23 is_stmt 0 view .LVU140
 375 019a 4FF42053 		mov	r3, #10240
 376 019e 0793     		str	r3, [sp, #28]
 149:Core/Src/gpio.c ****   GPIO_InitStruct.Mode = GPIO_MODE_AF_PP;
 377              		.loc 1 149 3 is_stmt 1 view .LVU141
 378              		.loc 1 149 24 is_stmt 0 view .LVU142
 379 01a0 0895     		str	r5, [sp, #32]
 150:Core/Src/gpio.c ****   GPIO_InitStruct.Pull = GPIO_NOPULL;
 380              		.loc 1 150 3 is_stmt 1 view .LVU143
 381              		.loc 1 150 24 is_stmt 0 view .LVU144
 382 01a2 0994     		str	r4, [sp, #36]
 151:Core/Src/gpio.c ****   GPIO_InitStruct.Speed = GPIO_SPEED_FREQ_VERY_HIGH;
 383              		.loc 1 151 3 is_stmt 1 view .LVU145
 384              		.loc 1 151 25 is_stmt 0 view .LVU146
 385 01a4 CDF82890 		str	r9, [sp, #40]
 152:Core/Src/gpio.c ****   GPIO_InitStruct.Alternate = GPIO_AF11_ETH;
 386              		.loc 1 152 3 is_stmt 1 view .LVU147
 387              		.loc 1 152 29 is_stmt 0 view .LVU148
 388 01a8 CDF82C80 		str	r8, [sp, #44]
 153:Core/Src/gpio.c ****   HAL_GPIO_Init(GPIOG, &GPIO_InitStruct);
 389              		.loc 1 153 3 is_stmt 1 view .LVU149
 390 01ac 07A9     		add	r1, sp, #28
 391 01ae 3846     		mov	r0, r7
 392 01b0 FFF7FEFF 		bl	HAL_GPIO_Init
 393              	.LVL14:
 154:Core/Src/gpio.c **** 
 155:Core/Src/gpio.c **** }
 394              		.loc 1 155 1 is_stmt 0 view .LVU150
 395 01b4 0DB0     		add	sp, sp, #52
 396              	.LCFI2:
 397              		.cfi_def_cfa_offset 36
 398              		@ sp needed
 399 01b6 BDE8F08F 		pop	{r4, r5, r6, r7, r8, r9, r10, fp, pc}
 400              	.L4:
 401 01ba 00BF     		.align	2
 402              	.L3:
 403 01bc 00380240 		.word	1073887232
 404 01c0 00040240 		.word	1073873920
 405 01c4 00180240 		.word	1073879040
 406 01c8 00140240 		.word	1073878016
 407 01cc 00080240 		.word	1073874944
 408 01d0 00000240 		.word	1073872896
 409              		.cfi_endproc
 410              	.LFE141:
 412              		.text
 413              	.Letext0:
 414              		.file 2 "/usr/share/gcc-arm-none-eabi-10.3-2021.10/arm-none-eabi/include/machine/_default_types.h"
 415              		.file 3 "/usr/share/gcc-arm-none-eabi-10.3-2021.10/arm-none-eabi/include/sys/_stdint.h"
 416              		.file 4 "Drivers/CMSIS/Device/ST/STM32F7xx/Include/stm32f746xx.h"
 417              		.file 5 "Drivers/STM32F7xx_HAL_Driver/Inc/stm32f7xx_hal_gpio.h"
ARM GAS  /tmp/cc6XC4AY.s 			page 11


ARM GAS  /tmp/cc6XC4AY.s 			page 12


DEFINED SYMBOLS
                            *ABS*:0000000000000000 gpio.c
     /tmp/cc6XC4AY.s:20     .text.MX_GPIO_Init:0000000000000000 $t
     /tmp/cc6XC4AY.s:26     .text.MX_GPIO_Init:0000000000000000 MX_GPIO_Init
     /tmp/cc6XC4AY.s:403    .text.MX_GPIO_Init:00000000000001bc $d

UNDEFINED SYMBOLS
HAL_GPIO_WritePin
HAL_GPIO_Init
