ARM GAS  /tmp/ccVotwDj.s 			page 1


   1              		.cpu cortex-m7
   2              		.arch armv7e-m
   3              		.fpu fpv5-sp-d16
   4              		.eabi_attribute 27, 1
   5              		.eabi_attribute 28, 1
   6              		.eabi_attribute 20, 1
   7              		.eabi_attribute 21, 1
   8              		.eabi_attribute 23, 3
   9              		.eabi_attribute 24, 1
  10              		.eabi_attribute 25, 1
  11              		.eabi_attribute 26, 1
  12              		.eabi_attribute 30, 1
  13              		.eabi_attribute 34, 1
  14              		.eabi_attribute 18, 4
  15              		.file	"max11254.c"
  16              		.text
  17              	.Ltext0:
  18              		.cfi_sections	.debug_frame
  19              		.section	.text.MAX11254_is_data_ready,"ax",%progbits
  20              		.align	1
  21              		.global	MAX11254_is_data_ready
  22              		.syntax unified
  23              		.thumb
  24              		.thumb_func
  26              	MAX11254_is_data_ready:
  27              	.LVL0:
  28              	.LFB146:
  29              		.file 1 "fw-lib-stm32-BuildKit/adc-toolkit/max11254-spi/max11254.c"
   1:fw-lib-stm32-BuildKit/adc-toolkit/max11254-spi/max11254.c **** #include "max11254.h"
   2:fw-lib-stm32-BuildKit/adc-toolkit/max11254-spi/max11254.c **** #include "max11254_conf.h"
   3:fw-lib-stm32-BuildKit/adc-toolkit/max11254-spi/max11254.c **** 
   4:fw-lib-stm32-BuildKit/adc-toolkit/max11254-spi/max11254.c **** bool
   5:fw-lib-stm32-BuildKit/adc-toolkit/max11254-spi/max11254.c **** MAX11254_is_data_ready(MAX11254_HandleTypeDef *hchip)
   6:fw-lib-stm32-BuildKit/adc-toolkit/max11254-spi/max11254.c **** {
  30              		.loc 1 6 1 view -0
  31              		.cfi_startproc
  32              		@ args = 0, pretend = 0, frame = 0
  33              		@ frame_needed = 0, uses_anonymous_args = 0
  34              		.loc 1 6 1 is_stmt 0 view .LVU1
  35 0000 08B5     		push	{r3, lr}
  36              	.LCFI0:
  37              		.cfi_def_cfa_offset 8
  38              		.cfi_offset 3, -8
  39              		.cfi_offset 14, -4
   7:fw-lib-stm32-BuildKit/adc-toolkit/max11254-spi/max11254.c ****     return HAL_GPIO_ReadPin(hchip->RDYB.Port, hchip->RDYB.Pin) ==
  40              		.loc 1 7 5 is_stmt 1 view .LVU2
  41              		.loc 1 7 12 is_stmt 0 view .LVU3
  42 0002 818B     		ldrh	r1, [r0, #28]
  43 0004 8069     		ldr	r0, [r0, #24]
  44              	.LVL1:
  45              		.loc 1 7 12 view .LVU4
  46 0006 FFF7FEFF 		bl	HAL_GPIO_ReadPin
  47              	.LVL2:
   8:fw-lib-stm32-BuildKit/adc-toolkit/max11254-spi/max11254.c ****            GPIO_PIN_RESET;
   9:fw-lib-stm32-BuildKit/adc-toolkit/max11254-spi/max11254.c **** }
  48              		.loc 1 9 1 view .LVU5
  49 000a B0FA80F0 		clz	r0, r0
ARM GAS  /tmp/ccVotwDj.s 			page 2


  50 000e 4009     		lsrs	r0, r0, #5
  51 0010 08BD     		pop	{r3, pc}
  52              		.cfi_endproc
  53              	.LFE146:
  55              		.section	.text.MAX11254_command_nowait,"ax",%progbits
  56              		.align	1
  57              		.global	MAX11254_command_nowait
  58              		.syntax unified
  59              		.thumb
  60              		.thumb_func
  62              	MAX11254_command_nowait:
  63              	.LVL3:
  64              	.LFB148:
  10:fw-lib-stm32-BuildKit/adc-toolkit/max11254-spi/max11254.c **** 
  11:fw-lib-stm32-BuildKit/adc-toolkit/max11254-spi/max11254.c **** /*
  12:fw-lib-stm32-BuildKit/adc-toolkit/max11254-spi/max11254.c ****  * @brief  Hardware Reset using RSTB.
  13:fw-lib-stm32-BuildKit/adc-toolkit/max11254-spi/max11254.c ****  *
  14:fw-lib-stm32-BuildKit/adc-toolkit/max11254-spi/max11254.c ****  * @param  hchip pointer to a MAX11254_HandleTypeDef structure.
  15:fw-lib-stm32-BuildKit/adc-toolkit/max11254-spi/max11254.c ****  * @param  timeout amount of time to wait for reset in miliseconds.
  16:fw-lib-stm32-BuildKit/adc-toolkit/max11254-spi/max11254.c ****  * @retval true if success.
  17:fw-lib-stm32-BuildKit/adc-toolkit/max11254-spi/max11254.c ****  */
  18:fw-lib-stm32-BuildKit/adc-toolkit/max11254-spi/max11254.c **** bool
  19:fw-lib-stm32-BuildKit/adc-toolkit/max11254-spi/max11254.c **** MAX11254_reset_nowait(MAX11254_HandleTypeDef *hchip, uint32_t timeout)
  20:fw-lib-stm32-BuildKit/adc-toolkit/max11254-spi/max11254.c **** {
  21:fw-lib-stm32-BuildKit/adc-toolkit/max11254-spi/max11254.c ****     MAX11254_Reg_stat stat;
  22:fw-lib-stm32-BuildKit/adc-toolkit/max11254-spi/max11254.c ****     uint32_t          tick;
  23:fw-lib-stm32-BuildKit/adc-toolkit/max11254-spi/max11254.c **** 
  24:fw-lib-stm32-BuildKit/adc-toolkit/max11254-spi/max11254.c ****     HAL_GPIO_WritePin(hchip->RSTB.Port, hchip->RSTB.Pin, GPIO_PIN_RESET);
  25:fw-lib-stm32-BuildKit/adc-toolkit/max11254-spi/max11254.c ****     HAL_Delay(1);
  26:fw-lib-stm32-BuildKit/adc-toolkit/max11254-spi/max11254.c ****     HAL_GPIO_WritePin(hchip->RSTB.Port, hchip->RSTB.Pin, GPIO_PIN_SET);
  27:fw-lib-stm32-BuildKit/adc-toolkit/max11254-spi/max11254.c **** 
  28:fw-lib-stm32-BuildKit/adc-toolkit/max11254-spi/max11254.c ****     tick = HAL_GetTick();
  29:fw-lib-stm32-BuildKit/adc-toolkit/max11254-spi/max11254.c **** 
  30:fw-lib-stm32-BuildKit/adc-toolkit/max11254-spi/max11254.c ****     while(HAL_GetTick() - tick < timeout)
  31:fw-lib-stm32-BuildKit/adc-toolkit/max11254-spi/max11254.c ****     {
  32:fw-lib-stm32-BuildKit/adc-toolkit/max11254-spi/max11254.c ****         MAX11254_reg_read_nowait(hchip, MAX11254_RS(STAT), MAX11254_SIZE(STAT));
  33:fw-lib-stm32-BuildKit/adc-toolkit/max11254-spi/max11254.c ****         stat = MAX11254_decode_stat(hchip->rx);
  34:fw-lib-stm32-BuildKit/adc-toolkit/max11254-spi/max11254.c ****         if(MAX11254_in_standby(stat)) return true;
  35:fw-lib-stm32-BuildKit/adc-toolkit/max11254-spi/max11254.c ****     }
  36:fw-lib-stm32-BuildKit/adc-toolkit/max11254-spi/max11254.c **** 
  37:fw-lib-stm32-BuildKit/adc-toolkit/max11254-spi/max11254.c ****     return false;
  38:fw-lib-stm32-BuildKit/adc-toolkit/max11254-spi/max11254.c **** }
  39:fw-lib-stm32-BuildKit/adc-toolkit/max11254-spi/max11254.c **** 
  40:fw-lib-stm32-BuildKit/adc-toolkit/max11254-spi/max11254.c **** /**
  41:fw-lib-stm32-BuildKit/adc-toolkit/max11254-spi/max11254.c ****  * @brief   Transmit command byte in blocking way.
  42:fw-lib-stm32-BuildKit/adc-toolkit/max11254-spi/max11254.c ****  *
  43:fw-lib-stm32-BuildKit/adc-toolkit/max11254-spi/max11254.c ****  * @param   hchip pointer to a MAX11254_HandleTypeDef structure.
  44:fw-lib-stm32-BuildKit/adc-toolkit/max11254-spi/max11254.c ****  * @param   mode MODE[1:0] bits.
  45:fw-lib-stm32-BuildKit/adc-toolkit/max11254-spi/max11254.c ****  * @param   rate RATE[3:0] bits.
  46:fw-lib-stm32-BuildKit/adc-toolkit/max11254-spi/max11254.c ****  */
  47:fw-lib-stm32-BuildKit/adc-toolkit/max11254-spi/max11254.c **** void
  48:fw-lib-stm32-BuildKit/adc-toolkit/max11254-spi/max11254.c **** MAX11254_command_nowait(MAX11254_HandleTypeDef *hchip, uint8_t mode,
  49:fw-lib-stm32-BuildKit/adc-toolkit/max11254-spi/max11254.c ****                         uint8_t rate)
  50:fw-lib-stm32-BuildKit/adc-toolkit/max11254-spi/max11254.c **** {
  65              		.loc 1 50 1 is_stmt 1 view -0
  66              		.cfi_startproc
  67              		@ args = 0, pretend = 0, frame = 0
ARM GAS  /tmp/ccVotwDj.s 			page 3


  68              		@ frame_needed = 0, uses_anonymous_args = 0
  69              		.loc 1 50 1 is_stmt 0 view .LVU7
  70 0000 70B5     		push	{r4, r5, r6, lr}
  71              	.LCFI1:
  72              		.cfi_def_cfa_offset 16
  73              		.cfi_offset 4, -16
  74              		.cfi_offset 5, -12
  75              		.cfi_offset 6, -8
  76              		.cfi_offset 14, -4
  77 0002 0546     		mov	r5, r0
  78 0004 0C46     		mov	r4, r1
  79 0006 1646     		mov	r6, r2
  51:fw-lib-stm32-BuildKit/adc-toolkit/max11254-spi/max11254.c ****     MAX11254_ENABLE(hchip);
  80              		.loc 1 51 5 is_stmt 1 view .LVU8
  81 0008 0022     		movs	r2, #0
  82              	.LVL4:
  83              		.loc 1 51 5 is_stmt 0 view .LVU9
  84 000a 8189     		ldrh	r1, [r0, #12]
  85              	.LVL5:
  86              		.loc 1 51 5 view .LVU10
  87 000c 8068     		ldr	r0, [r0, #8]
  88              	.LVL6:
  89              		.loc 1 51 5 view .LVU11
  90 000e FFF7FEFF 		bl	HAL_GPIO_WritePin
  91              	.LVL7:
  52:fw-lib-stm32-BuildKit/adc-toolkit/max11254-spi/max11254.c **** 
  53:fw-lib-stm32-BuildKit/adc-toolkit/max11254-spi/max11254.c ****     hchip->tx = MAX11254_CMD_CONV(mode, rate);
  92              		.loc 1 53 5 is_stmt 1 view .LVU12
  93              		.loc 1 53 17 is_stmt 0 view .LVU13
  94 0012 2401     		lsls	r4, r4, #4
  95 0014 04F03004 		and	r4, r4, #48
  96 0018 06F00F06 		and	r6, r6, #15
  97 001c 3443     		orrs	r4, r4, r6
  98 001e 44F08004 		orr	r4, r4, #128
  99              		.loc 1 53 15 view .LVU14
 100 0022 6C62     		str	r4, [r5, #36]
  54:fw-lib-stm32-BuildKit/adc-toolkit/max11254-spi/max11254.c ****     HAL_SPI_Transmit(hchip->hspi, (uint8_t *)&hchip->tx, 1, 10);
 101              		.loc 1 54 5 is_stmt 1 view .LVU15
 102              		.loc 1 54 46 is_stmt 0 view .LVU16
 103 0024 2946     		mov	r1, r5
 104              		.loc 1 54 5 view .LVU17
 105 0026 51F8240B 		ldr	r0, [r1], #36
 106 002a 0A23     		movs	r3, #10
 107 002c 0122     		movs	r2, #1
 108 002e FFF7FEFF 		bl	HAL_SPI_Transmit
 109              	.LVL8:
  55:fw-lib-stm32-BuildKit/adc-toolkit/max11254-spi/max11254.c **** 
  56:fw-lib-stm32-BuildKit/adc-toolkit/max11254-spi/max11254.c ****     MAX11254_DISABLE(hchip);
 110              		.loc 1 56 5 is_stmt 1 view .LVU18
 111 0032 0122     		movs	r2, #1
 112 0034 A989     		ldrh	r1, [r5, #12]
 113 0036 A868     		ldr	r0, [r5, #8]
 114 0038 FFF7FEFF 		bl	HAL_GPIO_WritePin
 115              	.LVL9:
  57:fw-lib-stm32-BuildKit/adc-toolkit/max11254-spi/max11254.c **** }
 116              		.loc 1 57 1 is_stmt 0 view .LVU19
 117 003c 70BD     		pop	{r4, r5, r6, pc}
ARM GAS  /tmp/ccVotwDj.s 			page 4


 118              		.loc 1 57 1 view .LVU20
 119              		.cfi_endproc
 120              	.LFE148:
 122              		.section	.text.MAX11254_reg_read_nowait,"ax",%progbits
 123              		.align	1
 124              		.global	MAX11254_reg_read_nowait
 125              		.syntax unified
 126              		.thumb
 127              		.thumb_func
 129              	MAX11254_reg_read_nowait:
 130              	.LVL10:
 131              	.LFB150:
  58:fw-lib-stm32-BuildKit/adc-toolkit/max11254-spi/max11254.c **** 
  59:fw-lib-stm32-BuildKit/adc-toolkit/max11254-spi/max11254.c **** /**
  60:fw-lib-stm32-BuildKit/adc-toolkit/max11254-spi/max11254.c ****  * @brief   Transmit conversion command in blocking way.
  61:fw-lib-stm32-BuildKit/adc-toolkit/max11254-spi/max11254.c ****  * @details This function always ensure that the MAX11254 is in conversion.
  62:fw-lib-stm32-BuildKit/adc-toolkit/max11254-spi/max11254.c ****  * @param   hchip pointer to a MAX11254_HandleTypeDef structure.
  63:fw-lib-stm32-BuildKit/adc-toolkit/max11254-spi/max11254.c ****  */
  64:fw-lib-stm32-BuildKit/adc-toolkit/max11254-spi/max11254.c **** void
  65:fw-lib-stm32-BuildKit/adc-toolkit/max11254-spi/max11254.c **** MAX11254_convert_nowait(MAX11254_HandleTypeDef *hchip)
  66:fw-lib-stm32-BuildKit/adc-toolkit/max11254-spi/max11254.c **** {
  67:fw-lib-stm32-BuildKit/adc-toolkit/max11254-spi/max11254.c ****     MAX11254_Reg_stat stat;
  68:fw-lib-stm32-BuildKit/adc-toolkit/max11254-spi/max11254.c ****     HAL_GPIO_WritePin(LD3_GPIO_Port, LD3_Pin, GPIO_PIN_SET);
  69:fw-lib-stm32-BuildKit/adc-toolkit/max11254-spi/max11254.c ****     while(1)
  70:fw-lib-stm32-BuildKit/adc-toolkit/max11254-spi/max11254.c ****     {
  71:fw-lib-stm32-BuildKit/adc-toolkit/max11254-spi/max11254.c ****         MAX11254_reg_read_nowait(hchip, MAX11254_RS(STAT), MAX11254_SIZE(STAT));
  72:fw-lib-stm32-BuildKit/adc-toolkit/max11254-spi/max11254.c ****         stat = MAX11254_decode_stat(hchip->rx);
  73:fw-lib-stm32-BuildKit/adc-toolkit/max11254-spi/max11254.c ****         if(MAX11254_in_conversion(stat)) break;
  74:fw-lib-stm32-BuildKit/adc-toolkit/max11254-spi/max11254.c **** 
  75:fw-lib-stm32-BuildKit/adc-toolkit/max11254-spi/max11254.c ****         MAX11254_command_nowait(hchip, MAX11254_CMD_CONV_MODE_SEQ, hchip->rate);
  76:fw-lib-stm32-BuildKit/adc-toolkit/max11254-spi/max11254.c ****     }
  77:fw-lib-stm32-BuildKit/adc-toolkit/max11254-spi/max11254.c ****     HAL_GPIO_WritePin(LD3_GPIO_Port, LD3_Pin, GPIO_PIN_RESET);
  78:fw-lib-stm32-BuildKit/adc-toolkit/max11254-spi/max11254.c **** }
  79:fw-lib-stm32-BuildKit/adc-toolkit/max11254-spi/max11254.c **** 
  80:fw-lib-stm32-BuildKit/adc-toolkit/max11254-spi/max11254.c **** /*
  81:fw-lib-stm32-BuildKit/adc-toolkit/max11254-spi/max11254.c ****  * @brief   Read register in blocking way.
  82:fw-lib-stm32-BuildKit/adc-toolkit/max11254-spi/max11254.c ****  */
  83:fw-lib-stm32-BuildKit/adc-toolkit/max11254-spi/max11254.c **** void
  84:fw-lib-stm32-BuildKit/adc-toolkit/max11254-spi/max11254.c **** MAX11254_reg_read_nowait(MAX11254_HandleTypeDef *hchip, uint8_t addr,
  85:fw-lib-stm32-BuildKit/adc-toolkit/max11254-spi/max11254.c ****                          uint8_t size)
  86:fw-lib-stm32-BuildKit/adc-toolkit/max11254-spi/max11254.c **** {
 132              		.loc 1 86 1 is_stmt 1 view -0
 133              		.cfi_startproc
 134              		@ args = 0, pretend = 0, frame = 0
 135              		@ frame_needed = 0, uses_anonymous_args = 0
 136              		.loc 1 86 1 is_stmt 0 view .LVU22
 137 0000 70B5     		push	{r4, r5, r6, lr}
 138              	.LCFI2:
 139              		.cfi_def_cfa_offset 16
 140              		.cfi_offset 4, -16
 141              		.cfi_offset 5, -12
 142              		.cfi_offset 6, -8
 143              		.cfi_offset 14, -4
 144 0002 82B0     		sub	sp, sp, #8
 145              	.LCFI3:
 146              		.cfi_def_cfa_offset 24
 147 0004 0546     		mov	r5, r0
ARM GAS  /tmp/ccVotwDj.s 			page 5


 148 0006 0C46     		mov	r4, r1
 149 0008 1646     		mov	r6, r2
  87:fw-lib-stm32-BuildKit/adc-toolkit/max11254-spi/max11254.c ****     MAX11254_ENABLE(hchip);
 150              		.loc 1 87 5 is_stmt 1 view .LVU23
 151 000a 0022     		movs	r2, #0
 152              	.LVL11:
 153              		.loc 1 87 5 is_stmt 0 view .LVU24
 154 000c 8189     		ldrh	r1, [r0, #12]
 155              	.LVL12:
 156              		.loc 1 87 5 view .LVU25
 157 000e 8068     		ldr	r0, [r0, #8]
 158              	.LVL13:
 159              		.loc 1 87 5 view .LVU26
 160 0010 FFF7FEFF 		bl	HAL_GPIO_WritePin
 161              	.LVL14:
  88:fw-lib-stm32-BuildKit/adc-toolkit/max11254-spi/max11254.c **** 
  89:fw-lib-stm32-BuildKit/adc-toolkit/max11254-spi/max11254.c ****     hchip->tx = MAX11254_CMD_REG(addr, 1);
 162              		.loc 1 89 5 is_stmt 1 view .LVU27
 163              		.loc 1 89 17 is_stmt 0 view .LVU28
 164 0014 6400     		lsls	r4, r4, #1
 165 0016 E4B2     		uxtb	r4, r4
 166 0018 44F0C104 		orr	r4, r4, #193
 167              		.loc 1 89 15 view .LVU29
 168 001c 2946     		mov	r1, r5
 169 001e 41F8244F 		str	r4, [r1, #36]!
  90:fw-lib-stm32-BuildKit/adc-toolkit/max11254-spi/max11254.c ****     HAL_SPI_TransmitReceive(hchip->hspi, (uint8_t *)&hchip->tx,
 170              		.loc 1 90 5 is_stmt 1 view .LVU30
  91:fw-lib-stm32-BuildKit/adc-toolkit/max11254-spi/max11254.c ****                             (uint8_t *)&hchip->rx, 1 + size, 10);
 171              		.loc 1 91 40 is_stmt 0 view .LVU31
 172 0022 2A46     		mov	r2, r5
  90:fw-lib-stm32-BuildKit/adc-toolkit/max11254-spi/max11254.c ****     HAL_SPI_TransmitReceive(hchip->hspi, (uint8_t *)&hchip->tx,
 173              		.loc 1 90 5 view .LVU32
 174 0024 52F8200B 		ldr	r0, [r2], #32
 175 0028 0A23     		movs	r3, #10
 176 002a 0093     		str	r3, [sp]
 177 002c 731C     		adds	r3, r6, #1
 178 002e FFF7FEFF 		bl	HAL_SPI_TransmitReceive
 179              	.LVL15:
  92:fw-lib-stm32-BuildKit/adc-toolkit/max11254-spi/max11254.c **** 
  93:fw-lib-stm32-BuildKit/adc-toolkit/max11254-spi/max11254.c ****     MAX11254_DISABLE(hchip);
 180              		.loc 1 93 5 is_stmt 1 view .LVU33
 181 0032 0122     		movs	r2, #1
 182 0034 A989     		ldrh	r1, [r5, #12]
 183 0036 A868     		ldr	r0, [r5, #8]
 184 0038 FFF7FEFF 		bl	HAL_GPIO_WritePin
 185              	.LVL16:
  94:fw-lib-stm32-BuildKit/adc-toolkit/max11254-spi/max11254.c **** }
 186              		.loc 1 94 1 is_stmt 0 view .LVU34
 187 003c 02B0     		add	sp, sp, #8
 188              	.LCFI4:
 189              		.cfi_def_cfa_offset 16
 190              		@ sp needed
 191 003e 70BD     		pop	{r4, r5, r6, pc}
 192              		.loc 1 94 1 view .LVU35
 193              		.cfi_endproc
 194              	.LFE150:
 196              		.section	.text.MAX11254_reset_nowait,"ax",%progbits
ARM GAS  /tmp/ccVotwDj.s 			page 6


 197              		.align	1
 198              		.global	MAX11254_reset_nowait
 199              		.syntax unified
 200              		.thumb
 201              		.thumb_func
 203              	MAX11254_reset_nowait:
 204              	.LVL17:
 205              	.LFB147:
  20:fw-lib-stm32-BuildKit/adc-toolkit/max11254-spi/max11254.c ****     MAX11254_Reg_stat stat;
 206              		.loc 1 20 1 is_stmt 1 view -0
 207              		.cfi_startproc
 208              		@ args = 0, pretend = 0, frame = 8
 209              		@ frame_needed = 0, uses_anonymous_args = 0
  20:fw-lib-stm32-BuildKit/adc-toolkit/max11254-spi/max11254.c ****     MAX11254_Reg_stat stat;
 210              		.loc 1 20 1 is_stmt 0 view .LVU37
 211 0000 70B5     		push	{r4, r5, r6, lr}
 212              	.LCFI5:
 213              		.cfi_def_cfa_offset 16
 214              		.cfi_offset 4, -16
 215              		.cfi_offset 5, -12
 216              		.cfi_offset 6, -8
 217              		.cfi_offset 14, -4
 218 0002 82B0     		sub	sp, sp, #8
 219              	.LCFI6:
 220              		.cfi_def_cfa_offset 24
 221 0004 0446     		mov	r4, r0
 222 0006 0E46     		mov	r6, r1
  21:fw-lib-stm32-BuildKit/adc-toolkit/max11254-spi/max11254.c ****     uint32_t          tick;
 223              		.loc 1 21 5 is_stmt 1 view .LVU38
  22:fw-lib-stm32-BuildKit/adc-toolkit/max11254-spi/max11254.c **** 
 224              		.loc 1 22 5 view .LVU39
  24:fw-lib-stm32-BuildKit/adc-toolkit/max11254-spi/max11254.c ****     HAL_Delay(1);
 225              		.loc 1 24 5 view .LVU40
 226 0008 0022     		movs	r2, #0
 227 000a 818A     		ldrh	r1, [r0, #20]
 228              	.LVL18:
  24:fw-lib-stm32-BuildKit/adc-toolkit/max11254-spi/max11254.c ****     HAL_Delay(1);
 229              		.loc 1 24 5 is_stmt 0 view .LVU41
 230 000c 0069     		ldr	r0, [r0, #16]
 231              	.LVL19:
  24:fw-lib-stm32-BuildKit/adc-toolkit/max11254-spi/max11254.c ****     HAL_Delay(1);
 232              		.loc 1 24 5 view .LVU42
 233 000e FFF7FEFF 		bl	HAL_GPIO_WritePin
 234              	.LVL20:
  25:fw-lib-stm32-BuildKit/adc-toolkit/max11254-spi/max11254.c ****     HAL_GPIO_WritePin(hchip->RSTB.Port, hchip->RSTB.Pin, GPIO_PIN_SET);
 235              		.loc 1 25 5 is_stmt 1 view .LVU43
 236 0012 0120     		movs	r0, #1
 237 0014 FFF7FEFF 		bl	HAL_Delay
 238              	.LVL21:
  26:fw-lib-stm32-BuildKit/adc-toolkit/max11254-spi/max11254.c **** 
 239              		.loc 1 26 5 view .LVU44
 240 0018 0122     		movs	r2, #1
 241 001a A18A     		ldrh	r1, [r4, #20]
 242 001c 2069     		ldr	r0, [r4, #16]
 243 001e FFF7FEFF 		bl	HAL_GPIO_WritePin
 244              	.LVL22:
  28:fw-lib-stm32-BuildKit/adc-toolkit/max11254-spi/max11254.c **** 
ARM GAS  /tmp/ccVotwDj.s 			page 7


 245              		.loc 1 28 5 view .LVU45
  28:fw-lib-stm32-BuildKit/adc-toolkit/max11254-spi/max11254.c **** 
 246              		.loc 1 28 12 is_stmt 0 view .LVU46
 247 0022 FFF7FEFF 		bl	HAL_GetTick
 248              	.LVL23:
 249 0026 0546     		mov	r5, r0
 250              	.LVL24:
  30:fw-lib-stm32-BuildKit/adc-toolkit/max11254-spi/max11254.c ****     {
 251              		.loc 1 30 5 is_stmt 1 view .LVU47
 252              	.L8:
  30:fw-lib-stm32-BuildKit/adc-toolkit/max11254-spi/max11254.c ****     {
 253              		.loc 1 30 10 view .LVU48
  30:fw-lib-stm32-BuildKit/adc-toolkit/max11254-spi/max11254.c ****     {
 254              		.loc 1 30 11 is_stmt 0 view .LVU49
 255 0028 FFF7FEFF 		bl	HAL_GetTick
 256              	.LVL25:
  30:fw-lib-stm32-BuildKit/adc-toolkit/max11254-spi/max11254.c ****     {
 257              		.loc 1 30 25 view .LVU50
 258 002c 401B     		subs	r0, r0, r5
  30:fw-lib-stm32-BuildKit/adc-toolkit/max11254-spi/max11254.c ****     {
 259              		.loc 1 30 10 view .LVU51
 260 002e B042     		cmp	r0, r6
 261 0030 18D2     		bcs	.L12
  32:fw-lib-stm32-BuildKit/adc-toolkit/max11254-spi/max11254.c ****         stat = MAX11254_decode_stat(hchip->rx);
 262              		.loc 1 32 9 is_stmt 1 view .LVU52
 263 0032 0322     		movs	r2, #3
 264 0034 0021     		movs	r1, #0
 265 0036 2046     		mov	r0, r4
 266 0038 FFF7FEFF 		bl	MAX11254_reg_read_nowait
 267              	.LVL26:
  33:fw-lib-stm32-BuildKit/adc-toolkit/max11254-spi/max11254.c ****         if(MAX11254_in_standby(stat)) return true;
 268              		.loc 1 33 9 view .LVU53
  33:fw-lib-stm32-BuildKit/adc-toolkit/max11254-spi/max11254.c ****         if(MAX11254_in_standby(stat)) return true;
 269              		.loc 1 33 16 is_stmt 0 view .LVU54
 270 003c 206A     		ldr	r0, [r4, #32]
 271 003e FFF7FEFF 		bl	MAX11254_decode_stat
 272              	.LVL27:
 273 0042 8DF80400 		strb	r0, [sp, #4]
 274 0046 C0F30723 		ubfx	r3, r0, #8, #8
 275 004a 8DF80530 		strb	r3, [sp, #5]
 276 004e C0F30740 		ubfx	r0, r0, #16, #8
 277 0052 8DF80600 		strb	r0, [sp, #6]
  34:fw-lib-stm32-BuildKit/adc-toolkit/max11254-spi/max11254.c ****     }
 278              		.loc 1 34 9 is_stmt 1 view .LVU55
  34:fw-lib-stm32-BuildKit/adc-toolkit/max11254-spi/max11254.c ****     }
 279              		.loc 1 34 12 is_stmt 0 view .LVU56
 280 0056 0198     		ldr	r0, [sp, #4]
 281 0058 FFF7FEFF 		bl	MAX11254_in_standby
 282              	.LVL28:
  34:fw-lib-stm32-BuildKit/adc-toolkit/max11254-spi/max11254.c ****     }
 283              		.loc 1 34 11 view .LVU57
 284 005c 0346     		mov	r3, r0
 285 005e 0028     		cmp	r0, #0
 286 0060 E2D0     		beq	.L8
 287 0062 00E0     		b	.L9
 288              	.L12:
  37:fw-lib-stm32-BuildKit/adc-toolkit/max11254-spi/max11254.c **** }
ARM GAS  /tmp/ccVotwDj.s 			page 8


 289              		.loc 1 37 12 view .LVU58
 290 0064 0023     		movs	r3, #0
 291              	.L9:
  38:fw-lib-stm32-BuildKit/adc-toolkit/max11254-spi/max11254.c **** 
 292              		.loc 1 38 1 view .LVU59
 293 0066 1846     		mov	r0, r3
 294 0068 02B0     		add	sp, sp, #8
 295              	.LCFI7:
 296              		.cfi_def_cfa_offset 16
 297              		@ sp needed
 298 006a 70BD     		pop	{r4, r5, r6, pc}
  38:fw-lib-stm32-BuildKit/adc-toolkit/max11254-spi/max11254.c **** 
 299              		.loc 1 38 1 view .LVU60
 300              		.cfi_endproc
 301              	.LFE147:
 303              		.section	.text.MAX11254_convert_nowait,"ax",%progbits
 304              		.align	1
 305              		.global	MAX11254_convert_nowait
 306              		.syntax unified
 307              		.thumb
 308              		.thumb_func
 310              	MAX11254_convert_nowait:
 311              	.LVL29:
 312              	.LFB149:
  66:fw-lib-stm32-BuildKit/adc-toolkit/max11254-spi/max11254.c ****     MAX11254_Reg_stat stat;
 313              		.loc 1 66 1 is_stmt 1 view -0
 314              		.cfi_startproc
 315              		@ args = 0, pretend = 0, frame = 8
 316              		@ frame_needed = 0, uses_anonymous_args = 0
  66:fw-lib-stm32-BuildKit/adc-toolkit/max11254-spi/max11254.c ****     MAX11254_Reg_stat stat;
 317              		.loc 1 66 1 is_stmt 0 view .LVU62
 318 0000 10B5     		push	{r4, lr}
 319              	.LCFI8:
 320              		.cfi_def_cfa_offset 8
 321              		.cfi_offset 4, -8
 322              		.cfi_offset 14, -4
 323 0002 82B0     		sub	sp, sp, #8
 324              	.LCFI9:
 325              		.cfi_def_cfa_offset 16
 326 0004 0446     		mov	r4, r0
  67:fw-lib-stm32-BuildKit/adc-toolkit/max11254-spi/max11254.c ****     HAL_GPIO_WritePin(LD3_GPIO_Port, LD3_Pin, GPIO_PIN_SET);
 327              		.loc 1 67 5 is_stmt 1 view .LVU63
  68:fw-lib-stm32-BuildKit/adc-toolkit/max11254-spi/max11254.c ****     while(1)
 328              		.loc 1 68 5 view .LVU64
 329 0006 0122     		movs	r2, #1
 330 0008 4FF48041 		mov	r1, #16384
 331 000c 1348     		ldr	r0, .L18
 332              	.LVL30:
  68:fw-lib-stm32-BuildKit/adc-toolkit/max11254-spi/max11254.c ****     while(1)
 333              		.loc 1 68 5 is_stmt 0 view .LVU65
 334 000e FFF7FEFF 		bl	HAL_GPIO_WritePin
 335              	.LVL31:
 336 0012 04E0     		b	.L15
 337              	.L17:
  75:fw-lib-stm32-BuildKit/adc-toolkit/max11254-spi/max11254.c ****     }
 338              		.loc 1 75 9 is_stmt 1 view .LVU66
 339 0014 2279     		ldrb	r2, [r4, #4]	@ zero_extendqisi2
ARM GAS  /tmp/ccVotwDj.s 			page 9


 340 0016 0321     		movs	r1, #3
 341 0018 2046     		mov	r0, r4
 342 001a FFF7FEFF 		bl	MAX11254_command_nowait
 343              	.LVL32:
  69:fw-lib-stm32-BuildKit/adc-toolkit/max11254-spi/max11254.c ****     {
 344              		.loc 1 69 10 view .LVU67
 345              	.L15:
  69:fw-lib-stm32-BuildKit/adc-toolkit/max11254-spi/max11254.c ****     {
 346              		.loc 1 69 5 view .LVU68
  71:fw-lib-stm32-BuildKit/adc-toolkit/max11254-spi/max11254.c ****         stat = MAX11254_decode_stat(hchip->rx);
 347              		.loc 1 71 9 view .LVU69
 348 001e 0322     		movs	r2, #3
 349 0020 0021     		movs	r1, #0
 350 0022 2046     		mov	r0, r4
 351 0024 FFF7FEFF 		bl	MAX11254_reg_read_nowait
 352              	.LVL33:
  72:fw-lib-stm32-BuildKit/adc-toolkit/max11254-spi/max11254.c ****         if(MAX11254_in_conversion(stat)) break;
 353              		.loc 1 72 9 view .LVU70
  72:fw-lib-stm32-BuildKit/adc-toolkit/max11254-spi/max11254.c ****         if(MAX11254_in_conversion(stat)) break;
 354              		.loc 1 72 16 is_stmt 0 view .LVU71
 355 0028 206A     		ldr	r0, [r4, #32]
 356 002a FFF7FEFF 		bl	MAX11254_decode_stat
 357              	.LVL34:
 358 002e 8DF80400 		strb	r0, [sp, #4]
 359 0032 C0F30723 		ubfx	r3, r0, #8, #8
 360 0036 8DF80530 		strb	r3, [sp, #5]
 361 003a C0F30740 		ubfx	r0, r0, #16, #8
 362 003e 8DF80600 		strb	r0, [sp, #6]
  73:fw-lib-stm32-BuildKit/adc-toolkit/max11254-spi/max11254.c **** 
 363              		.loc 1 73 9 is_stmt 1 view .LVU72
  73:fw-lib-stm32-BuildKit/adc-toolkit/max11254-spi/max11254.c **** 
 364              		.loc 1 73 12 is_stmt 0 view .LVU73
 365 0042 0198     		ldr	r0, [sp, #4]
 366 0044 FFF7FEFF 		bl	MAX11254_in_conversion
 367              	.LVL35:
  73:fw-lib-stm32-BuildKit/adc-toolkit/max11254-spi/max11254.c **** 
 368              		.loc 1 73 11 view .LVU74
 369 0048 0028     		cmp	r0, #0
 370 004a E3D0     		beq	.L17
  77:fw-lib-stm32-BuildKit/adc-toolkit/max11254-spi/max11254.c **** }
 371              		.loc 1 77 5 is_stmt 1 view .LVU75
 372 004c 0022     		movs	r2, #0
 373 004e 4FF48041 		mov	r1, #16384
 374 0052 0248     		ldr	r0, .L18
 375 0054 FFF7FEFF 		bl	HAL_GPIO_WritePin
 376              	.LVL36:
  78:fw-lib-stm32-BuildKit/adc-toolkit/max11254-spi/max11254.c **** 
 377              		.loc 1 78 1 is_stmt 0 view .LVU76
 378 0058 02B0     		add	sp, sp, #8
 379              	.LCFI10:
 380              		.cfi_def_cfa_offset 8
 381              		@ sp needed
 382 005a 10BD     		pop	{r4, pc}
 383              	.LVL37:
 384              	.L19:
  78:fw-lib-stm32-BuildKit/adc-toolkit/max11254-spi/max11254.c **** 
 385              		.loc 1 78 1 view .LVU77
ARM GAS  /tmp/ccVotwDj.s 			page 10


 386              		.align	2
 387              	.L18:
 388 005c 00040240 		.word	1073873920
 389              		.cfi_endproc
 390              	.LFE149:
 392              		.section	.text.MAX11254_reg_write_nowait,"ax",%progbits
 393              		.align	1
 394              		.global	MAX11254_reg_write_nowait
 395              		.syntax unified
 396              		.thumb
 397              		.thumb_func
 399              	MAX11254_reg_write_nowait:
 400              	.LVL38:
 401              	.LFB151:
  95:fw-lib-stm32-BuildKit/adc-toolkit/max11254-spi/max11254.c **** 
  96:fw-lib-stm32-BuildKit/adc-toolkit/max11254-spi/max11254.c **** /**
  97:fw-lib-stm32-BuildKit/adc-toolkit/max11254-spi/max11254.c ****  * @brief   Write register in blocking way.
  98:fw-lib-stm32-BuildKit/adc-toolkit/max11254-spi/max11254.c ****  *
  99:fw-lib-stm32-BuildKit/adc-toolkit/max11254-spi/max11254.c ****  * @param hchip pointer to a MAX11254_HandleTypeDef structure.
 100:fw-lib-stm32-BuildKit/adc-toolkit/max11254-spi/max11254.c ****  * @param addr RS[4:0] bits.
 101:fw-lib-stm32-BuildKit/adc-toolkit/max11254-spi/max11254.c ****  * @param data 1 ~ 3 bytes to write.
 102:fw-lib-stm32-BuildKit/adc-toolkit/max11254-spi/max11254.c ****  * @param size byte length of data.
 103:fw-lib-stm32-BuildKit/adc-toolkit/max11254-spi/max11254.c ****  */
 104:fw-lib-stm32-BuildKit/adc-toolkit/max11254-spi/max11254.c **** void
 105:fw-lib-stm32-BuildKit/adc-toolkit/max11254-spi/max11254.c **** MAX11254_reg_write_nowait(MAX11254_HandleTypeDef *hchip, uint8_t addr,
 106:fw-lib-stm32-BuildKit/adc-toolkit/max11254-spi/max11254.c ****                           uint32_t data, uint8_t size)
 107:fw-lib-stm32-BuildKit/adc-toolkit/max11254-spi/max11254.c **** {
 402              		.loc 1 107 1 is_stmt 1 view -0
 403              		.cfi_startproc
 404              		@ args = 0, pretend = 0, frame = 0
 405              		@ frame_needed = 0, uses_anonymous_args = 0
 406              		.loc 1 107 1 is_stmt 0 view .LVU79
 407 0000 F8B5     		push	{r3, r4, r5, r6, r7, lr}
 408              	.LCFI11:
 409              		.cfi_def_cfa_offset 24
 410              		.cfi_offset 3, -24
 411              		.cfi_offset 4, -20
 412              		.cfi_offset 5, -16
 413              		.cfi_offset 6, -12
 414              		.cfi_offset 7, -8
 415              		.cfi_offset 14, -4
 416 0002 0546     		mov	r5, r0
 417 0004 0C46     		mov	r4, r1
 418 0006 1646     		mov	r6, r2
 419 0008 1F46     		mov	r7, r3
 108:fw-lib-stm32-BuildKit/adc-toolkit/max11254-spi/max11254.c ****     MAX11254_ENABLE(hchip);
 420              		.loc 1 108 5 is_stmt 1 view .LVU80
 421 000a 0022     		movs	r2, #0
 422              	.LVL39:
 423              		.loc 1 108 5 is_stmt 0 view .LVU81
 424 000c 8189     		ldrh	r1, [r0, #12]
 425              	.LVL40:
 426              		.loc 1 108 5 view .LVU82
 427 000e 8068     		ldr	r0, [r0, #8]
 428              	.LVL41:
 429              		.loc 1 108 5 view .LVU83
 430 0010 FFF7FEFF 		bl	HAL_GPIO_WritePin
ARM GAS  /tmp/ccVotwDj.s 			page 11


 431              	.LVL42:
 109:fw-lib-stm32-BuildKit/adc-toolkit/max11254-spi/max11254.c **** 
 110:fw-lib-stm32-BuildKit/adc-toolkit/max11254-spi/max11254.c ****     hchip->tx = MAX11254_CMD_REG(addr, 0);
 432              		.loc 1 110 5 is_stmt 1 view .LVU84
 433              		.loc 1 110 17 is_stmt 0 view .LVU85
 434 0014 6100     		lsls	r1, r4, #1
 435 0016 01F03E01 		and	r1, r1, #62
 436 001a 41F0C001 		orr	r1, r1, #192
 437              		.loc 1 110 15 view .LVU86
 438 001e 6962     		str	r1, [r5, #36]
 111:fw-lib-stm32-BuildKit/adc-toolkit/max11254-spi/max11254.c ****     hchip->tx |= data & ~MAX11254_CMD_MASK;
 439              		.loc 1 111 5 is_stmt 1 view .LVU87
 440              		.loc 1 111 23 is_stmt 0 view .LVU88
 441 0020 26F0FF06 		bic	r6, r6, #255
 442              	.LVL43:
 443              		.loc 1 111 15 view .LVU89
 444 0024 3143     		orrs	r1, r1, r6
 445 0026 6962     		str	r1, [r5, #36]
 112:fw-lib-stm32-BuildKit/adc-toolkit/max11254-spi/max11254.c ****     HAL_SPI_Transmit(hchip->hspi, (uint8_t *)&hchip->tx, 1 + size, 10);
 446              		.loc 1 112 5 is_stmt 1 view .LVU90
 447              		.loc 1 112 46 is_stmt 0 view .LVU91
 448 0028 2946     		mov	r1, r5
 449              		.loc 1 112 5 view .LVU92
 450 002a 51F8240B 		ldr	r0, [r1], #36
 451 002e 0A23     		movs	r3, #10
 452 0030 7A1C     		adds	r2, r7, #1
 453 0032 FFF7FEFF 		bl	HAL_SPI_Transmit
 454              	.LVL44:
 113:fw-lib-stm32-BuildKit/adc-toolkit/max11254-spi/max11254.c **** 
 114:fw-lib-stm32-BuildKit/adc-toolkit/max11254-spi/max11254.c ****     MAX11254_DISABLE(hchip);
 455              		.loc 1 114 5 is_stmt 1 view .LVU93
 456 0036 0122     		movs	r2, #1
 457 0038 A989     		ldrh	r1, [r5, #12]
 458 003a A868     		ldr	r0, [r5, #8]
 459 003c FFF7FEFF 		bl	HAL_GPIO_WritePin
 460              	.LVL45:
 115:fw-lib-stm32-BuildKit/adc-toolkit/max11254-spi/max11254.c **** }
 461              		.loc 1 115 1 is_stmt 0 view .LVU94
 462 0040 F8BD     		pop	{r3, r4, r5, r6, r7, pc}
 463              		.loc 1 115 1 view .LVU95
 464              		.cfi_endproc
 465              	.LFE151:
 467              		.section	.text.MAX11254_set_rate,"ax",%progbits
 468              		.align	1
 469              		.global	MAX11254_set_rate
 470              		.syntax unified
 471              		.thumb
 472              		.thumb_func
 474              	MAX11254_set_rate:
 475              	.LVL46:
 476              	.LFB152:
 116:fw-lib-stm32-BuildKit/adc-toolkit/max11254-spi/max11254.c **** 
 117:fw-lib-stm32-BuildKit/adc-toolkit/max11254-spi/max11254.c **** void
 118:fw-lib-stm32-BuildKit/adc-toolkit/max11254-spi/max11254.c **** MAX11254_set_rate(MAX11254_HandleTypeDef *hchip, uint8_t rate)
 119:fw-lib-stm32-BuildKit/adc-toolkit/max11254-spi/max11254.c **** {
 477              		.loc 1 119 1 is_stmt 1 view -0
 478              		.cfi_startproc
ARM GAS  /tmp/ccVotwDj.s 			page 12


 479              		@ args = 0, pretend = 0, frame = 0
 480              		@ frame_needed = 0, uses_anonymous_args = 0
 481              		@ link register save eliminated.
 120:fw-lib-stm32-BuildKit/adc-toolkit/max11254-spi/max11254.c ****     hchip->rate = rate & MAX11254_MASK(CMD_CONV_RATE);
 482              		.loc 1 120 5 view .LVU97
 483              		.loc 1 120 24 is_stmt 0 view .LVU98
 484 0000 01F00F01 		and	r1, r1, #15
 485              	.LVL47:
 486              		.loc 1 120 17 view .LVU99
 487 0004 0171     		strb	r1, [r0, #4]
 121:fw-lib-stm32-BuildKit/adc-toolkit/max11254-spi/max11254.c **** }
 488              		.loc 1 121 1 view .LVU100
 489 0006 7047     		bx	lr
 490              		.cfi_endproc
 491              	.LFE152:
 493              		.section	.text.MAX11254_Init,"ax",%progbits
 494              		.align	1
 495              		.global	MAX11254_Init
 496              		.syntax unified
 497              		.thumb
 498              		.thumb_func
 500              	MAX11254_Init:
 501              	.LFB153:
 122:fw-lib-stm32-BuildKit/adc-toolkit/max11254-spi/max11254.c **** 
 123:fw-lib-stm32-BuildKit/adc-toolkit/max11254-spi/max11254.c **** /*
 124:fw-lib-stm32-BuildKit/adc-toolkit/max11254-spi/max11254.c ****  * @brief   Initialize MAX11254_HandleTypeDef structure and reset it.
 125:fw-lib-stm32-BuildKit/adc-toolkit/max11254-spi/max11254.c ****  *
 126:fw-lib-stm32-BuildKit/adc-toolkit/max11254-spi/max11254.c ****  * @param   init
 127:fw-lib-stm32-BuildKit/adc-toolkit/max11254-spi/max11254.c ****  *
 128:fw-lib-stm32-BuildKit/adc-toolkit/max11254-spi/max11254.c ****  * @retval  pointer to MAX11254_HandleTypeDef structure if succeed to reset.
 129:fw-lib-stm32-BuildKit/adc-toolkit/max11254-spi/max11254.c ****  * */
 130:fw-lib-stm32-BuildKit/adc-toolkit/max11254-spi/max11254.c **** MAX11254_HandleTypeDef *
 131:fw-lib-stm32-BuildKit/adc-toolkit/max11254-spi/max11254.c **** MAX11254_Init(MAX11254_InitTypeDef init)
 132:fw-lib-stm32-BuildKit/adc-toolkit/max11254-spi/max11254.c **** {
 502              		.loc 1 132 1 is_stmt 1 view -0
 503              		.cfi_startproc
 504              		@ args = 28, pretend = 16, frame = 0
 505              		@ frame_needed = 0, uses_anonymous_args = 0
 506 0000 84B0     		sub	sp, sp, #16
 507              	.LCFI12:
 508              		.cfi_def_cfa_offset 16
 509 0002 10B5     		push	{r4, lr}
 510              	.LCFI13:
 511              		.cfi_def_cfa_offset 24
 512              		.cfi_offset 4, -24
 513              		.cfi_offset 14, -20
 514 0004 02AC     		add	r4, sp, #8
 515 0006 84E80F00 		stm	r4, {r0, r1, r2, r3}
 133:fw-lib-stm32-BuildKit/adc-toolkit/max11254-spi/max11254.c ****     MAX11254_HandleTypeDef *hchip =
 516              		.loc 1 133 5 view .LVU102
 134:fw-lib-stm32-BuildKit/adc-toolkit/max11254-spi/max11254.c ****         (MAX11254_HandleTypeDef *)malloc(sizeof(MAX11254_HandleTypeDef));
 517              		.loc 1 134 35 is_stmt 0 view .LVU103
 518 000a 2820     		movs	r0, #40
 519 000c FFF7FEFF 		bl	malloc
 520              	.LVL48:
 521 0010 0446     		mov	r4, r0
 522              	.LVL49:
ARM GAS  /tmp/ccVotwDj.s 			page 13


 135:fw-lib-stm32-BuildKit/adc-toolkit/max11254-spi/max11254.c **** 
 136:fw-lib-stm32-BuildKit/adc-toolkit/max11254-spi/max11254.c ****     hchip->rate = 0;
 523              		.loc 1 136 5 is_stmt 1 view .LVU104
 524              		.loc 1 136 17 is_stmt 0 view .LVU105
 525 0012 0023     		movs	r3, #0
 526 0014 0371     		strb	r3, [r0, #4]
 137:fw-lib-stm32-BuildKit/adc-toolkit/max11254-spi/max11254.c ****     hchip->hspi = init.hspi;
 527              		.loc 1 137 5 is_stmt 1 view .LVU106
 528              		.loc 1 137 23 is_stmt 0 view .LVU107
 529 0016 02AA     		add	r2, sp, #8
 530 0018 52F8041B 		ldr	r1, [r2], #4
 531              		.loc 1 137 17 view .LVU108
 532 001c 0346     		mov	r3, r0
 533 001e 43F8081B 		str	r1, [r3], #8
 138:fw-lib-stm32-BuildKit/adc-toolkit/max11254-spi/max11254.c ****     hchip->CSB  = init.CSB;
 534              		.loc 1 138 5 is_stmt 1 view .LVU109
 535              		.loc 1 138 17 is_stmt 0 view .LVU110
 536 0022 92E80300 		ldm	r2, {r0, r1}
 537              	.LVL50:
 538              		.loc 1 138 17 view .LVU111
 539 0026 83E80300 		stm	r3, {r0, r1}
 139:fw-lib-stm32-BuildKit/adc-toolkit/max11254-spi/max11254.c ****     hchip->RSTB = init.RSTB;
 540              		.loc 1 139 5 is_stmt 1 view .LVU112
 541              		.loc 1 139 17 is_stmt 0 view .LVU113
 542 002a 04F11003 		add	r3, r4, #16
 543 002e 05AA     		add	r2, sp, #20
 544 0030 92E80300 		ldm	r2, {r0, r1}
 545 0034 83E80300 		stm	r3, {r0, r1}
 140:fw-lib-stm32-BuildKit/adc-toolkit/max11254-spi/max11254.c ****     hchip->RDYB = init.RDYB;
 546              		.loc 1 140 5 is_stmt 1 view .LVU114
 547              		.loc 1 140 17 is_stmt 0 view .LVU115
 548 0038 04F11803 		add	r3, r4, #24
 549 003c 07AA     		add	r2, sp, #28
 550 003e 92E80300 		ldm	r2, {r0, r1}
 551 0042 83E80300 		stm	r3, {r0, r1}
 141:fw-lib-stm32-BuildKit/adc-toolkit/max11254-spi/max11254.c **** 
 142:fw-lib-stm32-BuildKit/adc-toolkit/max11254-spi/max11254.c ****     HAL_GPIO_WritePin(hchip->CSB.Port, hchip->CSB.Pin, GPIO_PIN_SET);
 552              		.loc 1 142 5 is_stmt 1 view .LVU116
 553 0046 0122     		movs	r2, #1
 554 0048 A189     		ldrh	r1, [r4, #12]
 555 004a A068     		ldr	r0, [r4, #8]
 556 004c FFF7FEFF 		bl	HAL_GPIO_WritePin
 557              	.LVL51:
 143:fw-lib-stm32-BuildKit/adc-toolkit/max11254-spi/max11254.c ****     if(MAX11254_reset_nowait(hchip, MAX11254_TIMEOUT_DEFAULT)) return hchip;
 558              		.loc 1 143 5 view .LVU117
 559              		.loc 1 143 8 is_stmt 0 view .LVU118
 560 0050 3221     		movs	r1, #50
 561 0052 2046     		mov	r0, r4
 562 0054 FFF7FEFF 		bl	MAX11254_reset_nowait
 563              	.LVL52:
 564              		.loc 1 143 7 view .LVU119
 565 0058 20B1     		cbz	r0, .L26
 566              	.LVL53:
 567              	.L23:
 144:fw-lib-stm32-BuildKit/adc-toolkit/max11254-spi/max11254.c **** 
 145:fw-lib-stm32-BuildKit/adc-toolkit/max11254-spi/max11254.c ****     free(hchip);
 146:fw-lib-stm32-BuildKit/adc-toolkit/max11254-spi/max11254.c ****     return NULL;
ARM GAS  /tmp/ccVotwDj.s 			page 14


 147:fw-lib-stm32-BuildKit/adc-toolkit/max11254-spi/max11254.c **** }
 568              		.loc 1 147 1 view .LVU120
 569 005a 2046     		mov	r0, r4
 570 005c BDE81040 		pop	{r4, lr}
 571              	.LCFI14:
 572              		.cfi_remember_state
 573              		.cfi_restore 14
 574              		.cfi_restore 4
 575              		.cfi_def_cfa_offset 16
 576 0060 04B0     		add	sp, sp, #16
 577              	.LCFI15:
 578              		.cfi_def_cfa_offset 0
 579 0062 7047     		bx	lr
 580              	.LVL54:
 581              	.L26:
 582              	.LCFI16:
 583              		.cfi_restore_state
 145:fw-lib-stm32-BuildKit/adc-toolkit/max11254-spi/max11254.c ****     return NULL;
 584              		.loc 1 145 5 is_stmt 1 view .LVU121
 585 0064 2046     		mov	r0, r4
 586 0066 FFF7FEFF 		bl	free
 587              	.LVL55:
 146:fw-lib-stm32-BuildKit/adc-toolkit/max11254-spi/max11254.c **** }
 588              		.loc 1 146 5 view .LVU122
 146:fw-lib-stm32-BuildKit/adc-toolkit/max11254-spi/max11254.c **** }
 589              		.loc 1 146 12 is_stmt 0 view .LVU123
 590 006a 0024     		movs	r4, #0
 591              	.LVL56:
 146:fw-lib-stm32-BuildKit/adc-toolkit/max11254-spi/max11254.c **** }
 592              		.loc 1 146 12 view .LVU124
 593 006c F5E7     		b	.L23
 594              		.cfi_endproc
 595              	.LFE153:
 597              		.section	.text.MAX11254_preset_multichannel_scan,"ax",%progbits
 598              		.align	1
 599              		.global	MAX11254_preset_multichannel_scan
 600              		.syntax unified
 601              		.thumb
 602              		.thumb_func
 604              	MAX11254_preset_multichannel_scan:
 605              	.LVL57:
 606              	.LFB154:
 148:fw-lib-stm32-BuildKit/adc-toolkit/max11254-spi/max11254.c **** 
 149:fw-lib-stm32-BuildKit/adc-toolkit/max11254-spi/max11254.c **** /**
 150:fw-lib-stm32-BuildKit/adc-toolkit/max11254-spi/max11254.c ****  * @brief   Preset for Sequencer Mode 2 (Multichannel Scan)
 151:fw-lib-stm32-BuildKit/adc-toolkit/max11254-spi/max11254.c ****  *
 152:fw-lib-stm32-BuildKit/adc-toolkit/max11254-spi/max11254.c ****  * @param   hchip
 153:fw-lib-stm32-BuildKit/adc-toolkit/max11254-spi/max11254.c ****  * @param   channel
 154:fw-lib-stm32-BuildKit/adc-toolkit/max11254-spi/max11254.c ****  * @param   mux_delay
 155:fw-lib-stm32-BuildKit/adc-toolkit/max11254-spi/max11254.c ****  * @param   gpo_delay
 156:fw-lib-stm32-BuildKit/adc-toolkit/max11254-spi/max11254.c ****  */
 157:fw-lib-stm32-BuildKit/adc-toolkit/max11254-spi/max11254.c **** void
 158:fw-lib-stm32-BuildKit/adc-toolkit/max11254-spi/max11254.c **** MAX11254_preset_multichannel_scan(MAX11254_HandleTypeDef *hchip,
 159:fw-lib-stm32-BuildKit/adc-toolkit/max11254-spi/max11254.c ****                                   uint8_t channel, uint8_t mux_delay,
 160:fw-lib-stm32-BuildKit/adc-toolkit/max11254-spi/max11254.c ****                                   uint8_t gpo_delay)
 161:fw-lib-stm32-BuildKit/adc-toolkit/max11254-spi/max11254.c **** {
 607              		.loc 1 161 1 is_stmt 1 view -0
ARM GAS  /tmp/ccVotwDj.s 			page 15


 608              		.cfi_startproc
 609              		@ args = 0, pretend = 0, frame = 16
 610              		@ frame_needed = 0, uses_anonymous_args = 0
 611              		.loc 1 161 1 is_stmt 0 view .LVU126
 612 0000 F0B5     		push	{r4, r5, r6, r7, lr}
 613              	.LCFI17:
 614              		.cfi_def_cfa_offset 20
 615              		.cfi_offset 4, -20
 616              		.cfi_offset 5, -16
 617              		.cfi_offset 6, -12
 618              		.cfi_offset 7, -8
 619              		.cfi_offset 14, -4
 620 0002 85B0     		sub	sp, sp, #20
 621              	.LCFI18:
 622              		.cfi_def_cfa_offset 40
 623 0004 0446     		mov	r4, r0
 162:fw-lib-stm32-BuildKit/adc-toolkit/max11254-spi/max11254.c ****     uint32_t            bytes;
 624              		.loc 1 162 5 is_stmt 1 view .LVU127
 163:fw-lib-stm32-BuildKit/adc-toolkit/max11254-spi/max11254.c **** 
 164:fw-lib-stm32-BuildKit/adc-toolkit/max11254-spi/max11254.c ****     MAX11254_Reg_ctrl2  ctrl2_config;
 625              		.loc 1 164 5 view .LVU128
 165:fw-lib-stm32-BuildKit/adc-toolkit/max11254-spi/max11254.c ****     MAX11254_Reg_seq    seq_config;
 626              		.loc 1 165 5 view .LVU129
 166:fw-lib-stm32-BuildKit/adc-toolkit/max11254-spi/max11254.c ****     MAX11254_Reg_delay  delay_config;
 627              		.loc 1 166 5 view .LVU130
 167:fw-lib-stm32-BuildKit/adc-toolkit/max11254-spi/max11254.c ****     MAX11254_Reg_chmap0 chmap0_config;
 628              		.loc 1 167 5 view .LVU131
 168:fw-lib-stm32-BuildKit/adc-toolkit/max11254-spi/max11254.c ****     MAX11254_Reg_chmap1 chmap1_config;
 629              		.loc 1 168 5 view .LVU132
 169:fw-lib-stm32-BuildKit/adc-toolkit/max11254-spi/max11254.c **** 
 170:fw-lib-stm32-BuildKit/adc-toolkit/max11254-spi/max11254.c ****     ctrl2_config = (MAX11254_Reg_ctrl2){
 630              		.loc 1 170 5 view .LVU133
 631              		.loc 1 170 18 is_stmt 0 view .LVU134
 632 0006 774D     		ldr	r5, .L39
 633 0008 2878     		ldrb	r0, [r5]	@ zero_extendqisi2
 634              	.LVL58:
 171:fw-lib-stm32-BuildKit/adc-toolkit/max11254-spi/max11254.c ****         .extclk = 0,
 172:fw-lib-stm32-BuildKit/adc-toolkit/max11254-spi/max11254.c ****         .cssen  = 1,
 173:fw-lib-stm32-BuildKit/adc-toolkit/max11254-spi/max11254.c ****         .ldoen  = 1,
 174:fw-lib-stm32-BuildKit/adc-toolkit/max11254-spi/max11254.c ****         .lpmode = 0,
 175:fw-lib-stm32-BuildKit/adc-toolkit/max11254-spi/max11254.c ****         .pgaen  = 1,
 176:fw-lib-stm32-BuildKit/adc-toolkit/max11254-spi/max11254.c ****         .pgag   = 0b111,
 177:fw-lib-stm32-BuildKit/adc-toolkit/max11254-spi/max11254.c ****     };
 178:fw-lib-stm32-BuildKit/adc-toolkit/max11254-spi/max11254.c **** 
 179:fw-lib-stm32-BuildKit/adc-toolkit/max11254-spi/max11254.c ****     seq_config = (MAX11254_Reg_seq){
 635              		.loc 1 179 5 is_stmt 1 view .LVU135
 636              		.loc 1 179 16 is_stmt 0 view .LVU136
 637 000a 2D79     		ldrb	r5, [r5, #4]	@ zero_extendqisi2
 180:fw-lib-stm32-BuildKit/adc-toolkit/max11254-spi/max11254.c ****         .mux     = 0,
 181:fw-lib-stm32-BuildKit/adc-toolkit/max11254-spi/max11254.c ****         .mode    = 0b01,
 182:fw-lib-stm32-BuildKit/adc-toolkit/max11254-spi/max11254.c ****         .gpodren = 0,
 183:fw-lib-stm32-BuildKit/adc-toolkit/max11254-spi/max11254.c ****         .mdren   = 1,
 184:fw-lib-stm32-BuildKit/adc-toolkit/max11254-spi/max11254.c ****         .rdyben  = 1,
 185:fw-lib-stm32-BuildKit/adc-toolkit/max11254-spi/max11254.c ****     };
 186:fw-lib-stm32-BuildKit/adc-toolkit/max11254-spi/max11254.c **** 
 187:fw-lib-stm32-BuildKit/adc-toolkit/max11254-spi/max11254.c ****     delay_config = (MAX11254_Reg_delay){
 638              		.loc 1 187 5 is_stmt 1 view .LVU137
ARM GAS  /tmp/ccVotwDj.s 			page 16


 639              		.loc 1 187 18 is_stmt 0 view .LVU138
 640 000c 8DF80C20 		strb	r2, [sp, #12]
 641 0010 8DF80D30 		strb	r3, [sp, #13]
 188:fw-lib-stm32-BuildKit/adc-toolkit/max11254-spi/max11254.c ****         .mux = mux_delay,
 189:fw-lib-stm32-BuildKit/adc-toolkit/max11254-spi/max11254.c ****         .gpo = gpo_delay,
 190:fw-lib-stm32-BuildKit/adc-toolkit/max11254-spi/max11254.c ****     };
 191:fw-lib-stm32-BuildKit/adc-toolkit/max11254-spi/max11254.c **** 
 192:fw-lib-stm32-BuildKit/adc-toolkit/max11254-spi/max11254.c ****     chmap0_config = (MAX11254_Reg_chmap0){
 642              		.loc 1 192 5 is_stmt 1 view .LVU139
 193:fw-lib-stm32-BuildKit/adc-toolkit/max11254-spi/max11254.c ****         .ch2_gpo   = 0,
 194:fw-lib-stm32-BuildKit/adc-toolkit/max11254-spi/max11254.c ****         .ch2_ord   = (channel > 2) ? 3 : 0,
 643              		.loc 1 194 40 is_stmt 0 view .LVU140
 644 0014 0229     		cmp	r1, #2
 645 0016 40F2D980 		bls	.L33
 646 001a 4FF0030E 		mov	lr, #3
 647              	.L28:
 195:fw-lib-stm32-BuildKit/adc-toolkit/max11254-spi/max11254.c ****         .ch2_en    = (channel > 2) ? 1 : 0,
 648              		.loc 1 195 40 view .LVU141
 649 001e 0229     		cmp	r1, #2
 650 0020 94BF     		ite	ls
 651 0022 4FF0000C 		movls	ip, #0
 652 0026 4FF0010C 		movhi	ip, #1
 196:fw-lib-stm32-BuildKit/adc-toolkit/max11254-spi/max11254.c ****         .ch2_gpoen = 0,
 197:fw-lib-stm32-BuildKit/adc-toolkit/max11254-spi/max11254.c ****         .ch1_gpo   = 0,
 198:fw-lib-stm32-BuildKit/adc-toolkit/max11254-spi/max11254.c ****         .ch1_ord   = (channel > 1) ? 2 : 0,
 653              		.loc 1 198 40 view .LVU142
 654 002a 0129     		cmp	r1, #1
 655 002c 40F2D180 		bls	.L34
 656 0030 0227     		movs	r7, #2
 657              	.L29:
 199:fw-lib-stm32-BuildKit/adc-toolkit/max11254-spi/max11254.c ****         .ch1_en    = (channel > 1) ? 1 : 0,
 658              		.loc 1 199 40 view .LVU143
 659 0032 0129     		cmp	r1, #1
 660 0034 94BF     		ite	ls
 661 0036 0026     		movls	r6, #0
 662 0038 0126     		movhi	r6, #1
 200:fw-lib-stm32-BuildKit/adc-toolkit/max11254-spi/max11254.c ****         .ch1_gpoen = 0,
 201:fw-lib-stm32-BuildKit/adc-toolkit/max11254-spi/max11254.c ****         .ch0_gpo   = 0,
 202:fw-lib-stm32-BuildKit/adc-toolkit/max11254-spi/max11254.c ****         .ch0_ord   = (channel > 0) ? 1 : 0,
 663              		.loc 1 202 40 view .LVU144
 664 003a 0A1E     		subs	r2, r1, #0
 665              	.LVL59:
 666              		.loc 1 202 40 view .LVU145
 667 003c 18BF     		it	ne
 668 003e 0122     		movne	r2, #1
 192:fw-lib-stm32-BuildKit/adc-toolkit/max11254-spi/max11254.c ****         .ch2_gpo   = 0,
 669              		.loc 1 192 19 view .LVU146
 670 0040 9DF80830 		ldrb	r3, [sp, #8]	@ zero_extendqisi2
 671              	.LVL60:
 192:fw-lib-stm32-BuildKit/adc-toolkit/max11254-spi/max11254.c ****         .ch2_gpo   = 0,
 672              		.loc 1 192 19 view .LVU147
 673 0044 6FF30103 		bfc	r3, #0, #2
 674 0048 8DF80830 		strb	r3, [sp, #8]
 675 004c DBB2     		uxtb	r3, r3
 676 004e 6EF38403 		bfi	r3, lr, #2, #3
 677 0052 8DF80830 		strb	r3, [sp, #8]
 678 0056 DBB2     		uxtb	r3, r3
ARM GAS  /tmp/ccVotwDj.s 			page 17


 679 0058 6CF34513 		bfi	r3, ip, #5, #1
 680 005c 8DF80830 		strb	r3, [sp, #8]
 681 0060 DBB2     		uxtb	r3, r3
 682 0062 6FF38613 		bfc	r3, #6, #1
 683 0066 8DF80830 		strb	r3, [sp, #8]
 684 006a 9DF80930 		ldrb	r3, [sp, #9]	@ zero_extendqisi2
 685 006e 6FF30103 		bfc	r3, #0, #2
 686 0072 8DF80930 		strb	r3, [sp, #9]
 687 0076 DBB2     		uxtb	r3, r3
 688 0078 67F38403 		bfi	r3, r7, #2, #3
 689 007c 8DF80930 		strb	r3, [sp, #9]
 690 0080 DBB2     		uxtb	r3, r3
 691 0082 66F34513 		bfi	r3, r6, #5, #1
 692 0086 8DF80930 		strb	r3, [sp, #9]
 693 008a DBB2     		uxtb	r3, r3
 694 008c 6FF38613 		bfc	r3, #6, #1
 695 0090 8DF80930 		strb	r3, [sp, #9]
 696 0094 9DF80A30 		ldrb	r3, [sp, #10]	@ zero_extendqisi2
 697 0098 6FF30103 		bfc	r3, #0, #2
 698 009c 8DF80A30 		strb	r3, [sp, #10]
 699 00a0 DBB2     		uxtb	r3, r3
 700 00a2 62F38403 		bfi	r3, r2, #2, #3
 701 00a6 8DF80A30 		strb	r3, [sp, #10]
 702 00aa DBB2     		uxtb	r3, r3
 703 00ac 62F34513 		bfi	r3, r2, #5, #1
 704 00b0 8DF80A30 		strb	r3, [sp, #10]
 705 00b4 DBB2     		uxtb	r3, r3
 706 00b6 6FF38613 		bfc	r3, #6, #1
 707 00ba 8DF80A30 		strb	r3, [sp, #10]
 203:fw-lib-stm32-BuildKit/adc-toolkit/max11254-spi/max11254.c ****         .ch0_en    = (channel > 0) ? 1 : 0,
 204:fw-lib-stm32-BuildKit/adc-toolkit/max11254-spi/max11254.c ****         .ch0_gpoen = 0,
 205:fw-lib-stm32-BuildKit/adc-toolkit/max11254-spi/max11254.c ****     };
 206:fw-lib-stm32-BuildKit/adc-toolkit/max11254-spi/max11254.c **** 
 207:fw-lib-stm32-BuildKit/adc-toolkit/max11254-spi/max11254.c ****     chmap1_config = (MAX11254_Reg_chmap1){
 708              		.loc 1 207 5 is_stmt 1 view .LVU148
 208:fw-lib-stm32-BuildKit/adc-toolkit/max11254-spi/max11254.c ****         .ch5_gpo   = 0,
 209:fw-lib-stm32-BuildKit/adc-toolkit/max11254-spi/max11254.c ****         .ch5_ord   = (channel > 5) ? 6 : 0,
 709              		.loc 1 209 40 is_stmt 0 view .LVU149
 710 00be 0529     		cmp	r1, #5
 711 00c0 40F28980 		bls	.L35
 712 00c4 0627     		movs	r7, #6
 713              	.L30:
 210:fw-lib-stm32-BuildKit/adc-toolkit/max11254-spi/max11254.c ****         .ch5_en    = (channel > 5) ? 1 : 0,
 714              		.loc 1 210 40 view .LVU150
 715 00c6 0529     		cmp	r1, #5
 716 00c8 94BF     		ite	ls
 717 00ca 0026     		movls	r6, #0
 718 00cc 0126     		movhi	r6, #1
 211:fw-lib-stm32-BuildKit/adc-toolkit/max11254-spi/max11254.c ****         .ch5_gpoen = 0,
 212:fw-lib-stm32-BuildKit/adc-toolkit/max11254-spi/max11254.c ****         .ch4_gpo   = 0,
 213:fw-lib-stm32-BuildKit/adc-toolkit/max11254-spi/max11254.c ****         .ch4_ord   = (channel > 4) ? 5 : 0,
 719              		.loc 1 213 40 view .LVU151
 720 00ce 0429     		cmp	r1, #4
 721 00d0 40F28380 		bls	.L36
 722 00d4 4FF0050E 		mov	lr, #5
 723              	.L31:
 214:fw-lib-stm32-BuildKit/adc-toolkit/max11254-spi/max11254.c ****         .ch4_en    = (channel > 4) ? 1 : 0,
ARM GAS  /tmp/ccVotwDj.s 			page 18


 724              		.loc 1 214 40 view .LVU152
 725 00d8 0429     		cmp	r1, #4
 726 00da 94BF     		ite	ls
 727 00dc 4FF0000C 		movls	ip, #0
 728 00e0 4FF0010C 		movhi	ip, #1
 215:fw-lib-stm32-BuildKit/adc-toolkit/max11254-spi/max11254.c ****         .ch4_gpoen = 0,
 216:fw-lib-stm32-BuildKit/adc-toolkit/max11254-spi/max11254.c ****         .ch3_gpo   = 0,
 217:fw-lib-stm32-BuildKit/adc-toolkit/max11254-spi/max11254.c ****         .ch3_ord   = (channel > 3) ? 4 : 0,
 729              		.loc 1 217 40 view .LVU153
 730 00e4 0329     		cmp	r1, #3
 731 00e6 7BD9     		bls	.L37
 732 00e8 0422     		movs	r2, #4
 733              	.L32:
 218:fw-lib-stm32-BuildKit/adc-toolkit/max11254-spi/max11254.c ****         .ch3_en    = (channel > 3) ? 1 : 0,
 734              		.loc 1 218 40 view .LVU154
 735 00ea 0329     		cmp	r1, #3
 736 00ec 94BF     		ite	ls
 737 00ee 0021     		movls	r1, #0
 738              	.LVL61:
 739              		.loc 1 218 40 view .LVU155
 740 00f0 0121     		movhi	r1, #1
 207:fw-lib-stm32-BuildKit/adc-toolkit/max11254-spi/max11254.c ****         .ch5_gpo   = 0,
 741              		.loc 1 207 19 view .LVU156
 742 00f2 9DF80430 		ldrb	r3, [sp, #4]	@ zero_extendqisi2
 743 00f6 6FF30103 		bfc	r3, #0, #2
 744 00fa 8DF80430 		strb	r3, [sp, #4]
 745 00fe DBB2     		uxtb	r3, r3
 746 0100 67F38403 		bfi	r3, r7, #2, #3
 747 0104 8DF80430 		strb	r3, [sp, #4]
 748 0108 DBB2     		uxtb	r3, r3
 749 010a 66F34513 		bfi	r3, r6, #5, #1
 750 010e 8DF80430 		strb	r3, [sp, #4]
 751 0112 DBB2     		uxtb	r3, r3
 752 0114 6FF38613 		bfc	r3, #6, #1
 753 0118 8DF80430 		strb	r3, [sp, #4]
 754 011c 9DF80530 		ldrb	r3, [sp, #5]	@ zero_extendqisi2
 755 0120 6FF30103 		bfc	r3, #0, #2
 756 0124 8DF80530 		strb	r3, [sp, #5]
 757 0128 DBB2     		uxtb	r3, r3
 758 012a 6EF38403 		bfi	r3, lr, #2, #3
 759 012e 8DF80530 		strb	r3, [sp, #5]
 760 0132 DBB2     		uxtb	r3, r3
 761 0134 6CF34513 		bfi	r3, ip, #5, #1
 762 0138 8DF80530 		strb	r3, [sp, #5]
 763 013c DBB2     		uxtb	r3, r3
 764 013e 6FF38613 		bfc	r3, #6, #1
 765 0142 8DF80530 		strb	r3, [sp, #5]
 766 0146 9DF80630 		ldrb	r3, [sp, #6]	@ zero_extendqisi2
 767 014a 6FF30103 		bfc	r3, #0, #2
 768 014e 8DF80630 		strb	r3, [sp, #6]
 769 0152 DBB2     		uxtb	r3, r3
 770 0154 62F38403 		bfi	r3, r2, #2, #3
 771 0158 8DF80630 		strb	r3, [sp, #6]
 772 015c DBB2     		uxtb	r3, r3
 773 015e 61F34513 		bfi	r3, r1, #5, #1
 774 0162 8DF80630 		strb	r3, [sp, #6]
 775 0166 DBB2     		uxtb	r3, r3
ARM GAS  /tmp/ccVotwDj.s 			page 19


 776 0168 6FF38613 		bfc	r3, #6, #1
 777 016c 8DF80630 		strb	r3, [sp, #6]
 219:fw-lib-stm32-BuildKit/adc-toolkit/max11254-spi/max11254.c ****         .ch3_gpoen = 0,
 220:fw-lib-stm32-BuildKit/adc-toolkit/max11254-spi/max11254.c ****     };
 221:fw-lib-stm32-BuildKit/adc-toolkit/max11254-spi/max11254.c **** 
 222:fw-lib-stm32-BuildKit/adc-toolkit/max11254-spi/max11254.c ****     bytes = MAX11254_encode_ctrl2(ctrl2_config);
 778              		.loc 1 222 5 is_stmt 1 view .LVU157
 779              		.loc 1 222 13 is_stmt 0 view .LVU158
 780 0170 FFF7FEFF 		bl	MAX11254_encode_ctrl2
 781              	.LVL62:
 782 0174 0246     		mov	r2, r0
 783              	.LVL63:
 223:fw-lib-stm32-BuildKit/adc-toolkit/max11254-spi/max11254.c ****     MAX11254_reg_write_nowait(hchip, MAX11254_RS(CTRL2), bytes,
 784              		.loc 1 223 5 is_stmt 1 view .LVU159
 785 0176 0123     		movs	r3, #1
 786 0178 0221     		movs	r1, #2
 787 017a 2046     		mov	r0, r4
 788              	.LVL64:
 789              		.loc 1 223 5 is_stmt 0 view .LVU160
 790 017c FFF7FEFF 		bl	MAX11254_reg_write_nowait
 791              	.LVL65:
 224:fw-lib-stm32-BuildKit/adc-toolkit/max11254-spi/max11254.c ****                               MAX11254_SIZE(CTRL2));
 225:fw-lib-stm32-BuildKit/adc-toolkit/max11254-spi/max11254.c **** 
 226:fw-lib-stm32-BuildKit/adc-toolkit/max11254-spi/max11254.c ****     bytes = MAX11254_encode_seq(seq_config);
 792              		.loc 1 226 5 is_stmt 1 view .LVU161
 793              		.loc 1 226 13 is_stmt 0 view .LVU162
 794 0180 2846     		mov	r0, r5
 795 0182 FFF7FEFF 		bl	MAX11254_encode_seq
 796              	.LVL66:
 797 0186 0246     		mov	r2, r0
 798              	.LVL67:
 227:fw-lib-stm32-BuildKit/adc-toolkit/max11254-spi/max11254.c ****     MAX11254_reg_write_nowait(hchip, MAX11254_RS(SEQ), bytes,
 799              		.loc 1 227 5 is_stmt 1 view .LVU163
 800 0188 0123     		movs	r3, #1
 801 018a 0821     		movs	r1, #8
 802 018c 2046     		mov	r0, r4
 803              	.LVL68:
 804              		.loc 1 227 5 is_stmt 0 view .LVU164
 805 018e FFF7FEFF 		bl	MAX11254_reg_write_nowait
 806              	.LVL69:
 228:fw-lib-stm32-BuildKit/adc-toolkit/max11254-spi/max11254.c ****                               MAX11254_SIZE(SEQ));
 229:fw-lib-stm32-BuildKit/adc-toolkit/max11254-spi/max11254.c **** 
 230:fw-lib-stm32-BuildKit/adc-toolkit/max11254-spi/max11254.c ****     bytes = MAX11254_encode_delay(delay_config);
 807              		.loc 1 230 5 is_stmt 1 view .LVU165
 808              		.loc 1 230 13 is_stmt 0 view .LVU166
 809 0192 0398     		ldr	r0, [sp, #12]
 810 0194 FFF7FEFF 		bl	MAX11254_encode_delay
 811              	.LVL70:
 812 0198 0246     		mov	r2, r0
 813              	.LVL71:
 231:fw-lib-stm32-BuildKit/adc-toolkit/max11254-spi/max11254.c ****     MAX11254_reg_write_nowait(hchip, MAX11254_RS(DELAY), bytes,
 814              		.loc 1 231 5 is_stmt 1 view .LVU167
 815 019a 0223     		movs	r3, #2
 816 019c 0521     		movs	r1, #5
 817 019e 2046     		mov	r0, r4
 818              	.LVL72:
 819              		.loc 1 231 5 is_stmt 0 view .LVU168
ARM GAS  /tmp/ccVotwDj.s 			page 20


 820 01a0 FFF7FEFF 		bl	MAX11254_reg_write_nowait
 821              	.LVL73:
 232:fw-lib-stm32-BuildKit/adc-toolkit/max11254-spi/max11254.c ****                               MAX11254_SIZE(DELAY));
 233:fw-lib-stm32-BuildKit/adc-toolkit/max11254-spi/max11254.c **** 
 234:fw-lib-stm32-BuildKit/adc-toolkit/max11254-spi/max11254.c ****     bytes = MAX11254_encode_chmap0(chmap0_config);
 822              		.loc 1 234 5 is_stmt 1 view .LVU169
 823              		.loc 1 234 13 is_stmt 0 view .LVU170
 824 01a4 0298     		ldr	r0, [sp, #8]
 825 01a6 FFF7FEFF 		bl	MAX11254_encode_chmap0
 826              	.LVL74:
 827 01aa 0246     		mov	r2, r0
 828              	.LVL75:
 235:fw-lib-stm32-BuildKit/adc-toolkit/max11254-spi/max11254.c ****     MAX11254_reg_write_nowait(hchip, MAX11254_RS(CHMAP0), bytes,
 829              		.loc 1 235 5 is_stmt 1 view .LVU171
 830 01ac 0323     		movs	r3, #3
 831 01ae 0721     		movs	r1, #7
 832 01b0 2046     		mov	r0, r4
 833              	.LVL76:
 834              		.loc 1 235 5 is_stmt 0 view .LVU172
 835 01b2 FFF7FEFF 		bl	MAX11254_reg_write_nowait
 836              	.LVL77:
 236:fw-lib-stm32-BuildKit/adc-toolkit/max11254-spi/max11254.c ****                               MAX11254_SIZE(CHMAP0));
 237:fw-lib-stm32-BuildKit/adc-toolkit/max11254-spi/max11254.c **** 
 238:fw-lib-stm32-BuildKit/adc-toolkit/max11254-spi/max11254.c ****     bytes = MAX11254_encode_chmap1(chmap1_config);
 837              		.loc 1 238 5 is_stmt 1 view .LVU173
 838              		.loc 1 238 13 is_stmt 0 view .LVU174
 839 01b6 0198     		ldr	r0, [sp, #4]
 840 01b8 FFF7FEFF 		bl	MAX11254_encode_chmap1
 841              	.LVL78:
 842 01bc 0246     		mov	r2, r0
 843              	.LVL79:
 239:fw-lib-stm32-BuildKit/adc-toolkit/max11254-spi/max11254.c ****     MAX11254_reg_write_nowait(hchip, MAX11254_RS(CHMAP1), bytes,
 844              		.loc 1 239 5 is_stmt 1 view .LVU175
 845 01be 0323     		movs	r3, #3
 846 01c0 0621     		movs	r1, #6
 847 01c2 2046     		mov	r0, r4
 848              	.LVL80:
 849              		.loc 1 239 5 is_stmt 0 view .LVU176
 850 01c4 FFF7FEFF 		bl	MAX11254_reg_write_nowait
 851              	.LVL81:
 240:fw-lib-stm32-BuildKit/adc-toolkit/max11254-spi/max11254.c ****                               MAX11254_SIZE(CHMAP1));
 241:fw-lib-stm32-BuildKit/adc-toolkit/max11254-spi/max11254.c **** }
 852              		.loc 1 241 1 view .LVU177
 853 01c8 05B0     		add	sp, sp, #20
 854              	.LCFI19:
 855              		.cfi_remember_state
 856              		.cfi_def_cfa_offset 20
 857              		@ sp needed
 858 01ca F0BD     		pop	{r4, r5, r6, r7, pc}
 859              	.LVL82:
 860              	.L33:
 861              	.LCFI20:
 862              		.cfi_restore_state
 194:fw-lib-stm32-BuildKit/adc-toolkit/max11254-spi/max11254.c ****         .ch2_en    = (channel > 2) ? 1 : 0,
 863              		.loc 1 194 40 view .LVU178
 864 01cc 4FF0000E 		mov	lr, #0
 865 01d0 25E7     		b	.L28
ARM GAS  /tmp/ccVotwDj.s 			page 21


 866              	.L34:
 198:fw-lib-stm32-BuildKit/adc-toolkit/max11254-spi/max11254.c ****         .ch1_en    = (channel > 1) ? 1 : 0,
 867              		.loc 1 198 40 view .LVU179
 868 01d2 0027     		movs	r7, #0
 869 01d4 2DE7     		b	.L29
 870              	.LVL83:
 871              	.L35:
 209:fw-lib-stm32-BuildKit/adc-toolkit/max11254-spi/max11254.c ****         .ch5_en    = (channel > 5) ? 1 : 0,
 872              		.loc 1 209 40 view .LVU180
 873 01d6 0027     		movs	r7, #0
 874 01d8 75E7     		b	.L30
 875              	.L36:
 213:fw-lib-stm32-BuildKit/adc-toolkit/max11254-spi/max11254.c ****         .ch4_en    = (channel > 4) ? 1 : 0,
 876              		.loc 1 213 40 view .LVU181
 877 01da 4FF0000E 		mov	lr, #0
 878 01de 7BE7     		b	.L31
 879              	.L37:
 217:fw-lib-stm32-BuildKit/adc-toolkit/max11254-spi/max11254.c ****         .ch3_en    = (channel > 3) ? 1 : 0,
 880              		.loc 1 217 40 view .LVU182
 881 01e0 0022     		movs	r2, #0
 882 01e2 82E7     		b	.L32
 883              	.L40:
 884              		.align	2
 885              	.L39:
 886 01e4 00000000 		.word	.LANCHOR0
 887              		.cfi_endproc
 888              	.LFE154:
 890              		.section	.rodata
 891              		.align	2
 892              		.set	.LANCHOR0,. + 0
 893              	.LC0:
 894 0000 F6       		.byte	246
 895 0001 000000   		.space	3
 896              	.LC1:
 897 0004 C8       		.byte	200
 898              		.text
 899              	.Letext0:
 900              		.file 2 "/usr/share/gcc-arm-none-eabi-10.3-2021.10/arm-none-eabi/include/machine/_default_types.h"
 901              		.file 3 "/usr/share/gcc-arm-none-eabi-10.3-2021.10/arm-none-eabi/include/sys/_stdint.h"
 902              		.file 4 "Drivers/CMSIS/Device/ST/STM32F7xx/Include/stm32f746xx.h"
 903              		.file 5 "Drivers/STM32F7xx_HAL_Driver/Inc/stm32f7xx_hal_def.h"
 904              		.file 6 "Drivers/STM32F7xx_HAL_Driver/Inc/stm32f7xx_hal_gpio.h"
 905              		.file 7 "Drivers/STM32F7xx_HAL_Driver/Inc/stm32f7xx_hal_dma.h"
 906              		.file 8 "Drivers/STM32F7xx_HAL_Driver/Inc/stm32f7xx_hal_spi.h"
 907              		.file 9 "fw-lib-stm32-BuildKit/adc-toolkit/max11254-spi/max11254_register.h"
 908              		.file 10 "fw-lib-stm32-BuildKit/adc-toolkit/max11254-spi/max11254.h"
 909              		.file 11 "fw-lib-stm32-CocktailOS/kernel/peripheral/cocktail_gpio.h"
 910              		.file 12 "/usr/share/gcc-arm-none-eabi-10.3-2021.10/arm-none-eabi/include/stdlib.h"
 911              		.file 13 "Drivers/STM32F7xx_HAL_Driver/Inc/stm32f7xx_hal.h"
ARM GAS  /tmp/ccVotwDj.s 			page 22


DEFINED SYMBOLS
                            *ABS*:0000000000000000 max11254.c
     /tmp/ccVotwDj.s:20     .text.MAX11254_is_data_ready:0000000000000000 $t
     /tmp/ccVotwDj.s:26     .text.MAX11254_is_data_ready:0000000000000000 MAX11254_is_data_ready
     /tmp/ccVotwDj.s:56     .text.MAX11254_command_nowait:0000000000000000 $t
     /tmp/ccVotwDj.s:62     .text.MAX11254_command_nowait:0000000000000000 MAX11254_command_nowait
     /tmp/ccVotwDj.s:123    .text.MAX11254_reg_read_nowait:0000000000000000 $t
     /tmp/ccVotwDj.s:129    .text.MAX11254_reg_read_nowait:0000000000000000 MAX11254_reg_read_nowait
     /tmp/ccVotwDj.s:197    .text.MAX11254_reset_nowait:0000000000000000 $t
     /tmp/ccVotwDj.s:203    .text.MAX11254_reset_nowait:0000000000000000 MAX11254_reset_nowait
     /tmp/ccVotwDj.s:304    .text.MAX11254_convert_nowait:0000000000000000 $t
     /tmp/ccVotwDj.s:310    .text.MAX11254_convert_nowait:0000000000000000 MAX11254_convert_nowait
     /tmp/ccVotwDj.s:388    .text.MAX11254_convert_nowait:000000000000005c $d
     /tmp/ccVotwDj.s:393    .text.MAX11254_reg_write_nowait:0000000000000000 $t
     /tmp/ccVotwDj.s:399    .text.MAX11254_reg_write_nowait:0000000000000000 MAX11254_reg_write_nowait
     /tmp/ccVotwDj.s:468    .text.MAX11254_set_rate:0000000000000000 $t
     /tmp/ccVotwDj.s:474    .text.MAX11254_set_rate:0000000000000000 MAX11254_set_rate
     /tmp/ccVotwDj.s:494    .text.MAX11254_Init:0000000000000000 $t
     /tmp/ccVotwDj.s:500    .text.MAX11254_Init:0000000000000000 MAX11254_Init
     /tmp/ccVotwDj.s:598    .text.MAX11254_preset_multichannel_scan:0000000000000000 $t
     /tmp/ccVotwDj.s:604    .text.MAX11254_preset_multichannel_scan:0000000000000000 MAX11254_preset_multichannel_scan
     /tmp/ccVotwDj.s:886    .text.MAX11254_preset_multichannel_scan:00000000000001e4 $d
     /tmp/ccVotwDj.s:891    .rodata:0000000000000000 $d

UNDEFINED SYMBOLS
HAL_GPIO_ReadPin
HAL_GPIO_WritePin
HAL_SPI_Transmit
HAL_SPI_TransmitReceive
HAL_Delay
HAL_GetTick
MAX11254_decode_stat
MAX11254_in_standby
MAX11254_in_conversion
malloc
free
MAX11254_encode_ctrl2
MAX11254_encode_seq
MAX11254_encode_delay
MAX11254_encode_chmap0
MAX11254_encode_chmap1
