ARM GAS  /tmp/cchMKayS.s 			page 1


   1              		.cpu cortex-m7
   2              		.arch armv7e-m
   3              		.fpu fpv5-sp-d16
   4              		.eabi_attribute 27, 1
   5              		.eabi_attribute 28, 1
   6              		.eabi_attribute 20, 1
   7              		.eabi_attribute 21, 1
   8              		.eabi_attribute 23, 3
   9              		.eabi_attribute 24, 1
  10              		.eabi_attribute 25, 1
  11              		.eabi_attribute 26, 1
  12              		.eabi_attribute 30, 1
  13              		.eabi_attribute 34, 1
  14              		.eabi_attribute 18, 4
  15              		.file	"max116xx.c"
  16              		.text
  17              	.Ltext0:
  18              		.cfi_sections	.debug_frame
  19              		.section	.text.MAX116xx_setup,"ax",%progbits
  20              		.align	1
  21              		.global	MAX116xx_setup
  22              		.syntax unified
  23              		.thumb
  24              		.thumb_func
  26              	MAX116xx_setup:
  27              	.LVL0:
  28              	.LFB146:
  29              		.file 1 "fw-lib-stm32-BuildKit/adc-toolkit/max116xx-i2c/App/max116xx.c"
   1:fw-lib-stm32-BuildKit/adc-toolkit/max116xx-i2c/App/max116xx.c **** #include "max116xx.h"
   2:fw-lib-stm32-BuildKit/adc-toolkit/max116xx-i2c/App/max116xx.c **** 
   3:fw-lib-stm32-BuildKit/adc-toolkit/max116xx-i2c/App/max116xx.c **** void
   4:fw-lib-stm32-BuildKit/adc-toolkit/max116xx-i2c/App/max116xx.c **** MAX116xx_setup(MAX116xx_HandleTypeDef *hchip, uint8_t setup_byte)
   5:fw-lib-stm32-BuildKit/adc-toolkit/max116xx-i2c/App/max116xx.c **** {
  30              		.loc 1 5 1 view -0
  31              		.cfi_startproc
  32              		@ args = 0, pretend = 0, frame = 0
  33              		@ frame_needed = 0, uses_anonymous_args = 0
  34              		@ link register save eliminated.
   6:fw-lib-stm32-BuildKit/adc-toolkit/max116xx-i2c/App/max116xx.c ****     hchip->program.setup = setup_byte;
  35              		.loc 1 6 5 view .LVU1
  36              		.loc 1 6 26 is_stmt 0 view .LVU2
  37 0000 4171     		strb	r1, [r0, #5]
   7:fw-lib-stm32-BuildKit/adc-toolkit/max116xx-i2c/App/max116xx.c **** }
  38              		.loc 1 7 1 view .LVU3
  39 0002 7047     		bx	lr
  40              		.cfi_endproc
  41              	.LFE146:
  43              		.section	.text.MAX116xx_setSEL,"ax",%progbits
  44              		.align	1
  45              		.global	MAX116xx_setSEL
  46              		.syntax unified
  47              		.thumb
  48              		.thumb_func
  50              	MAX116xx_setSEL:
  51              	.LVL1:
  52              	.LFB147:
   8:fw-lib-stm32-BuildKit/adc-toolkit/max116xx-i2c/App/max116xx.c **** 
ARM GAS  /tmp/cchMKayS.s 			page 2


   9:fw-lib-stm32-BuildKit/adc-toolkit/max116xx-i2c/App/max116xx.c **** void
  10:fw-lib-stm32-BuildKit/adc-toolkit/max116xx-i2c/App/max116xx.c **** MAX116xx_setSEL(MAX116xx_HandleTypeDef *hchip, uint8_t sel)
  11:fw-lib-stm32-BuildKit/adc-toolkit/max116xx-i2c/App/max116xx.c **** {
  53              		.loc 1 11 1 is_stmt 1 view -0
  54              		.cfi_startproc
  55              		@ args = 0, pretend = 0, frame = 0
  56              		@ frame_needed = 0, uses_anonymous_args = 0
  57              		@ link register save eliminated.
  12:fw-lib-stm32-BuildKit/adc-toolkit/max116xx-i2c/App/max116xx.c ****     sel = sel & MAX116XX_SETUP_SEL_MASK;
  58              		.loc 1 12 5 view .LVU5
  59              		.loc 1 12 9 is_stmt 0 view .LVU6
  60 0000 01F00701 		and	r1, r1, #7
  61              	.LVL2:
  13:fw-lib-stm32-BuildKit/adc-toolkit/max116xx-i2c/App/max116xx.c ****     hchip->program.setup &=
  62              		.loc 1 13 5 is_stmt 1 view .LVU7
  63              		.loc 1 13 26 is_stmt 0 view .LVU8
  64 0004 4379     		ldrb	r3, [r0, #5]	@ zero_extendqisi2
  65 0006 03F08F03 		and	r3, r3, #143
  66 000a 4371     		strb	r3, [r0, #5]
  14:fw-lib-stm32-BuildKit/adc-toolkit/max116xx-i2c/App/max116xx.c ****         ~(MAX116XX_SETUP_SEL_MASK << MAX116XX_SETUP_SEL_OFFSET);
  15:fw-lib-stm32-BuildKit/adc-toolkit/max116xx-i2c/App/max116xx.c ****     hchip->program.setup |= (sel << MAX116XX_SETUP_SEL_OFFSET);
  67              		.loc 1 15 5 is_stmt 1 view .LVU9
  68              		.loc 1 15 26 is_stmt 0 view .LVU10
  69 000c 43EA0113 		orr	r3, r3, r1, lsl #4
  70 0010 4371     		strb	r3, [r0, #5]
  16:fw-lib-stm32-BuildKit/adc-toolkit/max116xx-i2c/App/max116xx.c **** }
  71              		.loc 1 16 1 view .LVU11
  72 0012 7047     		bx	lr
  73              		.cfi_endproc
  74              	.LFE147:
  76              		.section	.text.MAX116xx_setCLK,"ax",%progbits
  77              		.align	1
  78              		.global	MAX116xx_setCLK
  79              		.syntax unified
  80              		.thumb
  81              		.thumb_func
  83              	MAX116xx_setCLK:
  84              	.LVL3:
  85              	.LFB148:
  17:fw-lib-stm32-BuildKit/adc-toolkit/max116xx-i2c/App/max116xx.c **** void
  18:fw-lib-stm32-BuildKit/adc-toolkit/max116xx-i2c/App/max116xx.c **** MAX116xx_setCLK(MAX116xx_HandleTypeDef *hchip, MAX116XX_ClockModeTypeDef mode)
  19:fw-lib-stm32-BuildKit/adc-toolkit/max116xx-i2c/App/max116xx.c **** {
  86              		.loc 1 19 1 is_stmt 1 view -0
  87              		.cfi_startproc
  88              		@ args = 0, pretend = 0, frame = 0
  89              		@ frame_needed = 0, uses_anonymous_args = 0
  90              		@ link register save eliminated.
  20:fw-lib-stm32-BuildKit/adc-toolkit/max116xx-i2c/App/max116xx.c ****     mode = mode & MAX116XX_SETUP_CLK_MASK;
  91              		.loc 1 20 5 view .LVU13
  92              		.loc 1 20 10 is_stmt 0 view .LVU14
  93 0000 01F00101 		and	r1, r1, #1
  94              	.LVL4:
  21:fw-lib-stm32-BuildKit/adc-toolkit/max116xx-i2c/App/max116xx.c ****     hchip->program.setup &=
  95              		.loc 1 21 5 is_stmt 1 view .LVU15
  96              		.loc 1 21 26 is_stmt 0 view .LVU16
  97 0004 4379     		ldrb	r3, [r0, #5]	@ zero_extendqisi2
  98 0006 03F0F703 		and	r3, r3, #247
ARM GAS  /tmp/cchMKayS.s 			page 3


  99 000a 4371     		strb	r3, [r0, #5]
  22:fw-lib-stm32-BuildKit/adc-toolkit/max116xx-i2c/App/max116xx.c ****         ~(MAX116XX_SETUP_CLK_MASK << MAX116XX_SETUP_CLK_OFFSET);
  23:fw-lib-stm32-BuildKit/adc-toolkit/max116xx-i2c/App/max116xx.c ****     hchip->program.setup |= (mode << MAX116XX_SETUP_CLK_OFFSET);
 100              		.loc 1 23 5 is_stmt 1 view .LVU17
 101              		.loc 1 23 26 is_stmt 0 view .LVU18
 102 000c 43EAC103 		orr	r3, r3, r1, lsl #3
 103 0010 4371     		strb	r3, [r0, #5]
  24:fw-lib-stm32-BuildKit/adc-toolkit/max116xx-i2c/App/max116xx.c **** }
 104              		.loc 1 24 1 view .LVU19
 105 0012 7047     		bx	lr
 106              		.cfi_endproc
 107              	.LFE148:
 109              		.section	.text.MAX116xx_setPOLAR,"ax",%progbits
 110              		.align	1
 111              		.global	MAX116xx_setPOLAR
 112              		.syntax unified
 113              		.thumb
 114              		.thumb_func
 116              	MAX116xx_setPOLAR:
 117              	.LVL5:
 118              	.LFB149:
  25:fw-lib-stm32-BuildKit/adc-toolkit/max116xx-i2c/App/max116xx.c **** 
  26:fw-lib-stm32-BuildKit/adc-toolkit/max116xx-i2c/App/max116xx.c **** void
  27:fw-lib-stm32-BuildKit/adc-toolkit/max116xx-i2c/App/max116xx.c **** MAX116xx_setPOLAR(MAX116xx_HandleTypeDef *hchip, MAX116XX_PolarModeTypeDef mode)
  28:fw-lib-stm32-BuildKit/adc-toolkit/max116xx-i2c/App/max116xx.c **** {
 119              		.loc 1 28 1 is_stmt 1 view -0
 120              		.cfi_startproc
 121              		@ args = 0, pretend = 0, frame = 0
 122              		@ frame_needed = 0, uses_anonymous_args = 0
 123              		@ link register save eliminated.
  29:fw-lib-stm32-BuildKit/adc-toolkit/max116xx-i2c/App/max116xx.c ****     mode = mode & MAX116XX_SETUP_POL_MASK;
 124              		.loc 1 29 5 view .LVU21
 125              		.loc 1 29 10 is_stmt 0 view .LVU22
 126 0000 01F00101 		and	r1, r1, #1
 127              	.LVL6:
  30:fw-lib-stm32-BuildKit/adc-toolkit/max116xx-i2c/App/max116xx.c ****     hchip->program.setup &=
 128              		.loc 1 30 5 is_stmt 1 view .LVU23
 129              		.loc 1 30 26 is_stmt 0 view .LVU24
 130 0004 4379     		ldrb	r3, [r0, #5]	@ zero_extendqisi2
 131 0006 03F0FB03 		and	r3, r3, #251
 132 000a 4371     		strb	r3, [r0, #5]
  31:fw-lib-stm32-BuildKit/adc-toolkit/max116xx-i2c/App/max116xx.c ****         ~(MAX116XX_SETUP_POL_MASK << MAX116XX_SETUP_POL_OFFSET);
  32:fw-lib-stm32-BuildKit/adc-toolkit/max116xx-i2c/App/max116xx.c ****     hchip->program.setup |= (mode << MAX116XX_SETUP_POL_OFFSET);
 133              		.loc 1 32 5 is_stmt 1 view .LVU25
 134              		.loc 1 32 26 is_stmt 0 view .LVU26
 135 000c 43EA8103 		orr	r3, r3, r1, lsl #2
 136 0010 4371     		strb	r3, [r0, #5]
  33:fw-lib-stm32-BuildKit/adc-toolkit/max116xx-i2c/App/max116xx.c **** }
 137              		.loc 1 33 1 view .LVU27
 138 0012 7047     		bx	lr
 139              		.cfi_endproc
 140              	.LFE149:
 142              		.section	.text.MAX116xx_config,"ax",%progbits
 143              		.align	1
 144              		.global	MAX116xx_config
 145              		.syntax unified
 146              		.thumb
ARM GAS  /tmp/cchMKayS.s 			page 4


 147              		.thumb_func
 149              	MAX116xx_config:
 150              	.LVL7:
 151              	.LFB150:
  34:fw-lib-stm32-BuildKit/adc-toolkit/max116xx-i2c/App/max116xx.c **** 
  35:fw-lib-stm32-BuildKit/adc-toolkit/max116xx-i2c/App/max116xx.c **** void
  36:fw-lib-stm32-BuildKit/adc-toolkit/max116xx-i2c/App/max116xx.c **** MAX116xx_config(MAX116xx_HandleTypeDef *hchip, uint8_t config_byte)
  37:fw-lib-stm32-BuildKit/adc-toolkit/max116xx-i2c/App/max116xx.c **** {
 152              		.loc 1 37 1 is_stmt 1 view -0
 153              		.cfi_startproc
 154              		@ args = 0, pretend = 0, frame = 0
 155              		@ frame_needed = 0, uses_anonymous_args = 0
 156              		@ link register save eliminated.
  38:fw-lib-stm32-BuildKit/adc-toolkit/max116xx-i2c/App/max116xx.c ****     hchip->program.config = config_byte;
 157              		.loc 1 38 5 view .LVU29
 158              		.loc 1 38 27 is_stmt 0 view .LVU30
 159 0000 8171     		strb	r1, [r0, #6]
  39:fw-lib-stm32-BuildKit/adc-toolkit/max116xx-i2c/App/max116xx.c **** }
 160              		.loc 1 39 1 view .LVU31
 161 0002 7047     		bx	lr
 162              		.cfi_endproc
 163              	.LFE150:
 165              		.section	.text.MAX116xx_configSCAN,"ax",%progbits
 166              		.align	1
 167              		.global	MAX116xx_configSCAN
 168              		.syntax unified
 169              		.thumb
 170              		.thumb_func
 172              	MAX116xx_configSCAN:
 173              	.LVL8:
 174              	.LFB151:
  40:fw-lib-stm32-BuildKit/adc-toolkit/max116xx-i2c/App/max116xx.c **** 
  41:fw-lib-stm32-BuildKit/adc-toolkit/max116xx-i2c/App/max116xx.c **** void
  42:fw-lib-stm32-BuildKit/adc-toolkit/max116xx-i2c/App/max116xx.c **** MAX116xx_configSCAN(MAX116xx_HandleTypeDef *hchip, uint8_t scan)
  43:fw-lib-stm32-BuildKit/adc-toolkit/max116xx-i2c/App/max116xx.c **** {
 175              		.loc 1 43 1 is_stmt 1 view -0
 176              		.cfi_startproc
 177              		@ args = 0, pretend = 0, frame = 0
 178              		@ frame_needed = 0, uses_anonymous_args = 0
 179              		@ link register save eliminated.
  44:fw-lib-stm32-BuildKit/adc-toolkit/max116xx-i2c/App/max116xx.c ****     scan = scan & MAX116XX_CONFIG_SCAN_MASK;
 180              		.loc 1 44 5 view .LVU33
 181              		.loc 1 44 10 is_stmt 0 view .LVU34
 182 0000 01F00301 		and	r1, r1, #3
 183              	.LVL9:
  45:fw-lib-stm32-BuildKit/adc-toolkit/max116xx-i2c/App/max116xx.c ****     hchip->program.config &=
 184              		.loc 1 45 5 is_stmt 1 view .LVU35
 185              		.loc 1 45 27 is_stmt 0 view .LVU36
 186 0004 8379     		ldrb	r3, [r0, #6]	@ zero_extendqisi2
 187 0006 03F09F03 		and	r3, r3, #159
 188 000a 8371     		strb	r3, [r0, #6]
  46:fw-lib-stm32-BuildKit/adc-toolkit/max116xx-i2c/App/max116xx.c ****         ~(MAX116XX_CONFIG_SCAN_MASK << MAX116XX_CONFIG_SCAN_OFFSET);
  47:fw-lib-stm32-BuildKit/adc-toolkit/max116xx-i2c/App/max116xx.c ****     hchip->program.config |= (scan << MAX116XX_CONFIG_SCAN_OFFSET);
 189              		.loc 1 47 5 is_stmt 1 view .LVU37
 190              		.loc 1 47 27 is_stmt 0 view .LVU38
 191 000c 43EA4113 		orr	r3, r3, r1, lsl #5
 192 0010 8371     		strb	r3, [r0, #6]
ARM GAS  /tmp/cchMKayS.s 			page 5


  48:fw-lib-stm32-BuildKit/adc-toolkit/max116xx-i2c/App/max116xx.c **** }
 193              		.loc 1 48 1 view .LVU39
 194 0012 7047     		bx	lr
 195              		.cfi_endproc
 196              	.LFE151:
 198              		.section	.text.MAX116xx_configCS,"ax",%progbits
 199              		.align	1
 200              		.global	MAX116xx_configCS
 201              		.syntax unified
 202              		.thumb
 203              		.thumb_func
 205              	MAX116xx_configCS:
 206              	.LVL10:
 207              	.LFB152:
  49:fw-lib-stm32-BuildKit/adc-toolkit/max116xx-i2c/App/max116xx.c **** 
  50:fw-lib-stm32-BuildKit/adc-toolkit/max116xx-i2c/App/max116xx.c **** void
  51:fw-lib-stm32-BuildKit/adc-toolkit/max116xx-i2c/App/max116xx.c **** MAX116xx_configCS(MAX116xx_HandleTypeDef *hchip, uint8_t cs)
  52:fw-lib-stm32-BuildKit/adc-toolkit/max116xx-i2c/App/max116xx.c **** {
 208              		.loc 1 52 1 is_stmt 1 view -0
 209              		.cfi_startproc
 210              		@ args = 0, pretend = 0, frame = 0
 211              		@ frame_needed = 0, uses_anonymous_args = 0
 212              		@ link register save eliminated.
  53:fw-lib-stm32-BuildKit/adc-toolkit/max116xx-i2c/App/max116xx.c ****     cs = cs & MAX116XX_CONFIG_CS_MASK;
 213              		.loc 1 53 5 view .LVU41
 214              		.loc 1 53 8 is_stmt 0 view .LVU42
 215 0000 01F00F01 		and	r1, r1, #15
 216              	.LVL11:
  54:fw-lib-stm32-BuildKit/adc-toolkit/max116xx-i2c/App/max116xx.c ****     hchip->program.config &=
 217              		.loc 1 54 5 is_stmt 1 view .LVU43
 218              		.loc 1 54 27 is_stmt 0 view .LVU44
 219 0004 8379     		ldrb	r3, [r0, #6]	@ zero_extendqisi2
 220 0006 03F0E103 		and	r3, r3, #225
 221 000a 8371     		strb	r3, [r0, #6]
  55:fw-lib-stm32-BuildKit/adc-toolkit/max116xx-i2c/App/max116xx.c ****         ~(MAX116XX_CONFIG_CS_MASK << MAX116XX_CONFIG_CS_OFFSET);
  56:fw-lib-stm32-BuildKit/adc-toolkit/max116xx-i2c/App/max116xx.c ****     hchip->program.config |= (cs << MAX116XX_CONFIG_CS_OFFSET);
 222              		.loc 1 56 5 is_stmt 1 view .LVU45
 223              		.loc 1 56 27 is_stmt 0 view .LVU46
 224 000c 43EA4103 		orr	r3, r3, r1, lsl #1
 225 0010 8371     		strb	r3, [r0, #6]
  57:fw-lib-stm32-BuildKit/adc-toolkit/max116xx-i2c/App/max116xx.c **** }
 226              		.loc 1 57 1 view .LVU47
 227 0012 7047     		bx	lr
 228              		.cfi_endproc
 229              	.LFE152:
 231              		.section	.text.MAX116xx_configSGLDIF,"ax",%progbits
 232              		.align	1
 233              		.global	MAX116xx_configSGLDIF
 234              		.syntax unified
 235              		.thumb
 236              		.thumb_func
 238              	MAX116xx_configSGLDIF:
 239              	.LVL12:
 240              	.LFB153:
  58:fw-lib-stm32-BuildKit/adc-toolkit/max116xx-i2c/App/max116xx.c **** 
  59:fw-lib-stm32-BuildKit/adc-toolkit/max116xx-i2c/App/max116xx.c **** void
  60:fw-lib-stm32-BuildKit/adc-toolkit/max116xx-i2c/App/max116xx.c **** MAX116xx_configSGLDIF(MAX116xx_HandleTypeDef   *hchip,
ARM GAS  /tmp/cchMKayS.s 			page 6


  61:fw-lib-stm32-BuildKit/adc-toolkit/max116xx-i2c/App/max116xx.c ****                       MAX116XX_InputModeTypeDef mode)
  62:fw-lib-stm32-BuildKit/adc-toolkit/max116xx-i2c/App/max116xx.c **** {
 241              		.loc 1 62 1 is_stmt 1 view -0
 242              		.cfi_startproc
 243              		@ args = 0, pretend = 0, frame = 0
 244              		@ frame_needed = 0, uses_anonymous_args = 0
 245              		@ link register save eliminated.
  63:fw-lib-stm32-BuildKit/adc-toolkit/max116xx-i2c/App/max116xx.c ****     mode = mode & MAX116XX_CONFIG_SD_MASK;
 246              		.loc 1 63 5 view .LVU49
 247              		.loc 1 63 10 is_stmt 0 view .LVU50
 248 0000 01F00101 		and	r1, r1, #1
 249              	.LVL13:
  64:fw-lib-stm32-BuildKit/adc-toolkit/max116xx-i2c/App/max116xx.c ****     hchip->program.config &=
 250              		.loc 1 64 5 is_stmt 1 view .LVU51
 251              		.loc 1 64 27 is_stmt 0 view .LVU52
 252 0004 8379     		ldrb	r3, [r0, #6]	@ zero_extendqisi2
 253 0006 03F0FE03 		and	r3, r3, #254
 254 000a 8371     		strb	r3, [r0, #6]
  65:fw-lib-stm32-BuildKit/adc-toolkit/max116xx-i2c/App/max116xx.c ****         ~(MAX116XX_CONFIG_SD_MASK << MAX116XX_CONFIG_SD_OFFSET);
  66:fw-lib-stm32-BuildKit/adc-toolkit/max116xx-i2c/App/max116xx.c ****     hchip->program.config |= (mode << MAX116XX_CONFIG_SD_OFFSET);
 255              		.loc 1 66 5 is_stmt 1 view .LVU53
 256              		.loc 1 66 27 is_stmt 0 view .LVU54
 257 000c 0B43     		orrs	r3, r3, r1
 258 000e 8371     		strb	r3, [r0, #6]
  67:fw-lib-stm32-BuildKit/adc-toolkit/max116xx-i2c/App/max116xx.c **** }
 259              		.loc 1 67 1 view .LVU55
 260 0010 7047     		bx	lr
 261              		.cfi_endproc
 262              	.LFE153:
 264              		.text
 265              	.Letext0:
 266              		.file 2 "/usr/share/gcc-arm-none-eabi-10.3-2021.10/arm-none-eabi/include/machine/_default_types.h"
 267              		.file 3 "/usr/share/gcc-arm-none-eabi-10.3-2021.10/arm-none-eabi/include/sys/_stdint.h"
 268              		.file 4 "fw-lib-stm32-CocktailOS/kernel/core/task.h"
 269              		.file 5 "fw-lib-stm32-CocktailOS/kernel/core/pcb.h"
 270              		.file 6 "Drivers/CMSIS/Device/ST/STM32F7xx/Include/stm32f746xx.h"
 271              		.file 7 "Drivers/STM32F7xx_HAL_Driver/Inc/stm32f7xx_hal_def.h"
 272              		.file 8 "Drivers/STM32F7xx_HAL_Driver/Inc/stm32f7xx_hal_dma.h"
 273              		.file 9 "Drivers/STM32F7xx_HAL_Driver/Inc/stm32f7xx_hal_i2c.h"
 274              		.file 10 "fw-lib-stm32-CocktailOS/kernel/core/event.h"
 275              		.file 11 "fw-lib-stm32-BuildKit/adc-essential/adc_generic.h"
 276              		.file 12 "fw-lib-stm32-BuildKit/adc-toolkit/max116xx-i2c/Target/max116xx_platform.h"
 277              		.file 13 "fw-lib-stm32-CocktailOS/kernel/peripheral/cocktail_periph.h"
ARM GAS  /tmp/cchMKayS.s 			page 7


DEFINED SYMBOLS
                            *ABS*:0000000000000000 max116xx.c
     /tmp/cchMKayS.s:20     .text.MAX116xx_setup:0000000000000000 $t
     /tmp/cchMKayS.s:26     .text.MAX116xx_setup:0000000000000000 MAX116xx_setup
     /tmp/cchMKayS.s:44     .text.MAX116xx_setSEL:0000000000000000 $t
     /tmp/cchMKayS.s:50     .text.MAX116xx_setSEL:0000000000000000 MAX116xx_setSEL
     /tmp/cchMKayS.s:77     .text.MAX116xx_setCLK:0000000000000000 $t
     /tmp/cchMKayS.s:83     .text.MAX116xx_setCLK:0000000000000000 MAX116xx_setCLK
     /tmp/cchMKayS.s:110    .text.MAX116xx_setPOLAR:0000000000000000 $t
     /tmp/cchMKayS.s:116    .text.MAX116xx_setPOLAR:0000000000000000 MAX116xx_setPOLAR
     /tmp/cchMKayS.s:143    .text.MAX116xx_config:0000000000000000 $t
     /tmp/cchMKayS.s:149    .text.MAX116xx_config:0000000000000000 MAX116xx_config
     /tmp/cchMKayS.s:166    .text.MAX116xx_configSCAN:0000000000000000 $t
     /tmp/cchMKayS.s:172    .text.MAX116xx_configSCAN:0000000000000000 MAX116xx_configSCAN
     /tmp/cchMKayS.s:199    .text.MAX116xx_configCS:0000000000000000 $t
     /tmp/cchMKayS.s:205    .text.MAX116xx_configCS:0000000000000000 MAX116xx_configCS
     /tmp/cchMKayS.s:232    .text.MAX116xx_configSGLDIF:0000000000000000 $t
     /tmp/cchMKayS.s:238    .text.MAX116xx_configSGLDIF:0000000000000000 MAX116xx_configSGLDIF

NO UNDEFINED SYMBOLS
