ARM GAS  /tmp/ccpIafu4.s 			page 1


   1              		.cpu cortex-m7
   2              		.arch armv7e-m
   3              		.fpu fpv5-sp-d16
   4              		.eabi_attribute 27, 1
   5              		.eabi_attribute 28, 1
   6              		.eabi_attribute 20, 1
   7              		.eabi_attribute 21, 1
   8              		.eabi_attribute 23, 3
   9              		.eabi_attribute 24, 1
  10              		.eabi_attribute 25, 1
  11              		.eabi_attribute 26, 1
  12              		.eabi_attribute 30, 1
  13              		.eabi_attribute 34, 1
  14              		.eabi_attribute 18, 4
  15              		.file	"mux.c"
  16              		.text
  17              	.Ltext0:
  18              		.cfi_sections	.debug_frame
  19              		.section	.text.mux_task,"ax",%progbits
  20              		.align	1
  21              		.global	mux_task
  22              		.syntax unified
  23              		.thumb
  24              		.thumb_func
  26              	mux_task:
  27              	.LVL0:
  28              	.LFB146:
  29              		.file 1 "fw-lib-stm32-BuildKit/multiplexer/mux.c"
   1:fw-lib-stm32-BuildKit/multiplexer/mux.c **** #include "mux.h"
   2:fw-lib-stm32-BuildKit/multiplexer/mux.c **** 
   3:fw-lib-stm32-BuildKit/multiplexer/mux.c **** TASK_FN(mux_task)
   4:fw-lib-stm32-BuildKit/multiplexer/mux.c **** {
  30              		.loc 1 4 1 view -0
  31              		.cfi_startproc
  32              		@ args = 0, pretend = 0, frame = 0
  33              		@ frame_needed = 0, uses_anonymous_args = 0
  34              		.loc 1 4 1 is_stmt 0 view .LVU1
  35 0000 38B5     		push	{r3, r4, r5, lr}
  36              	.LCFI0:
  37              		.cfi_def_cfa_offset 16
  38              		.cfi_offset 3, -16
  39              		.cfi_offset 4, -12
  40              		.cfi_offset 5, -8
  41              		.cfi_offset 14, -4
  42 0002 0546     		mov	r5, r0
   5:fw-lib-stm32-BuildKit/multiplexer/mux.c ****     MUX_TypeDef *mux = TASK_CTX(MUX_TypeDef);
  43              		.loc 1 5 5 is_stmt 1 view .LVU2
  44              		.loc 1 5 18 is_stmt 0 view .LVU3
  45 0004 4468     		ldr	r4, [r0, #4]
  46              	.LVL1:
   6:fw-lib-stm32-BuildKit/multiplexer/mux.c **** 
   7:fw-lib-stm32-BuildKit/multiplexer/mux.c ****     mux->rank--;
  47              		.loc 1 7 5 is_stmt 1 view .LVU4
  48              		.loc 1 7 8 is_stmt 0 view .LVU5
  49 0006 6179     		ldrb	r1, [r4, #5]	@ zero_extendqisi2
  50              		.loc 1 7 14 view .LVU6
  51 0008 0139     		subs	r1, r1, #1
ARM GAS  /tmp/ccpIafu4.s 			page 2


  52 000a C9B2     		uxtb	r1, r1
  53 000c 6171     		strb	r1, [r4, #5]
   8:fw-lib-stm32-BuildKit/multiplexer/mux.c ****     Decoder_select(mux->decoder, mux->rank);
  54              		.loc 1 8 5 is_stmt 1 view .LVU7
  55 000e 2068     		ldr	r0, [r4]
  56              	.LVL2:
  57              		.loc 1 8 5 is_stmt 0 view .LVU8
  58 0010 FFF7FEFF 		bl	Decoder_select
  59              	.LVL3:
   9:fw-lib-stm32-BuildKit/multiplexer/mux.c **** 
  10:fw-lib-stm32-BuildKit/multiplexer/mux.c ****     if(mux->rank < mux->scan_size)
  60              		.loc 1 10 5 is_stmt 1 view .LVU9
  61              		.loc 1 10 11 is_stmt 0 view .LVU10
  62 0014 6279     		ldrb	r2, [r4, #5]	@ zero_extendqisi2
  63              		.loc 1 10 23 view .LVU11
  64 0016 2379     		ldrb	r3, [r4, #4]	@ zero_extendqisi2
  65              		.loc 1 10 7 view .LVU12
  66 0018 9A42     		cmp	r2, r3
  67 001a 01D3     		bcc	.L7
  11:fw-lib-stm32-BuildKit/multiplexer/mux.c ****     {
  12:fw-lib-stm32-BuildKit/multiplexer/mux.c ****         SET_NEXT_TASK(NEW_TASK(COCKTAIL_POLLING_ID, mux_task, mux));
  13:fw-lib-stm32-BuildKit/multiplexer/mux.c ****         SET_NEXT_TASK(
  14:fw-lib-stm32-BuildKit/multiplexer/mux.c ****             NEW_TASK(COCKTAIL_POLLING_ID, mux->task_fn, mux->task_ctx));
  15:fw-lib-stm32-BuildKit/multiplexer/mux.c ****         SLEEP(mux->settling_time);
  16:fw-lib-stm32-BuildKit/multiplexer/mux.c ****     }
  17:fw-lib-stm32-BuildKit/multiplexer/mux.c ****     else mux->rank = mux->scan_size;
  68              		.loc 1 17 10 is_stmt 1 view .LVU13
  69              		.loc 1 17 20 is_stmt 0 view .LVU14
  70 001c 6371     		strb	r3, [r4, #5]
  71              	.L1:
  18:fw-lib-stm32-BuildKit/multiplexer/mux.c **** }
  72              		.loc 1 18 1 view .LVU15
  73 001e 38BD     		pop	{r3, r4, r5, pc}
  74              	.LVL4:
  75              	.L7:
  12:fw-lib-stm32-BuildKit/multiplexer/mux.c ****         SET_NEXT_TASK(
  76              		.loc 1 12 9 is_stmt 1 view .LVU16
  77              	.LBB2:
  12:fw-lib-stm32-BuildKit/multiplexer/mux.c ****         SET_NEXT_TASK(
  78              		.loc 1 12 9 view .LVU17
  79 0020 2246     		mov	r2, r4
  80 0022 1449     		ldr	r1, .L10
  81 0024 0020     		movs	r0, #0
  82 0026 FFF7FEFF 		bl	Cocktail_newTask
  83              	.LVL5:
  12:fw-lib-stm32-BuildKit/multiplexer/mux.c ****         SET_NEXT_TASK(
  84              		.loc 1 12 9 view .LVU18
  85              	.LBB3:
  12:fw-lib-stm32-BuildKit/multiplexer/mux.c ****         SET_NEXT_TASK(
  86              		.loc 1 12 9 view .LVU19
  12:fw-lib-stm32-BuildKit/multiplexer/mux.c ****         SET_NEXT_TASK(
  87              		.loc 1 12 9 view .LVU20
  12:fw-lib-stm32-BuildKit/multiplexer/mux.c ****         SET_NEXT_TASK(
  88              		.loc 1 12 9 view .LVU21
  89 002a EB68     		ldr	r3, [r5, #12]
  90 002c DB68     		ldr	r3, [r3, #12]
  91 002e 0361     		str	r3, [r0, #16]
ARM GAS  /tmp/ccpIafu4.s 			page 3


  92 0030 ABB1     		cbz	r3, .L8
  93              	.L3:
  12:fw-lib-stm32-BuildKit/multiplexer/mux.c ****         SET_NEXT_TASK(
  94              		.loc 1 12 9 discriminator 3 view .LVU22
  95 0032 EB68     		ldr	r3, [r5, #12]
  96 0034 D860     		str	r0, [r3, #12]
  12:fw-lib-stm32-BuildKit/multiplexer/mux.c ****         SET_NEXT_TASK(
  97              		.loc 1 12 9 discriminator 3 view .LVU23
  98              	.LBE3:
  12:fw-lib-stm32-BuildKit/multiplexer/mux.c ****         SET_NEXT_TASK(
  99              		.loc 1 12 9 discriminator 3 view .LVU24
  12:fw-lib-stm32-BuildKit/multiplexer/mux.c ****         SET_NEXT_TASK(
 100              		.loc 1 12 9 discriminator 3 view .LVU25
 101 0036 EB68     		ldr	r3, [r5, #12]
 102 0038 C360     		str	r3, [r0, #12]
 103              	.LBE2:
  12:fw-lib-stm32-BuildKit/multiplexer/mux.c ****         SET_NEXT_TASK(
 104              		.loc 1 12 9 discriminator 3 view .LVU26
  13:fw-lib-stm32-BuildKit/multiplexer/mux.c ****             NEW_TASK(COCKTAIL_POLLING_ID, mux->task_fn, mux->task_ctx));
 105              		.loc 1 13 9 discriminator 3 view .LVU27
 106              	.LBB5:
  13:fw-lib-stm32-BuildKit/multiplexer/mux.c ****             NEW_TASK(COCKTAIL_POLLING_ID, mux->task_fn, mux->task_ctx));
 107              		.loc 1 13 9 discriminator 3 view .LVU28
 108 003a 2269     		ldr	r2, [r4, #16]
 109 003c E168     		ldr	r1, [r4, #12]
 110 003e 0020     		movs	r0, #0
 111              	.LVL6:
  13:fw-lib-stm32-BuildKit/multiplexer/mux.c ****             NEW_TASK(COCKTAIL_POLLING_ID, mux->task_fn, mux->task_ctx));
 112              		.loc 1 13 9 is_stmt 0 discriminator 3 view .LVU29
 113 0040 FFF7FEFF 		bl	Cocktail_newTask
 114              	.LVL7:
 115 0044 0346     		mov	r3, r0
 116              	.LVL8:
  13:fw-lib-stm32-BuildKit/multiplexer/mux.c ****             NEW_TASK(COCKTAIL_POLLING_ID, mux->task_fn, mux->task_ctx));
 117              		.loc 1 13 9 is_stmt 1 discriminator 3 view .LVU30
 118              	.LBB6:
  13:fw-lib-stm32-BuildKit/multiplexer/mux.c ****             NEW_TASK(COCKTAIL_POLLING_ID, mux->task_fn, mux->task_ctx));
 119              		.loc 1 13 9 discriminator 3 view .LVU31
  13:fw-lib-stm32-BuildKit/multiplexer/mux.c ****             NEW_TASK(COCKTAIL_POLLING_ID, mux->task_fn, mux->task_ctx));
 120              		.loc 1 13 9 discriminator 3 view .LVU32
  13:fw-lib-stm32-BuildKit/multiplexer/mux.c ****             NEW_TASK(COCKTAIL_POLLING_ID, mux->task_fn, mux->task_ctx));
 121              		.loc 1 13 9 discriminator 3 view .LVU33
 122 0046 EA68     		ldr	r2, [r5, #12]
 123 0048 D268     		ldr	r2, [r2, #12]
 124 004a 0261     		str	r2, [r0, #16]
 125 004c 62B1     		cbz	r2, .L9
 126              	.L4:
  13:fw-lib-stm32-BuildKit/multiplexer/mux.c ****             NEW_TASK(COCKTAIL_POLLING_ID, mux->task_fn, mux->task_ctx));
 127              		.loc 1 13 9 discriminator 3 view .LVU34
 128 004e EA68     		ldr	r2, [r5, #12]
 129 0050 D360     		str	r3, [r2, #12]
  13:fw-lib-stm32-BuildKit/multiplexer/mux.c ****             NEW_TASK(COCKTAIL_POLLING_ID, mux->task_fn, mux->task_ctx));
 130              		.loc 1 13 9 discriminator 3 view .LVU35
 131              	.LBE6:
  13:fw-lib-stm32-BuildKit/multiplexer/mux.c ****             NEW_TASK(COCKTAIL_POLLING_ID, mux->task_fn, mux->task_ctx));
 132              		.loc 1 13 9 discriminator 3 view .LVU36
  13:fw-lib-stm32-BuildKit/multiplexer/mux.c ****             NEW_TASK(COCKTAIL_POLLING_ID, mux->task_fn, mux->task_ctx));
ARM GAS  /tmp/ccpIafu4.s 			page 4


 133              		.loc 1 13 9 discriminator 3 view .LVU37
 134 0052 E868     		ldr	r0, [r5, #12]
 135              	.LVL9:
  13:fw-lib-stm32-BuildKit/multiplexer/mux.c ****             NEW_TASK(COCKTAIL_POLLING_ID, mux->task_fn, mux->task_ctx));
 136              		.loc 1 13 9 is_stmt 0 discriminator 3 view .LVU38
 137 0054 D860     		str	r0, [r3, #12]
 138              	.LBE5:
  13:fw-lib-stm32-BuildKit/multiplexer/mux.c ****             NEW_TASK(COCKTAIL_POLLING_ID, mux->task_fn, mux->task_ctx));
 139              		.loc 1 13 9 is_stmt 1 discriminator 3 view .LVU39
  15:fw-lib-stm32-BuildKit/multiplexer/mux.c ****     }
 140              		.loc 1 15 9 discriminator 3 view .LVU40
 141 0056 A168     		ldr	r1, [r4, #8]
 142 0058 FFF7FEFF 		bl	sleep
 143              	.LVL10:
  15:fw-lib-stm32-BuildKit/multiplexer/mux.c ****     }
 144              		.loc 1 15 9 is_stmt 0 discriminator 3 view .LVU41
 145 005c DFE7     		b	.L1
 146              	.LVL11:
 147              	.L8:
 148              	.LBB8:
 149              	.LBB4:
  12:fw-lib-stm32-BuildKit/multiplexer/mux.c ****         SET_NEXT_TASK(
 150              		.loc 1 12 9 is_stmt 1 discriminator 1 view .LVU42
 151 005e EB68     		ldr	r3, [r5, #12]
 152 0060 00F11002 		add	r2, r0, #16
 153 0064 1A61     		str	r2, [r3, #16]
 154 0066 E4E7     		b	.L3
 155              	.LVL12:
 156              	.L9:
  12:fw-lib-stm32-BuildKit/multiplexer/mux.c ****         SET_NEXT_TASK(
 157              		.loc 1 12 9 is_stmt 0 discriminator 1 view .LVU43
 158              	.LBE4:
 159              	.LBE8:
 160              	.LBB9:
 161              	.LBB7:
  13:fw-lib-stm32-BuildKit/multiplexer/mux.c ****             NEW_TASK(COCKTAIL_POLLING_ID, mux->task_fn, mux->task_ctx));
 162              		.loc 1 13 9 is_stmt 1 discriminator 1 view .LVU44
 163 0068 EA68     		ldr	r2, [r5, #12]
 164 006a 00F11001 		add	r1, r0, #16
 165 006e 1161     		str	r1, [r2, #16]
 166 0070 EDE7     		b	.L4
 167              	.L11:
 168 0072 00BF     		.align	2
 169              	.L10:
 170 0074 00000000 		.word	mux_task
 171              	.LBE7:
 172              	.LBE9:
 173              		.cfi_endproc
 174              	.LFE146:
 176              		.section	.text.MUX_setScanSize,"ax",%progbits
 177              		.align	1
 178              		.global	MUX_setScanSize
 179              		.syntax unified
 180              		.thumb
 181              		.thumb_func
 183              	MUX_setScanSize:
 184              	.LVL13:
ARM GAS  /tmp/ccpIafu4.s 			page 5


 185              	.LFB147:
  19:fw-lib-stm32-BuildKit/multiplexer/mux.c **** 
  20:fw-lib-stm32-BuildKit/multiplexer/mux.c **** void
  21:fw-lib-stm32-BuildKit/multiplexer/mux.c **** MUX_setScanSize(MUX_TypeDef *mux, uint8_t scan_size)
  22:fw-lib-stm32-BuildKit/multiplexer/mux.c **** {
 186              		.loc 1 22 1 view -0
 187              		.cfi_startproc
 188              		@ args = 0, pretend = 0, frame = 0
 189              		@ frame_needed = 0, uses_anonymous_args = 0
 190              		@ link register save eliminated.
  23:fw-lib-stm32-BuildKit/multiplexer/mux.c ****     uint8_t input_size = mux->decoder->input_size;
 191              		.loc 1 23 5 view .LVU46
 192              		.loc 1 23 29 is_stmt 0 view .LVU47
 193 0000 0368     		ldr	r3, [r0]
 194              		.loc 1 23 13 view .LVU48
 195 0002 1A79     		ldrb	r2, [r3, #4]	@ zero_extendqisi2
 196              	.LVL14:
  24:fw-lib-stm32-BuildKit/multiplexer/mux.c ****     mux->scan_size =
 197              		.loc 1 24 5 is_stmt 1 view .LVU49
  25:fw-lib-stm32-BuildKit/multiplexer/mux.c ****         (scan_size >= (1 << input_size)) ? (1 << input_size) - 1 : scan_size;
 198              		.loc 1 25 26 is_stmt 0 view .LVU50
 199 0004 0123     		movs	r3, #1
 200 0006 9340     		lsls	r3, r3, r2
  24:fw-lib-stm32-BuildKit/multiplexer/mux.c ****     mux->scan_size =
 201              		.loc 1 24 20 view .LVU51
 202 0008 9942     		cmp	r1, r3
 203 000a 02DB     		blt	.L13
 204              		.loc 1 25 62 discriminator 1 view .LVU52
 205 000c DBB2     		uxtb	r3, r3
  24:fw-lib-stm32-BuildKit/multiplexer/mux.c ****     mux->scan_size =
 206              		.loc 1 24 20 discriminator 1 view .LVU53
 207 000e 013B     		subs	r3, r3, #1
 208 0010 D9B2     		uxtb	r1, r3
 209              	.LVL15:
 210              	.L13:
  24:fw-lib-stm32-BuildKit/multiplexer/mux.c ****     mux->scan_size =
 211              		.loc 1 24 20 discriminator 4 view .LVU54
 212 0012 0171     		strb	r1, [r0, #4]
  26:fw-lib-stm32-BuildKit/multiplexer/mux.c **** }
 213              		.loc 1 26 1 discriminator 4 view .LVU55
 214 0014 7047     		bx	lr
 215              		.cfi_endproc
 216              	.LFE147:
 218              		.section	.text.MUX_Init,"ax",%progbits
 219              		.align	1
 220              		.global	MUX_Init
 221              		.syntax unified
 222              		.thumb
 223              		.thumb_func
 225              	MUX_Init:
 226              	.LFB148:
  27:fw-lib-stm32-BuildKit/multiplexer/mux.c **** 
  28:fw-lib-stm32-BuildKit/multiplexer/mux.c **** MUX_TypeDef *
  29:fw-lib-stm32-BuildKit/multiplexer/mux.c **** MUX_Init(MUX_InitTypeDef Init)
  30:fw-lib-stm32-BuildKit/multiplexer/mux.c **** {
 227              		.loc 1 30 1 is_stmt 1 view -0
 228              		.cfi_startproc
ARM GAS  /tmp/ccpIafu4.s 			page 6


 229              		@ args = 0, pretend = 0, frame = 16
 230              		@ frame_needed = 0, uses_anonymous_args = 0
 231 0000 10B5     		push	{r4, lr}
 232              	.LCFI1:
 233              		.cfi_def_cfa_offset 8
 234              		.cfi_offset 4, -8
 235              		.cfi_offset 14, -4
 236 0002 84B0     		sub	sp, sp, #16
 237              	.LCFI2:
 238              		.cfi_def_cfa_offset 24
 239 0004 04AB     		add	r3, sp, #16
 240 0006 03E90700 		stmdb	r3, {r0, r1, r2}
  31:fw-lib-stm32-BuildKit/multiplexer/mux.c ****     MUX_TypeDef *mux = (MUX_TypeDef *)malloc(sizeof(MUX_TypeDef));
 241              		.loc 1 31 5 view .LVU57
 242              		.loc 1 31 39 is_stmt 0 view .LVU58
 243 000a 1420     		movs	r0, #20
 244 000c FFF7FEFF 		bl	malloc
 245              	.LVL16:
 246 0010 0446     		mov	r4, r0
 247              	.LVL17:
  32:fw-lib-stm32-BuildKit/multiplexer/mux.c **** 
  33:fw-lib-stm32-BuildKit/multiplexer/mux.c ****     mux->decoder     = getDecoder(Init.input_gpio, Init.input_size);
 248              		.loc 1 33 5 is_stmt 1 view .LVU59
 249              		.loc 1 33 24 is_stmt 0 view .LVU60
 250 0012 9DF80810 		ldrb	r1, [sp, #8]	@ zero_extendqisi2
 251 0016 0198     		ldr	r0, [sp, #4]
 252              	.LVL18:
 253              		.loc 1 33 24 view .LVU61
 254 0018 FFF7FEFF 		bl	getDecoder
 255              	.LVL19:
 256              		.loc 1 33 22 view .LVU62
 257 001c 2060     		str	r0, [r4]
  34:fw-lib-stm32-BuildKit/multiplexer/mux.c ****     MUX_setScanSize(mux, Init.scan_size);
 258              		.loc 1 34 5 is_stmt 1 view .LVU63
 259 001e 9DF80910 		ldrb	r1, [sp, #9]	@ zero_extendqisi2
 260 0022 2046     		mov	r0, r4
 261 0024 FFF7FEFF 		bl	MUX_setScanSize
 262              	.LVL20:
  35:fw-lib-stm32-BuildKit/multiplexer/mux.c ****     mux->rank          = mux->scan_size;
 263              		.loc 1 35 5 view .LVU64
 264              		.loc 1 35 29 is_stmt 0 view .LVU65
 265 0028 2379     		ldrb	r3, [r4, #4]	@ zero_extendqisi2
 266              		.loc 1 35 24 view .LVU66
 267 002a 6371     		strb	r3, [r4, #5]
  36:fw-lib-stm32-BuildKit/multiplexer/mux.c ****     mux->settling_time = Init.settling_time;
 268              		.loc 1 36 5 is_stmt 1 view .LVU67
 269              		.loc 1 36 30 is_stmt 0 view .LVU68
 270 002c 039B     		ldr	r3, [sp, #12]
 271              		.loc 1 36 24 view .LVU69
 272 002e A360     		str	r3, [r4, #8]
  37:fw-lib-stm32-BuildKit/multiplexer/mux.c **** 
  38:fw-lib-stm32-BuildKit/multiplexer/mux.c ****     return mux;
 273              		.loc 1 38 5 is_stmt 1 view .LVU70
  39:fw-lib-stm32-BuildKit/multiplexer/mux.c **** }
 274              		.loc 1 39 1 is_stmt 0 view .LVU71
 275 0030 2046     		mov	r0, r4
 276 0032 04B0     		add	sp, sp, #16
ARM GAS  /tmp/ccpIafu4.s 			page 7


 277              	.LCFI3:
 278              		.cfi_def_cfa_offset 8
 279              		@ sp needed
 280 0034 10BD     		pop	{r4, pc}
 281              		.loc 1 39 1 view .LVU72
 282              		.cfi_endproc
 283              	.LFE148:
 285              		.text
 286              	.Letext0:
 287              		.file 2 "/usr/share/gcc-arm-none-eabi-10.3-2021.10/arm-none-eabi/include/machine/_default_types.h"
 288              		.file 3 "/usr/share/gcc-arm-none-eabi-10.3-2021.10/arm-none-eabi/include/sys/_stdint.h"
 289              		.file 4 "fw-lib-stm32-CocktailOS/kernel/core/task.h"
 290              		.file 5 "fw-lib-stm32-CocktailOS/kernel/core/pcb.h"
 291              		.file 6 "Drivers/CMSIS/Device/ST/STM32F7xx/Include/stm32f746xx.h"
 292              		.file 7 "fw-lib-stm32-CocktailOS/kernel/core/event.h"
 293              		.file 8 "fw-lib-stm32-CocktailOS/kernel/peripheral/cocktail_gpio.h"
 294              		.file 9 "fw-lib-stm32-BuildKit/decoder/decoder.h"
 295              		.file 10 "fw-lib-stm32-BuildKit/multiplexer/mux.h"
 296              		.file 11 "/usr/share/gcc-arm-none-eabi-10.3-2021.10/arm-none-eabi/include/stdlib.h"
 297              		.file 12 "fw-lib-stm32-CocktailOS/kernel/core/sleep.h"
 298              		.file 13 "fw-lib-stm32-CocktailOS/kernel/peripheral/cocktail_periph.h"
ARM GAS  /tmp/ccpIafu4.s 			page 8


DEFINED SYMBOLS
                            *ABS*:0000000000000000 mux.c
     /tmp/ccpIafu4.s:20     .text.mux_task:0000000000000000 $t
     /tmp/ccpIafu4.s:26     .text.mux_task:0000000000000000 mux_task
     /tmp/ccpIafu4.s:170    .text.mux_task:0000000000000074 $d
     /tmp/ccpIafu4.s:177    .text.MUX_setScanSize:0000000000000000 $t
     /tmp/ccpIafu4.s:183    .text.MUX_setScanSize:0000000000000000 MUX_setScanSize
     /tmp/ccpIafu4.s:219    .text.MUX_Init:0000000000000000 $t
     /tmp/ccpIafu4.s:225    .text.MUX_Init:0000000000000000 MUX_Init

UNDEFINED SYMBOLS
Decoder_select
Cocktail_newTask
sleep
malloc
getDecoder
