ARM GAS  /tmp/ccp9kPa3.s 			page 1


   1              		.cpu cortex-m7
   2              		.arch armv7e-m
   3              		.fpu fpv5-sp-d16
   4              		.eabi_attribute 27, 1
   5              		.eabi_attribute 28, 1
   6              		.eabi_attribute 20, 1
   7              		.eabi_attribute 21, 1
   8              		.eabi_attribute 23, 3
   9              		.eabi_attribute 24, 1
  10              		.eabi_attribute 25, 1
  11              		.eabi_attribute 26, 1
  12              		.eabi_attribute 30, 1
  13              		.eabi_attribute 34, 1
  14              		.eabi_attribute 18, 4
  15              		.file	"task.c"
  16              		.text
  17              	.Ltext0:
  18              		.cfi_sections	.debug_frame
  19              		.section	.text.Cocktail_newTask,"ax",%progbits
  20              		.align	1
  21              		.global	Cocktail_newTask
  22              		.syntax unified
  23              		.thumb
  24              		.thumb_func
  26              	Cocktail_newTask:
  27              	.LVL0:
  28              	.LFB0:
  29              		.file 1 "fw-lib-stm32-CocktailOS/kernel/core/task.c"
   1:fw-lib-stm32-CocktailOS/kernel/core/task.c **** #include "core/task.h"
   2:fw-lib-stm32-CocktailOS/kernel/core/task.c **** #include <stdlib.h>
   3:fw-lib-stm32-CocktailOS/kernel/core/task.c **** 
   4:fw-lib-stm32-CocktailOS/kernel/core/task.c **** Cocktail_TaskTypeDef *
   5:fw-lib-stm32-CocktailOS/kernel/core/task.c **** Cocktail_newTask(SchedIdTypeDef sid, TASK_Fn task_fn, void *context)
   6:fw-lib-stm32-CocktailOS/kernel/core/task.c **** {
  30              		.loc 1 6 1 view -0
  31              		.cfi_startproc
  32              		@ args = 0, pretend = 0, frame = 0
  33              		@ frame_needed = 0, uses_anonymous_args = 0
  34              		.loc 1 6 1 is_stmt 0 view .LVU1
  35 0000 70B5     		push	{r4, r5, r6, lr}
  36              	.LCFI0:
  37              		.cfi_def_cfa_offset 16
  38              		.cfi_offset 4, -16
  39              		.cfi_offset 5, -12
  40              		.cfi_offset 6, -8
  41              		.cfi_offset 14, -4
  42 0002 0646     		mov	r6, r0
  43 0004 0D46     		mov	r5, r1
  44 0006 1446     		mov	r4, r2
   7:fw-lib-stm32-CocktailOS/kernel/core/task.c ****     Cocktail_TaskTypeDef *task;
  45              		.loc 1 7 5 is_stmt 1 view .LVU2
   8:fw-lib-stm32-CocktailOS/kernel/core/task.c **** 
   9:fw-lib-stm32-CocktailOS/kernel/core/task.c ****     task      = (Cocktail_TaskTypeDef *)malloc(sizeof(Cocktail_TaskTypeDef));
  46              		.loc 1 9 5 view .LVU3
  47              		.loc 1 9 41 is_stmt 0 view .LVU4
  48 0008 1420     		movs	r0, #20
  49              	.LVL1:
ARM GAS  /tmp/ccp9kPa3.s 			page 2


  50              		.loc 1 9 41 view .LVU5
  51 000a FFF7FEFF 		bl	malloc
  52              	.LVL2:
  10:fw-lib-stm32-CocktailOS/kernel/core/task.c **** 
  11:fw-lib-stm32-CocktailOS/kernel/core/task.c ****     task->sid = sid;
  53              		.loc 1 11 5 is_stmt 1 view .LVU6
  54              		.loc 1 11 15 is_stmt 0 view .LVU7
  55 000e 0681     		strh	r6, [r0, #8]	@ movhi
  12:fw-lib-stm32-CocktailOS/kernel/core/task.c ****     task->callback = task_fn;
  56              		.loc 1 12 5 is_stmt 1 view .LVU8
  57              		.loc 1 12 20 is_stmt 0 view .LVU9
  58 0010 0560     		str	r5, [r0]
  13:fw-lib-stm32-CocktailOS/kernel/core/task.c ****     task->context  = context;
  59              		.loc 1 13 5 is_stmt 1 view .LVU10
  60              		.loc 1 13 20 is_stmt 0 view .LVU11
  61 0012 4460     		str	r4, [r0, #4]
  14:fw-lib-stm32-CocktailOS/kernel/core/task.c ****     task->_pcb     = NULL;
  62              		.loc 1 14 5 is_stmt 1 view .LVU12
  63              		.loc 1 14 20 is_stmt 0 view .LVU13
  64 0014 0022     		movs	r2, #0
  65 0016 C260     		str	r2, [r0, #12]
  15:fw-lib-stm32-CocktailOS/kernel/core/task.c **** 
  16:fw-lib-stm32-CocktailOS/kernel/core/task.c ****     return task;
  66              		.loc 1 16 5 is_stmt 1 view .LVU14
  17:fw-lib-stm32-CocktailOS/kernel/core/task.c **** }
  67              		.loc 1 17 1 is_stmt 0 view .LVU15
  68 0018 70BD     		pop	{r4, r5, r6, pc}
  69              		.loc 1 17 1 view .LVU16
  70              		.cfi_endproc
  71              	.LFE0:
  73              		.text
  74              	.Letext0:
  75              		.file 2 "/usr/share/gcc-arm-none-eabi-10.3-2021.10/arm-none-eabi/include/machine/_default_types.h"
  76              		.file 3 "/usr/share/gcc-arm-none-eabi-10.3-2021.10/arm-none-eabi/include/sys/_stdint.h"
  77              		.file 4 "fw-lib-stm32-CocktailOS/kernel/core/task.h"
  78              		.file 5 "/usr/share/gcc-arm-none-eabi-10.3-2021.10/arm-none-eabi/include/stdlib.h"
ARM GAS  /tmp/ccp9kPa3.s 			page 3


DEFINED SYMBOLS
                            *ABS*:0000000000000000 task.c
     /tmp/ccp9kPa3.s:20     .text.Cocktail_newTask:0000000000000000 $t
     /tmp/ccp9kPa3.s:26     .text.Cocktail_newTask:0000000000000000 Cocktail_newTask

UNDEFINED SYMBOLS
malloc
