ARM GAS  /tmp/ccbj6Vlt.s 			page 1


   1              		.cpu cortex-m7
   2              		.arch armv7e-m
   3              		.fpu fpv5-sp-d16
   4              		.eabi_attribute 27, 1
   5              		.eabi_attribute 28, 1
   6              		.eabi_attribute 20, 1
   7              		.eabi_attribute 21, 1
   8              		.eabi_attribute 23, 3
   9              		.eabi_attribute 24, 1
  10              		.eabi_attribute 25, 1
  11              		.eabi_attribute 26, 1
  12              		.eabi_attribute 30, 1
  13              		.eabi_attribute 34, 1
  14              		.eabi_attribute 18, 4
  15              		.file	"usb_otg.c"
  16              		.text
  17              	.Ltext0:
  18              		.cfi_sections	.debug_frame
  19              		.section	.text.MX_USB_OTG_FS_PCD_Init,"ax",%progbits
  20              		.align	1
  21              		.global	MX_USB_OTG_FS_PCD_Init
  22              		.syntax unified
  23              		.thumb
  24              		.thumb_func
  26              	MX_USB_OTG_FS_PCD_Init:
  27              	.LFB141:
  28              		.file 1 "Core/Src/usb_otg.c"
   1:Core/Src/usb_otg.c **** /* USER CODE BEGIN Header */
   2:Core/Src/usb_otg.c **** /**
   3:Core/Src/usb_otg.c ****   ******************************************************************************
   4:Core/Src/usb_otg.c ****   * @file    usb_otg.c
   5:Core/Src/usb_otg.c ****   * @brief   This file provides code for the configuration
   6:Core/Src/usb_otg.c ****   *          of the USB_OTG instances.
   7:Core/Src/usb_otg.c ****   ******************************************************************************
   8:Core/Src/usb_otg.c ****   * @attention
   9:Core/Src/usb_otg.c ****   *
  10:Core/Src/usb_otg.c ****   * Copyright (c) 2022 STMicroelectronics.
  11:Core/Src/usb_otg.c ****   * All rights reserved.
  12:Core/Src/usb_otg.c ****   *
  13:Core/Src/usb_otg.c ****   * This software is licensed under terms that can be found in the LICENSE file
  14:Core/Src/usb_otg.c ****   * in the root directory of this software component.
  15:Core/Src/usb_otg.c ****   * If no LICENSE file comes with this software, it is provided AS-IS.
  16:Core/Src/usb_otg.c ****   *
  17:Core/Src/usb_otg.c ****   ******************************************************************************
  18:Core/Src/usb_otg.c ****   */
  19:Core/Src/usb_otg.c **** /* USER CODE END Header */
  20:Core/Src/usb_otg.c **** /* Includes ------------------------------------------------------------------*/
  21:Core/Src/usb_otg.c **** #include "usb_otg.h"
  22:Core/Src/usb_otg.c **** 
  23:Core/Src/usb_otg.c **** /* USER CODE BEGIN 0 */
  24:Core/Src/usb_otg.c **** 
  25:Core/Src/usb_otg.c **** /* USER CODE END 0 */
  26:Core/Src/usb_otg.c **** 
  27:Core/Src/usb_otg.c **** PCD_HandleTypeDef hpcd_USB_OTG_FS;
  28:Core/Src/usb_otg.c **** 
  29:Core/Src/usb_otg.c **** /* USB_OTG_FS init function */
  30:Core/Src/usb_otg.c **** 
ARM GAS  /tmp/ccbj6Vlt.s 			page 2


  31:Core/Src/usb_otg.c **** void MX_USB_OTG_FS_PCD_Init(void)
  32:Core/Src/usb_otg.c **** {
  29              		.loc 1 32 1 view -0
  30              		.cfi_startproc
  31              		@ args = 0, pretend = 0, frame = 0
  32              		@ frame_needed = 0, uses_anonymous_args = 0
  33 0000 08B5     		push	{r3, lr}
  34              	.LCFI0:
  35              		.cfi_def_cfa_offset 8
  36              		.cfi_offset 3, -8
  37              		.cfi_offset 14, -4
  33:Core/Src/usb_otg.c **** 
  34:Core/Src/usb_otg.c ****   /* USER CODE BEGIN USB_OTG_FS_Init 0 */
  35:Core/Src/usb_otg.c **** 
  36:Core/Src/usb_otg.c ****   /* USER CODE END USB_OTG_FS_Init 0 */
  37:Core/Src/usb_otg.c **** 
  38:Core/Src/usb_otg.c ****   /* USER CODE BEGIN USB_OTG_FS_Init 1 */
  39:Core/Src/usb_otg.c **** 
  40:Core/Src/usb_otg.c ****   /* USER CODE END USB_OTG_FS_Init 1 */
  41:Core/Src/usb_otg.c ****   hpcd_USB_OTG_FS.Instance = USB_OTG_FS;
  38              		.loc 1 41 3 view .LVU1
  39              		.loc 1 41 28 is_stmt 0 view .LVU2
  40 0002 0C48     		ldr	r0, .L5
  41 0004 4FF0A043 		mov	r3, #1342177280
  42 0008 0360     		str	r3, [r0]
  42:Core/Src/usb_otg.c ****   hpcd_USB_OTG_FS.Init.dev_endpoints = 6;
  43              		.loc 1 42 3 is_stmt 1 view .LVU3
  44              		.loc 1 42 38 is_stmt 0 view .LVU4
  45 000a 0623     		movs	r3, #6
  46 000c 4360     		str	r3, [r0, #4]
  43:Core/Src/usb_otg.c ****   hpcd_USB_OTG_FS.Init.speed = PCD_SPEED_FULL;
  47              		.loc 1 43 3 is_stmt 1 view .LVU5
  48              		.loc 1 43 30 is_stmt 0 view .LVU6
  49 000e 0222     		movs	r2, #2
  50 0010 C260     		str	r2, [r0, #12]
  44:Core/Src/usb_otg.c ****   hpcd_USB_OTG_FS.Init.dma_enable = DISABLE;
  51              		.loc 1 44 3 is_stmt 1 view .LVU7
  52              		.loc 1 44 35 is_stmt 0 view .LVU8
  53 0012 0023     		movs	r3, #0
  54 0014 0361     		str	r3, [r0, #16]
  45:Core/Src/usb_otg.c ****   hpcd_USB_OTG_FS.Init.phy_itface = PCD_PHY_EMBEDDED;
  55              		.loc 1 45 3 is_stmt 1 view .LVU9
  56              		.loc 1 45 35 is_stmt 0 view .LVU10
  57 0016 8261     		str	r2, [r0, #24]
  46:Core/Src/usb_otg.c ****   hpcd_USB_OTG_FS.Init.Sof_enable = ENABLE;
  58              		.loc 1 46 3 is_stmt 1 view .LVU11
  59              		.loc 1 46 35 is_stmt 0 view .LVU12
  60 0018 0122     		movs	r2, #1
  61 001a C261     		str	r2, [r0, #28]
  47:Core/Src/usb_otg.c ****   hpcd_USB_OTG_FS.Init.low_power_enable = DISABLE;
  62              		.loc 1 47 3 is_stmt 1 view .LVU13
  63              		.loc 1 47 41 is_stmt 0 view .LVU14
  64 001c 0362     		str	r3, [r0, #32]
  48:Core/Src/usb_otg.c ****   hpcd_USB_OTG_FS.Init.lpm_enable = DISABLE;
  65              		.loc 1 48 3 is_stmt 1 view .LVU15
  66              		.loc 1 48 35 is_stmt 0 view .LVU16
  67 001e 4362     		str	r3, [r0, #36]
ARM GAS  /tmp/ccbj6Vlt.s 			page 3


  49:Core/Src/usb_otg.c ****   hpcd_USB_OTG_FS.Init.vbus_sensing_enable = ENABLE;
  68              		.loc 1 49 3 is_stmt 1 view .LVU17
  69              		.loc 1 49 44 is_stmt 0 view .LVU18
  70 0020 C262     		str	r2, [r0, #44]
  50:Core/Src/usb_otg.c ****   hpcd_USB_OTG_FS.Init.use_dedicated_ep1 = DISABLE;
  71              		.loc 1 50 3 is_stmt 1 view .LVU19
  72              		.loc 1 50 42 is_stmt 0 view .LVU20
  73 0022 0363     		str	r3, [r0, #48]
  51:Core/Src/usb_otg.c ****   if (HAL_PCD_Init(&hpcd_USB_OTG_FS) != HAL_OK)
  74              		.loc 1 51 3 is_stmt 1 view .LVU21
  75              		.loc 1 51 7 is_stmt 0 view .LVU22
  76 0024 FFF7FEFF 		bl	HAL_PCD_Init
  77              	.LVL0:
  78              		.loc 1 51 6 view .LVU23
  79 0028 00B9     		cbnz	r0, .L4
  80              	.L1:
  52:Core/Src/usb_otg.c ****   {
  53:Core/Src/usb_otg.c ****     Error_Handler();
  54:Core/Src/usb_otg.c ****   }
  55:Core/Src/usb_otg.c ****   /* USER CODE BEGIN USB_OTG_FS_Init 2 */
  56:Core/Src/usb_otg.c **** 
  57:Core/Src/usb_otg.c ****   /* USER CODE END USB_OTG_FS_Init 2 */
  58:Core/Src/usb_otg.c **** 
  59:Core/Src/usb_otg.c **** }
  81              		.loc 1 59 1 view .LVU24
  82 002a 08BD     		pop	{r3, pc}
  83              	.L4:
  53:Core/Src/usb_otg.c ****   }
  84              		.loc 1 53 5 is_stmt 1 view .LVU25
  85 002c FFF7FEFF 		bl	Error_Handler
  86              	.LVL1:
  87              		.loc 1 59 1 is_stmt 0 view .LVU26
  88 0030 FBE7     		b	.L1
  89              	.L6:
  90 0032 00BF     		.align	2
  91              	.L5:
  92 0034 00000000 		.word	.LANCHOR0
  93              		.cfi_endproc
  94              	.LFE141:
  96              		.section	.text.HAL_PCD_MspInit,"ax",%progbits
  97              		.align	1
  98              		.global	HAL_PCD_MspInit
  99              		.syntax unified
 100              		.thumb
 101              		.thumb_func
 103              	HAL_PCD_MspInit:
 104              	.LVL2:
 105              	.LFB142:
  60:Core/Src/usb_otg.c **** 
  61:Core/Src/usb_otg.c **** void HAL_PCD_MspInit(PCD_HandleTypeDef* pcdHandle)
  62:Core/Src/usb_otg.c **** {
 106              		.loc 1 62 1 is_stmt 1 view -0
 107              		.cfi_startproc
 108              		@ args = 0, pretend = 0, frame = 168
 109              		@ frame_needed = 0, uses_anonymous_args = 0
 110              		.loc 1 62 1 is_stmt 0 view .LVU28
 111 0000 70B5     		push	{r4, r5, r6, lr}
ARM GAS  /tmp/ccbj6Vlt.s 			page 4


 112              	.LCFI1:
 113              		.cfi_def_cfa_offset 16
 114              		.cfi_offset 4, -16
 115              		.cfi_offset 5, -12
 116              		.cfi_offset 6, -8
 117              		.cfi_offset 14, -4
 118 0002 AAB0     		sub	sp, sp, #168
 119              	.LCFI2:
 120              		.cfi_def_cfa_offset 184
 121 0004 0446     		mov	r4, r0
  63:Core/Src/usb_otg.c **** 
  64:Core/Src/usb_otg.c ****   GPIO_InitTypeDef GPIO_InitStruct = {0};
 122              		.loc 1 64 3 is_stmt 1 view .LVU29
 123              		.loc 1 64 20 is_stmt 0 view .LVU30
 124 0006 0021     		movs	r1, #0
 125 0008 2591     		str	r1, [sp, #148]
 126 000a 2691     		str	r1, [sp, #152]
 127 000c 2791     		str	r1, [sp, #156]
 128 000e 2891     		str	r1, [sp, #160]
 129 0010 2991     		str	r1, [sp, #164]
  65:Core/Src/usb_otg.c ****   RCC_PeriphCLKInitTypeDef PeriphClkInitStruct = {0};
 130              		.loc 1 65 3 is_stmt 1 view .LVU31
 131              		.loc 1 65 28 is_stmt 0 view .LVU32
 132 0012 8422     		movs	r2, #132
 133 0014 04A8     		add	r0, sp, #16
 134              	.LVL3:
 135              		.loc 1 65 28 view .LVU33
 136 0016 FFF7FEFF 		bl	memset
 137              	.LVL4:
  66:Core/Src/usb_otg.c ****   if(pcdHandle->Instance==USB_OTG_FS)
 138              		.loc 1 66 3 is_stmt 1 view .LVU34
 139              		.loc 1 66 15 is_stmt 0 view .LVU35
 140 001a 2368     		ldr	r3, [r4]
 141              		.loc 1 66 5 view .LVU36
 142 001c B3F1A04F 		cmp	r3, #1342177280
 143 0020 01D0     		beq	.L11
 144              	.LVL5:
 145              	.L7:
  67:Core/Src/usb_otg.c ****   {
  68:Core/Src/usb_otg.c ****   /* USER CODE BEGIN USB_OTG_FS_MspInit 0 */
  69:Core/Src/usb_otg.c **** 
  70:Core/Src/usb_otg.c ****   /* USER CODE END USB_OTG_FS_MspInit 0 */
  71:Core/Src/usb_otg.c **** 
  72:Core/Src/usb_otg.c ****   /** Initializes the peripherals clock
  73:Core/Src/usb_otg.c ****   */
  74:Core/Src/usb_otg.c ****     PeriphClkInitStruct.PeriphClockSelection = RCC_PERIPHCLK_CLK48;
  75:Core/Src/usb_otg.c ****     PeriphClkInitStruct.Clk48ClockSelection = RCC_CLK48SOURCE_PLL;
  76:Core/Src/usb_otg.c ****     if (HAL_RCCEx_PeriphCLKConfig(&PeriphClkInitStruct) != HAL_OK)
  77:Core/Src/usb_otg.c ****     {
  78:Core/Src/usb_otg.c ****       Error_Handler();
  79:Core/Src/usb_otg.c ****     }
  80:Core/Src/usb_otg.c **** 
  81:Core/Src/usb_otg.c ****     __HAL_RCC_GPIOA_CLK_ENABLE();
  82:Core/Src/usb_otg.c ****     /**USB_OTG_FS GPIO Configuration
  83:Core/Src/usb_otg.c ****     PA8     ------> USB_OTG_FS_SOF
  84:Core/Src/usb_otg.c ****     PA9     ------> USB_OTG_FS_VBUS
  85:Core/Src/usb_otg.c ****     PA10     ------> USB_OTG_FS_ID
ARM GAS  /tmp/ccbj6Vlt.s 			page 5


  86:Core/Src/usb_otg.c ****     PA11     ------> USB_OTG_FS_DM
  87:Core/Src/usb_otg.c ****     PA12     ------> USB_OTG_FS_DP
  88:Core/Src/usb_otg.c ****     */
  89:Core/Src/usb_otg.c ****     GPIO_InitStruct.Pin = USB_SOF_Pin|USB_ID_Pin|USB_DM_Pin|USB_DP_Pin;
  90:Core/Src/usb_otg.c ****     GPIO_InitStruct.Mode = GPIO_MODE_AF_PP;
  91:Core/Src/usb_otg.c ****     GPIO_InitStruct.Pull = GPIO_NOPULL;
  92:Core/Src/usb_otg.c ****     GPIO_InitStruct.Speed = GPIO_SPEED_FREQ_VERY_HIGH;
  93:Core/Src/usb_otg.c ****     GPIO_InitStruct.Alternate = GPIO_AF10_OTG_FS;
  94:Core/Src/usb_otg.c ****     HAL_GPIO_Init(GPIOA, &GPIO_InitStruct);
  95:Core/Src/usb_otg.c **** 
  96:Core/Src/usb_otg.c ****     GPIO_InitStruct.Pin = USB_VBUS_Pin;
  97:Core/Src/usb_otg.c ****     GPIO_InitStruct.Mode = GPIO_MODE_INPUT;
  98:Core/Src/usb_otg.c ****     GPIO_InitStruct.Pull = GPIO_NOPULL;
  99:Core/Src/usb_otg.c ****     HAL_GPIO_Init(USB_VBUS_GPIO_Port, &GPIO_InitStruct);
 100:Core/Src/usb_otg.c **** 
 101:Core/Src/usb_otg.c ****     /* USB_OTG_FS clock enable */
 102:Core/Src/usb_otg.c ****     __HAL_RCC_USB_OTG_FS_CLK_ENABLE();
 103:Core/Src/usb_otg.c ****   /* USER CODE BEGIN USB_OTG_FS_MspInit 1 */
 104:Core/Src/usb_otg.c **** 
 105:Core/Src/usb_otg.c ****   /* USER CODE END USB_OTG_FS_MspInit 1 */
 106:Core/Src/usb_otg.c ****   }
 107:Core/Src/usb_otg.c **** }
 146              		.loc 1 107 1 view .LVU37
 147 0022 2AB0     		add	sp, sp, #168
 148              	.LCFI3:
 149              		.cfi_remember_state
 150              		.cfi_def_cfa_offset 16
 151              		@ sp needed
 152 0024 70BD     		pop	{r4, r5, r6, pc}
 153              	.LVL6:
 154              	.L11:
 155              	.LCFI4:
 156              		.cfi_restore_state
  74:Core/Src/usb_otg.c ****     PeriphClkInitStruct.Clk48ClockSelection = RCC_CLK48SOURCE_PLL;
 157              		.loc 1 74 5 is_stmt 1 view .LVU38
  74:Core/Src/usb_otg.c ****     PeriphClkInitStruct.Clk48ClockSelection = RCC_CLK48SOURCE_PLL;
 158              		.loc 1 74 46 is_stmt 0 view .LVU39
 159 0026 4FF40013 		mov	r3, #2097152
 160 002a 0493     		str	r3, [sp, #16]
  75:Core/Src/usb_otg.c ****     if (HAL_RCCEx_PeriphCLKConfig(&PeriphClkInitStruct) != HAL_OK)
 161              		.loc 1 75 5 is_stmt 1 view .LVU40
  76:Core/Src/usb_otg.c ****     {
 162              		.loc 1 76 5 view .LVU41
  76:Core/Src/usb_otg.c ****     {
 163              		.loc 1 76 9 is_stmt 0 view .LVU42
 164 002c 04A8     		add	r0, sp, #16
 165 002e FFF7FEFF 		bl	HAL_RCCEx_PeriphCLKConfig
 166              	.LVL7:
  76:Core/Src/usb_otg.c ****     {
 167              		.loc 1 76 8 view .LVU43
 168 0032 0028     		cmp	r0, #0
 169 0034 35D1     		bne	.L12
 170              	.L9:
  81:Core/Src/usb_otg.c ****     /**USB_OTG_FS GPIO Configuration
 171              		.loc 1 81 5 is_stmt 1 view .LVU44
 172              	.LBB2:
  81:Core/Src/usb_otg.c ****     /**USB_OTG_FS GPIO Configuration
ARM GAS  /tmp/ccbj6Vlt.s 			page 6


 173              		.loc 1 81 5 view .LVU45
  81:Core/Src/usb_otg.c ****     /**USB_OTG_FS GPIO Configuration
 174              		.loc 1 81 5 view .LVU46
 175 0036 1C4C     		ldr	r4, .L13
 176              	.LVL8:
  81:Core/Src/usb_otg.c ****     /**USB_OTG_FS GPIO Configuration
 177              		.loc 1 81 5 is_stmt 0 view .LVU47
 178 0038 236B     		ldr	r3, [r4, #48]
 179 003a 43F00103 		orr	r3, r3, #1
 180 003e 2363     		str	r3, [r4, #48]
  81:Core/Src/usb_otg.c ****     /**USB_OTG_FS GPIO Configuration
 181              		.loc 1 81 5 is_stmt 1 view .LVU48
 182 0040 236B     		ldr	r3, [r4, #48]
 183 0042 03F00103 		and	r3, r3, #1
 184 0046 0193     		str	r3, [sp, #4]
  81:Core/Src/usb_otg.c ****     /**USB_OTG_FS GPIO Configuration
 185              		.loc 1 81 5 view .LVU49
 186 0048 019B     		ldr	r3, [sp, #4]
 187              	.LBE2:
  81:Core/Src/usb_otg.c ****     /**USB_OTG_FS GPIO Configuration
 188              		.loc 1 81 5 view .LVU50
  89:Core/Src/usb_otg.c ****     GPIO_InitStruct.Mode = GPIO_MODE_AF_PP;
 189              		.loc 1 89 5 view .LVU51
  89:Core/Src/usb_otg.c ****     GPIO_InitStruct.Mode = GPIO_MODE_AF_PP;
 190              		.loc 1 89 25 is_stmt 0 view .LVU52
 191 004a 4FF4E853 		mov	r3, #7424
 192 004e 2593     		str	r3, [sp, #148]
  90:Core/Src/usb_otg.c ****     GPIO_InitStruct.Pull = GPIO_NOPULL;
 193              		.loc 1 90 5 is_stmt 1 view .LVU53
  90:Core/Src/usb_otg.c ****     GPIO_InitStruct.Pull = GPIO_NOPULL;
 194              		.loc 1 90 26 is_stmt 0 view .LVU54
 195 0050 0223     		movs	r3, #2
 196 0052 2693     		str	r3, [sp, #152]
  91:Core/Src/usb_otg.c ****     GPIO_InitStruct.Speed = GPIO_SPEED_FREQ_VERY_HIGH;
 197              		.loc 1 91 5 is_stmt 1 view .LVU55
  91:Core/Src/usb_otg.c ****     GPIO_InitStruct.Speed = GPIO_SPEED_FREQ_VERY_HIGH;
 198              		.loc 1 91 26 is_stmt 0 view .LVU56
 199 0054 0025     		movs	r5, #0
 200 0056 2795     		str	r5, [sp, #156]
  92:Core/Src/usb_otg.c ****     GPIO_InitStruct.Alternate = GPIO_AF10_OTG_FS;
 201              		.loc 1 92 5 is_stmt 1 view .LVU57
  92:Core/Src/usb_otg.c ****     GPIO_InitStruct.Alternate = GPIO_AF10_OTG_FS;
 202              		.loc 1 92 27 is_stmt 0 view .LVU58
 203 0058 0323     		movs	r3, #3
 204 005a 2893     		str	r3, [sp, #160]
  93:Core/Src/usb_otg.c ****     HAL_GPIO_Init(GPIOA, &GPIO_InitStruct);
 205              		.loc 1 93 5 is_stmt 1 view .LVU59
  93:Core/Src/usb_otg.c ****     HAL_GPIO_Init(GPIOA, &GPIO_InitStruct);
 206              		.loc 1 93 31 is_stmt 0 view .LVU60
 207 005c 0A23     		movs	r3, #10
 208 005e 2993     		str	r3, [sp, #164]
  94:Core/Src/usb_otg.c **** 
 209              		.loc 1 94 5 is_stmt 1 view .LVU61
 210 0060 124E     		ldr	r6, .L13+4
 211 0062 25A9     		add	r1, sp, #148
 212 0064 3046     		mov	r0, r6
 213 0066 FFF7FEFF 		bl	HAL_GPIO_Init
ARM GAS  /tmp/ccbj6Vlt.s 			page 7


 214              	.LVL9:
  96:Core/Src/usb_otg.c ****     GPIO_InitStruct.Mode = GPIO_MODE_INPUT;
 215              		.loc 1 96 5 view .LVU62
  96:Core/Src/usb_otg.c ****     GPIO_InitStruct.Mode = GPIO_MODE_INPUT;
 216              		.loc 1 96 25 is_stmt 0 view .LVU63
 217 006a 4FF40073 		mov	r3, #512
 218 006e 2593     		str	r3, [sp, #148]
  97:Core/Src/usb_otg.c ****     GPIO_InitStruct.Pull = GPIO_NOPULL;
 219              		.loc 1 97 5 is_stmt 1 view .LVU64
  97:Core/Src/usb_otg.c ****     GPIO_InitStruct.Pull = GPIO_NOPULL;
 220              		.loc 1 97 26 is_stmt 0 view .LVU65
 221 0070 2695     		str	r5, [sp, #152]
  98:Core/Src/usb_otg.c ****     HAL_GPIO_Init(USB_VBUS_GPIO_Port, &GPIO_InitStruct);
 222              		.loc 1 98 5 is_stmt 1 view .LVU66
  98:Core/Src/usb_otg.c ****     HAL_GPIO_Init(USB_VBUS_GPIO_Port, &GPIO_InitStruct);
 223              		.loc 1 98 26 is_stmt 0 view .LVU67
 224 0072 2795     		str	r5, [sp, #156]
  99:Core/Src/usb_otg.c **** 
 225              		.loc 1 99 5 is_stmt 1 view .LVU68
 226 0074 25A9     		add	r1, sp, #148
 227 0076 3046     		mov	r0, r6
 228 0078 FFF7FEFF 		bl	HAL_GPIO_Init
 229              	.LVL10:
 102:Core/Src/usb_otg.c ****   /* USER CODE BEGIN USB_OTG_FS_MspInit 1 */
 230              		.loc 1 102 5 view .LVU69
 231              	.LBB3:
 102:Core/Src/usb_otg.c ****   /* USER CODE BEGIN USB_OTG_FS_MspInit 1 */
 232              		.loc 1 102 5 view .LVU70
 102:Core/Src/usb_otg.c ****   /* USER CODE BEGIN USB_OTG_FS_MspInit 1 */
 233              		.loc 1 102 5 view .LVU71
 234 007c 636B     		ldr	r3, [r4, #52]
 235 007e 43F08003 		orr	r3, r3, #128
 236 0082 6363     		str	r3, [r4, #52]
 102:Core/Src/usb_otg.c ****   /* USER CODE BEGIN USB_OTG_FS_MspInit 1 */
 237              		.loc 1 102 5 view .LVU72
 238 0084 636B     		ldr	r3, [r4, #52]
 239 0086 03F08003 		and	r3, r3, #128
 240 008a 0293     		str	r3, [sp, #8]
 102:Core/Src/usb_otg.c ****   /* USER CODE BEGIN USB_OTG_FS_MspInit 1 */
 241              		.loc 1 102 5 view .LVU73
 242 008c 029B     		ldr	r3, [sp, #8]
 102:Core/Src/usb_otg.c ****   /* USER CODE BEGIN USB_OTG_FS_MspInit 1 */
 243              		.loc 1 102 5 view .LVU74
 244              	.LBB4:
 102:Core/Src/usb_otg.c ****   /* USER CODE BEGIN USB_OTG_FS_MspInit 1 */
 245              		.loc 1 102 5 view .LVU75
 102:Core/Src/usb_otg.c ****   /* USER CODE BEGIN USB_OTG_FS_MspInit 1 */
 246              		.loc 1 102 5 view .LVU76
 247 008e 636C     		ldr	r3, [r4, #68]
 248 0090 43F48043 		orr	r3, r3, #16384
 249 0094 6364     		str	r3, [r4, #68]
 102:Core/Src/usb_otg.c ****   /* USER CODE BEGIN USB_OTG_FS_MspInit 1 */
 250              		.loc 1 102 5 view .LVU77
 251 0096 636C     		ldr	r3, [r4, #68]
 252 0098 03F48043 		and	r3, r3, #16384
 253 009c 0393     		str	r3, [sp, #12]
 102:Core/Src/usb_otg.c ****   /* USER CODE BEGIN USB_OTG_FS_MspInit 1 */
ARM GAS  /tmp/ccbj6Vlt.s 			page 8


 254              		.loc 1 102 5 view .LVU78
 255 009e 039B     		ldr	r3, [sp, #12]
 256              	.LBE4:
 102:Core/Src/usb_otg.c ****   /* USER CODE BEGIN USB_OTG_FS_MspInit 1 */
 257              		.loc 1 102 5 view .LVU79
 258              	.LBE3:
 102:Core/Src/usb_otg.c ****   /* USER CODE BEGIN USB_OTG_FS_MspInit 1 */
 259              		.loc 1 102 5 view .LVU80
 260              		.loc 1 107 1 is_stmt 0 view .LVU81
 261 00a0 BFE7     		b	.L7
 262              	.LVL11:
 263              	.L12:
  78:Core/Src/usb_otg.c ****     }
 264              		.loc 1 78 7 is_stmt 1 view .LVU82
 265 00a2 FFF7FEFF 		bl	Error_Handler
 266              	.LVL12:
 267 00a6 C6E7     		b	.L9
 268              	.L14:
 269              		.align	2
 270              	.L13:
 271 00a8 00380240 		.word	1073887232
 272 00ac 00000240 		.word	1073872896
 273              		.cfi_endproc
 274              	.LFE142:
 276              		.section	.text.HAL_PCD_MspDeInit,"ax",%progbits
 277              		.align	1
 278              		.global	HAL_PCD_MspDeInit
 279              		.syntax unified
 280              		.thumb
 281              		.thumb_func
 283              	HAL_PCD_MspDeInit:
 284              	.LVL13:
 285              	.LFB143:
 108:Core/Src/usb_otg.c **** 
 109:Core/Src/usb_otg.c **** void HAL_PCD_MspDeInit(PCD_HandleTypeDef* pcdHandle)
 110:Core/Src/usb_otg.c **** {
 286              		.loc 1 110 1 view -0
 287              		.cfi_startproc
 288              		@ args = 0, pretend = 0, frame = 0
 289              		@ frame_needed = 0, uses_anonymous_args = 0
 290              		.loc 1 110 1 is_stmt 0 view .LVU84
 291 0000 08B5     		push	{r3, lr}
 292              	.LCFI5:
 293              		.cfi_def_cfa_offset 8
 294              		.cfi_offset 3, -8
 295              		.cfi_offset 14, -4
 111:Core/Src/usb_otg.c **** 
 112:Core/Src/usb_otg.c ****   if(pcdHandle->Instance==USB_OTG_FS)
 296              		.loc 1 112 3 is_stmt 1 view .LVU85
 297              		.loc 1 112 15 is_stmt 0 view .LVU86
 298 0002 0368     		ldr	r3, [r0]
 299              		.loc 1 112 5 view .LVU87
 300 0004 B3F1A04F 		cmp	r3, #1342177280
 301 0008 00D0     		beq	.L18
 302              	.LVL14:
 303              	.L15:
 113:Core/Src/usb_otg.c ****   {
ARM GAS  /tmp/ccbj6Vlt.s 			page 9


 114:Core/Src/usb_otg.c ****   /* USER CODE BEGIN USB_OTG_FS_MspDeInit 0 */
 115:Core/Src/usb_otg.c **** 
 116:Core/Src/usb_otg.c ****   /* USER CODE END USB_OTG_FS_MspDeInit 0 */
 117:Core/Src/usb_otg.c ****     /* Peripheral clock disable */
 118:Core/Src/usb_otg.c ****     __HAL_RCC_USB_OTG_FS_CLK_DISABLE();
 119:Core/Src/usb_otg.c **** 
 120:Core/Src/usb_otg.c ****     /**USB_OTG_FS GPIO Configuration
 121:Core/Src/usb_otg.c ****     PA8     ------> USB_OTG_FS_SOF
 122:Core/Src/usb_otg.c ****     PA9     ------> USB_OTG_FS_VBUS
 123:Core/Src/usb_otg.c ****     PA10     ------> USB_OTG_FS_ID
 124:Core/Src/usb_otg.c ****     PA11     ------> USB_OTG_FS_DM
 125:Core/Src/usb_otg.c ****     PA12     ------> USB_OTG_FS_DP
 126:Core/Src/usb_otg.c ****     */
 127:Core/Src/usb_otg.c ****     HAL_GPIO_DeInit(GPIOA, USB_SOF_Pin|USB_VBUS_Pin|USB_ID_Pin|USB_DM_Pin
 128:Core/Src/usb_otg.c ****                           |USB_DP_Pin);
 129:Core/Src/usb_otg.c **** 
 130:Core/Src/usb_otg.c ****   /* USER CODE BEGIN USB_OTG_FS_MspDeInit 1 */
 131:Core/Src/usb_otg.c **** 
 132:Core/Src/usb_otg.c ****   /* USER CODE END USB_OTG_FS_MspDeInit 1 */
 133:Core/Src/usb_otg.c ****   }
 134:Core/Src/usb_otg.c **** }
 304              		.loc 1 134 1 view .LVU88
 305 000a 08BD     		pop	{r3, pc}
 306              	.LVL15:
 307              	.L18:
 118:Core/Src/usb_otg.c **** 
 308              		.loc 1 118 5 is_stmt 1 view .LVU89
 309 000c 054A     		ldr	r2, .L19
 310 000e 536B     		ldr	r3, [r2, #52]
 311 0010 23F08003 		bic	r3, r3, #128
 312 0014 5363     		str	r3, [r2, #52]
 127:Core/Src/usb_otg.c ****                           |USB_DP_Pin);
 313              		.loc 1 127 5 view .LVU90
 314 0016 4FF4F851 		mov	r1, #7936
 315 001a 0348     		ldr	r0, .L19+4
 316              	.LVL16:
 127:Core/Src/usb_otg.c ****                           |USB_DP_Pin);
 317              		.loc 1 127 5 is_stmt 0 view .LVU91
 318 001c FFF7FEFF 		bl	HAL_GPIO_DeInit
 319              	.LVL17:
 320              		.loc 1 134 1 view .LVU92
 321 0020 F3E7     		b	.L15
 322              	.L20:
 323 0022 00BF     		.align	2
 324              	.L19:
 325 0024 00380240 		.word	1073887232
 326 0028 00000240 		.word	1073872896
 327              		.cfi_endproc
 328              	.LFE143:
 330              		.global	hpcd_USB_OTG_FS
 331              		.section	.bss.hpcd_USB_OTG_FS,"aw",%nobits
 332              		.align	2
 333              		.set	.LANCHOR0,. + 0
 336              	hpcd_USB_OTG_FS:
 337 0000 00000000 		.space	1288
 337      00000000 
 337      00000000 
ARM GAS  /tmp/ccbj6Vlt.s 			page 10


 337      00000000 
 337      00000000 
 338              		.text
 339              	.Letext0:
 340              		.file 2 "/usr/share/gcc-arm-none-eabi-10.3-2021.10/arm-none-eabi/include/machine/_default_types.h"
 341              		.file 3 "/usr/share/gcc-arm-none-eabi-10.3-2021.10/arm-none-eabi/include/sys/_stdint.h"
 342              		.file 4 "Drivers/CMSIS/Device/ST/STM32F7xx/Include/stm32f746xx.h"
 343              		.file 5 "Drivers/CMSIS/Device/ST/STM32F7xx/Include/stm32f7xx.h"
 344              		.file 6 "Drivers/STM32F7xx_HAL_Driver/Inc/stm32f7xx_hal_def.h"
 345              		.file 7 "Drivers/STM32F7xx_HAL_Driver/Inc/stm32f7xx_hal_rcc_ex.h"
 346              		.file 8 "Drivers/STM32F7xx_HAL_Driver/Inc/stm32f7xx_hal_gpio.h"
 347              		.file 9 "Drivers/STM32F7xx_HAL_Driver/Inc/stm32f7xx_ll_usb.h"
 348              		.file 10 "Drivers/STM32F7xx_HAL_Driver/Inc/stm32f7xx_hal_pcd.h"
 349              		.file 11 "Core/Inc/main.h"
 350              		.file 12 "Core/Inc/usb_otg.h"
 351              		.file 13 "<built-in>"
ARM GAS  /tmp/ccbj6Vlt.s 			page 11


DEFINED SYMBOLS
                            *ABS*:0000000000000000 usb_otg.c
     /tmp/ccbj6Vlt.s:20     .text.MX_USB_OTG_FS_PCD_Init:0000000000000000 $t
     /tmp/ccbj6Vlt.s:26     .text.MX_USB_OTG_FS_PCD_Init:0000000000000000 MX_USB_OTG_FS_PCD_Init
     /tmp/ccbj6Vlt.s:92     .text.MX_USB_OTG_FS_PCD_Init:0000000000000034 $d
     /tmp/ccbj6Vlt.s:97     .text.HAL_PCD_MspInit:0000000000000000 $t
     /tmp/ccbj6Vlt.s:103    .text.HAL_PCD_MspInit:0000000000000000 HAL_PCD_MspInit
     /tmp/ccbj6Vlt.s:271    .text.HAL_PCD_MspInit:00000000000000a8 $d
     /tmp/ccbj6Vlt.s:277    .text.HAL_PCD_MspDeInit:0000000000000000 $t
     /tmp/ccbj6Vlt.s:283    .text.HAL_PCD_MspDeInit:0000000000000000 HAL_PCD_MspDeInit
     /tmp/ccbj6Vlt.s:325    .text.HAL_PCD_MspDeInit:0000000000000024 $d
     /tmp/ccbj6Vlt.s:336    .bss.hpcd_USB_OTG_FS:0000000000000000 hpcd_USB_OTG_FS
     /tmp/ccbj6Vlt.s:332    .bss.hpcd_USB_OTG_FS:0000000000000000 $d

UNDEFINED SYMBOLS
HAL_PCD_Init
Error_Handler
memset
HAL_RCCEx_PeriphCLKConfig
HAL_GPIO_Init
HAL_GPIO_DeInit
